<?xml version="1.0" encoding="UTF-8"?>
<coverage generated="1756284891321" clover="3.2.0">
  <project timestamp="1756284891321" name="All files">
    <metrics statements="2596" coveredstatements="2146" conditionals="837" coveredconditionals="724" methods="254" coveredmethods="208" elements="3687" coveredelements="3078" complexity="0" loc="2596" ncloc="2596" packages="3" files="30" classes="30"/>
    <package name="lib">
      <metrics statements="220" coveredstatements="195" conditionals="75" coveredconditionals="66" methods="16" coveredmethods="14"/>
      <file name="constants.ts" path="/Users/arnaudderbey/syncrostate/package/src/lib/constants.ts">
        <metrics statements="9" coveredstatements="9" conditionals="0" coveredconditionals="0" methods="0" coveredmethods="0"/>
        <line num="2" count="1" type="stmt"/>
        <line num="4" count="1" type="stmt"/>
        <line num="5" count="1" type="stmt"/>
        <line num="8" count="1" type="stmt"/>
        <line num="10" count="1" type="stmt"/>
        <line num="11" count="1" type="stmt"/>
        <line num="13" count="1" type="stmt"/>
        <line num="14" count="1" type="stmt"/>
        <line num="16" count="1" type="stmt"/>
      </file>
      <file name="index.ts" path="/Users/arnaudderbey/syncrostate/package/src/lib/index.ts">
        <metrics statements="3" coveredstatements="3" conditionals="0" coveredconditionals="0" methods="0" coveredmethods="0"/>
        <line num="1" count="1" type="stmt"/>
        <line num="2" count="1" type="stmt"/>
        <line num="3" count="1" type="stmt"/>
      </file>
      <file name="presence.svelte.ts" path="/Users/arnaudderbey/syncrostate/package/src/lib/presence.svelte.ts">
        <metrics statements="40" coveredstatements="27" conditionals="9" coveredconditionals="5" methods="5" coveredmethods="4"/>
        <line num="8" count="1" type="cond" truecount="1" falsecount="0"/>
        <line num="9" count="18" type="stmt"/>
        <line num="10" count="18" type="stmt"/>
        <line num="11" count="18" type="stmt"/>
        <line num="12" count="18" type="stmt"/>
        <line num="13" count="18" type="stmt"/>
        <line num="15" count="18" type="cond" truecount="1" falsecount="0"/>
        <line num="16" count="18" type="cond" truecount="0" falsecount="1"/>
        <line num="23" count="18" type="stmt"/>
        <line num="25" count="18" type="cond" truecount="1" falsecount="0"/>
        <line num="26" count="18" type="stmt"/>
        <line num="28" count="18" type="stmt"/>
        <line num="29" count="18" type="cond" truecount="1" falsecount="0"/>
        <line num="30" count="18" type="stmt"/>
        <line num="31" count="0" type="stmt"/>
        <line num="32" count="0" type="stmt"/>
        <line num="33" count="0" type="stmt"/>
        <line num="34" count="0" type="stmt"/>
        <line num="35" count="0" type="stmt"/>
        <line num="36" count="18" type="stmt"/>
        <line num="37" count="18" type="cond" truecount="1" falsecount="0"/>
        <line num="38" count="18" type="cond" truecount="0" falsecount="1"/>
        <line num="39" count="0" type="stmt"/>
        <line num="40" count="0" type="stmt"/>
        <line num="41" count="18" type="cond" truecount="0" falsecount="2"/>
        <line num="42" count="0" type="stmt"/>
        <line num="43" count="0" type="stmt"/>
        <line num="44" count="18" type="stmt"/>
        <line num="45" count="18" type="stmt"/>
        <line num="46" count="18" type="stmt"/>
        <line num="47" count="18" type="stmt"/>
        <line num="48" count="18" type="stmt"/>
        <line num="50" count="18" type="stmt"/>
        <line num="51" count="18" type="stmt"/>
        <line num="52" count="18" type="stmt"/>
        <line num="54" count="1" type="stmt"/>
        <line num="55" count="0" type="stmt"/>
        <line num="57" count="0" type="stmt"/>
        <line num="58" count="0" type="stmt"/>
        <line num="60" count="0" type="stmt"/>
      </file>
      <file name="utils.ts" path="/Users/arnaudderbey/syncrostate/package/src/lib/utils.ts">
        <metrics statements="168" coveredstatements="156" conditionals="66" coveredconditionals="61" methods="11" coveredmethods="10"/>
        <line num="1" count="1" type="stmt"/>
        <line num="3" count="1" type="stmt"/>
        <line num="5" count="1" type="stmt"/>
        <line num="7" count="1" type="stmt"/>
        <line num="8" count="1" type="stmt"/>
        <line num="10" count="1" type="cond" truecount="1" falsecount="0"/>
        <line num="11" count="176" type="stmt"/>
        <line num="12" count="176" type="stmt"/>
        <line num="13" count="176" type="stmt"/>
        <line num="14" count="176" type="stmt"/>
        <line num="18" count="176" type="stmt"/>
        <line num="19" count="176" type="cond" truecount="0" falsecount="1"/>
        <line num="20" count="176" type="cond" truecount="1" falsecount="0"/>
        <line num="21" count="176" type="stmt"/>
        <line num="22" count="176" type="cond" truecount="1" falsecount="0"/>
        <line num="23" count="176" type="stmt"/>
        <line num="25" count="1" type="cond" truecount="1" falsecount="0"/>
        <line num="26" count="353" type="stmt"/>
        <line num="27" count="353" type="cond" truecount="1" falsecount="0"/>
        <line num="28" count="333" type="cond" truecount="1" falsecount="0"/>
        <line num="29" count="307" type="cond" truecount="1" falsecount="0"/>
        <line num="30" count="292" type="cond" truecount="1" falsecount="0"/>
        <line num="31" count="282" type="stmt"/>
        <line num="32" count="353" type="cond" truecount="1" falsecount="0"/>
        <line num="33" count="80" type="stmt"/>
        <line num="34" count="80" type="cond" truecount="1" falsecount="0"/>
        <line num="35" count="353" type="cond" truecount="2" falsecount="1"/>
        <line num="37" count="353" type="stmt"/>
        <line num="38" count="353" type="cond" truecount="1" falsecount="0"/>
        <line num="39" count="70" type="cond" truecount="2" falsecount="0"/>
        <line num="40" count="5" type="stmt"/>
        <line num="41" count="5" type="stmt"/>
        <line num="42" count="65" type="stmt"/>
        <line num="43" count="65" type="cond" truecount="1" falsecount="0"/>
        <line num="44" count="203" type="stmt"/>
        <line num="45" count="203" type="stmt"/>
        <line num="47" count="203" type="stmt"/>
        <line num="48" count="203" type="stmt"/>
        <line num="49" count="353" type="stmt"/>
        <line num="51" count="1" type="cond" truecount="1" falsecount="0"/>
        <line num="52" count="346" type="stmt"/>
        <line num="53" count="346" type="stmt"/>
        <line num="54" count="346" type="stmt"/>
        <line num="55" count="346" type="stmt"/>
        <line num="56" count="346" type="stmt"/>
        <line num="57" count="346" type="stmt"/>
        <line num="63" count="346" type="stmt"/>
        <line num="64" count="346" type="stmt"/>
        <line num="65" count="346" type="stmt"/>
        <line num="66" count="346" type="stmt"/>
        <line num="67" count="346" type="stmt"/>
        <line num="69" count="346" type="cond" truecount="2" falsecount="0"/>
        <line num="70" count="346" type="cond" truecount="2" falsecount="0"/>
        <line num="72" count="346" type="cond" truecount="1" falsecount="0"/>
        <line num="73" count="275" type="cond" truecount="1" falsecount="0"/>
        <line num="74" count="42" type="stmt"/>
        <line num="75" count="275" type="cond" truecount="1" falsecount="0"/>
        <line num="76" count="233" type="stmt"/>
        <line num="77" count="233" type="stmt"/>
        <line num="78" count="233" type="stmt"/>
        <line num="79" count="275" type="stmt"/>
        <line num="80" count="275" type="stmt"/>
        <line num="82" count="346" type="cond" truecount="4" falsecount="0"/>
        <line num="83" count="275" type="stmt"/>
        <line num="84" count="275" type="cond" truecount="1" falsecount="0"/>
        <line num="86" count="346" type="cond" truecount="1" falsecount="1"/>
        <line num="87" count="0" type="stmt"/>
        <line num="88" count="197" type="cond" truecount="1" falsecount="0"/>
        <line num="89" count="71" type="stmt"/>
        <line num="90" count="71" type="stmt"/>
        <line num="91" count="346" type="stmt"/>
        <line num="93" count="1" type="cond" truecount="1" falsecount="0"/>
        <line num="94" count="346" type="stmt"/>
        <line num="95" count="346" type="cond" truecount="1" falsecount="0"/>
        <line num="96" count="346" type="cond" truecount="1" falsecount="0"/>
        <line num="97" count="346" type="cond" truecount="1" falsecount="0"/>
        <line num="98" count="50" type="stmt"/>
        <line num="99" count="346" type="cond" truecount="1" falsecount="0"/>
        <line num="100" count="346" type="cond" truecount="1" falsecount="0"/>
        <line num="101" count="30" type="stmt"/>
        <line num="102" count="346" type="cond" truecount="1" falsecount="0"/>
        <line num="103" count="266" type="stmt"/>
        <line num="104" count="346" type="stmt"/>
        <line num="105" count="346" type="stmt"/>
        <line num="107" count="1" type="cond" truecount="1" falsecount="0"/>
        <line num="108" count="250" type="stmt"/>
        <line num="109" count="250" type="stmt"/>
        <line num="110" count="250" type="stmt"/>
        <line num="111" count="250" type="stmt"/>
        <line num="113" count="1" type="stmt"/>
        <line num="115" count="0" type="stmt"/>
        <line num="116" count="0" type="stmt"/>
        <line num="119" count="1" type="cond" truecount="1" falsecount="0"/>
        <line num="120" count="485" type="cond" truecount="2" falsecount="0"/>
        <line num="121" count="434" type="stmt"/>
        <line num="122" count="434" type="cond" truecount="1" falsecount="0"/>
        <line num="123" count="237" type="stmt"/>
        <line num="124" count="237" type="stmt"/>
        <line num="125" count="434" type="cond" truecount="1" falsecount="0"/>
        <line num="126" count="248" type="stmt"/>
        <line num="127" count="248" type="stmt"/>
        <line num="129" count="1" type="cond" truecount="1" falsecount="0"/>
        <line num="130" count="3" type="cond" truecount="1" falsecount="0"/>
        <line num="131" count="3" type="cond" truecount="1" falsecount="0"/>
        <line num="132" count="3" type="stmt"/>
        <line num="133" count="3" type="stmt"/>
        <line num="134" count="3" type="stmt"/>
        <line num="135" count="3" type="stmt"/>
        <line num="136" count="3" type="stmt"/>
        <line num="137" count="3" type="stmt"/>
        <line num="138" count="3" type="stmt"/>
        <line num="139" count="3" type="stmt"/>
        <line num="140" count="3" type="stmt"/>
        <line num="142" count="1" type="cond" truecount="1" falsecount="0"/>
        <line num="143" count="35" type="stmt"/>
        <line num="144" count="35" type="cond" truecount="2" falsecount="0"/>
        <line num="146" count="35" type="stmt"/>
        <line num="148" count="1" type="cond" truecount="1" falsecount="0"/>
        <line num="150" count="49" type="stmt"/>
        <line num="151" count="49" type="stmt"/>
        <line num="152" count="49" type="stmt"/>
        <line num="153" count="49" type="cond" truecount="1" falsecount="0"/>
        <line num="154" count="5" type="cond" truecount="2" falsecount="0"/>
        <line num="155" count="2" type="stmt"/>
        <line num="156" count="2" type="stmt"/>
        <line num="157" count="2" type="stmt"/>
        <line num="159" count="3" type="stmt"/>
        <line num="160" count="3" type="cond" truecount="1" falsecount="0"/>
        <line num="161" count="5" type="cond" truecount="1" falsecount="0"/>
        <line num="162" count="2" type="stmt"/>
        <line num="163" count="2" type="stmt"/>
        <line num="164" count="5" type="cond" truecount="0" falsecount="1"/>
        <line num="165" count="0" type="stmt"/>
        <line num="166" count="0" type="stmt"/>
        <line num="167" count="0" type="stmt"/>
        <line num="168" count="0" type="stmt"/>
        <line num="169" count="0" type="stmt"/>
        <line num="170" count="0" type="stmt"/>
        <line num="171" count="5" type="cond" truecount="1" falsecount="0"/>
        <line num="172" count="3" type="cond" truecount="1" falsecount="0"/>
        <line num="173" count="5" type="cond" truecount="0" falsecount="1"/>
        <line num="174" count="0" type="stmt"/>
        <line num="175" count="0" type="stmt"/>
        <line num="176" count="0" type="stmt"/>
        <line num="177" count="5" type="stmt"/>
        <line num="178" count="5" type="stmt"/>
        <line num="179" count="5" type="stmt"/>
        <line num="180" count="5" type="stmt"/>
        <line num="181" count="5" type="stmt"/>
        <line num="182" count="5" type="stmt"/>
        <line num="183" count="5" type="stmt"/>
        <line num="184" count="5" type="stmt"/>
        <line num="185" count="5" type="stmt"/>
        <line num="186" count="5" type="stmt"/>
        <line num="187" count="5" type="stmt"/>
        <line num="188" count="5" type="stmt"/>
        <line num="189" count="3" type="stmt"/>
        <line num="190" count="3" type="stmt"/>
        <line num="192" count="5" type="cond" truecount="1" falsecount="0"/>
        <line num="193" count="1" type="stmt"/>
        <line num="194" count="1" type="stmt"/>
        <line num="195" count="1" type="cond" truecount="1" falsecount="0"/>
        <line num="196" count="1" type="cond" truecount="1" falsecount="0"/>
        <line num="197" count="2" type="stmt"/>
        <line num="198" count="1" type="stmt"/>
        <line num="199" count="1" type="stmt"/>
        <line num="200" count="5" type="stmt"/>
        <line num="201" count="49" type="stmt"/>
      </file>
    </package>
    <package name="lib.proxys">
      <metrics statements="1583" coveredstatements="1314" conditionals="437" coveredconditionals="378" methods="126" coveredmethods="101"/>
      <file name="array.svelte.ts" path="/Users/arnaudderbey/syncrostate/package/src/lib/proxys/array.svelte.ts">
        <metrics statements="358" coveredstatements="245" conditionals="88" coveredconditionals="74" methods="33" coveredmethods="19"/>
        <line num="9" count="1" type="cond" truecount="1" falsecount="0"/>
        <line num="10" count="20" type="stmt"/>
        <line num="11" count="20" type="stmt"/>
        <line num="12" count="20" type="stmt"/>
        <line num="13" count="20" type="stmt"/>
        <line num="14" count="20" type="stmt"/>
        <line num="15" count="20" type="stmt"/>
        <line num="16" count="20" type="stmt"/>
        <line num="17" count="20" type="stmt"/>
        <line num="23" count="20" type="cond" truecount="1" falsecount="0"/>
        <line num="24" count="71" type="cond" truecount="1" falsecount="0"/>
        <line num="25" count="71" type="stmt"/>
        <line num="26" count="20" type="cond" truecount="1" falsecount="0"/>
        <line num="27" count="6" type="stmt"/>
        <line num="28" count="6" type="stmt"/>
        <line num="29" count="6" type="stmt"/>
        <line num="30" count="6" type="stmt"/>
        <line num="33" count="20" type="stmt"/>
        <line num="34" count="0" type="stmt"/>
        <line num="35" count="0" type="stmt"/>
        <line num="36" count="0" type="stmt"/>
        <line num="37" count="0" type="stmt"/>
        <line num="39" count="0" type="stmt"/>
        <line num="40" count="0" type="stmt"/>
        <line num="41" count="0" type="stmt"/>
        <line num="42" count="0" type="stmt"/>
        <line num="43" count="0" type="stmt"/>
        <line num="44" count="0" type="stmt"/>
        <line num="45" count="0" type="stmt"/>
        <line num="46" count="0" type="stmt"/>
        <line num="47" count="0" type="stmt"/>
        <line num="48" count="0" type="stmt"/>
        <line num="49" count="0" type="stmt"/>
        <line num="50" count="0" type="stmt"/>
        <line num="52" count="20" type="cond" truecount="1" falsecount="0"/>
        <line num="53" count="88" type="stmt"/>
        <line num="54" count="88" type="cond" truecount="1" falsecount="0"/>
        <line num="55" count="28" type="stmt"/>
        <line num="56" count="88" type="cond" truecount="1" falsecount="0"/>
        <line num="57" count="60" type="cond" truecount="1" falsecount="0"/>
        <line num="58" count="60" type="cond" truecount="1" falsecount="0"/>
        <line num="59" count="5" type="cond" truecount="0" falsecount="1"/>
        <line num="60" count="0" type="stmt"/>
        <line num="61" count="5" type="stmt"/>
        <line num="62" count="5" type="stmt"/>
        <line num="63" count="5" type="stmt"/>
        <line num="64" count="60" type="cond" truecount="1" falsecount="0"/>
        <line num="65" count="55" type="cond" truecount="1" falsecount="0"/>
        <line num="66" count="5" type="stmt"/>
        <line num="67" count="5" type="stmt"/>
        <line num="68" count="5" type="stmt"/>
        <line num="69" count="55" type="stmt"/>
        <line num="70" count="55" type="stmt"/>
        <line num="71" count="55" type="cond" truecount="1" falsecount="0"/>
        <line num="72" count="8" type="stmt"/>
        <line num="73" count="55" type="stmt"/>
        <line num="74" count="55" type="cond" truecount="1" falsecount="0"/>
        <line num="75" count="8" type="stmt"/>
        <line num="76" count="8" type="stmt"/>
        <line num="77" count="55" type="stmt"/>
        <line num="78" count="55" type="cond" truecount="1" falsecount="0"/>
        <line num="79" count="68" type="stmt"/>
        <line num="81" count="68" type="cond" truecount="2" falsecount="0"/>
        <line num="82" count="52" type="stmt"/>
        <line num="83" count="52" type="stmt"/>
        <line num="84" count="67" type="cond" truecount="1" falsecount="0"/>
        <line num="85" count="16" type="stmt"/>
        <line num="86" count="16" type="stmt"/>
        <line num="87" count="16" type="stmt"/>
        <line num="88" count="16" type="stmt"/>
        <line num="89" count="16" type="stmt"/>
        <line num="90" count="16" type="stmt"/>
        <line num="91" count="16" type="stmt"/>
        <line num="93" count="16" type="stmt"/>
        <line num="94" count="55" type="stmt"/>
        <line num="95" count="55" type="stmt"/>
        <line num="96" count="60" type="stmt"/>
        <line num="97" count="60" type="stmt"/>
        <line num="98" count="88" type="stmt"/>
        <line num="99" count="20" type="cond" truecount="1" falsecount="0"/>
        <line num="100" count="69" type="cond" truecount="2" falsecount="0"/>
        <line num="101" count="7" type="stmt"/>
        <line num="102" count="7" type="cond" truecount="1" falsecount="0"/>
        <line num="103" count="62" type="stmt"/>
        <line num="104" count="62" type="stmt"/>
        <line num="106" count="20" type="cond" truecount="1" falsecount="0"/>
        <line num="107" count="20" type="stmt"/>
        <line num="108" count="20" type="stmt"/>
        <line num="109" count="20" type="stmt"/>
        <line num="110" count="20" type="stmt"/>
        <line num="111" count="20" type="stmt"/>
        <line num="112" count="20" type="stmt"/>
        <line num="120" count="20" type="stmt"/>
        <line num="121" count="20" type="stmt"/>
        <line num="122" count="20" type="stmt"/>
        <line num="123" count="20" type="stmt"/>
        <line num="124" count="20" type="stmt"/>
        <line num="125" count="20" type="stmt"/>
        <line num="126" count="20" type="stmt"/>
        <line num="128" count="20" type="stmt"/>
        <line num="129" count="20" type="cond" truecount="1" falsecount="0"/>
        <line num="130" count="241" type="cond" truecount="0" falsecount="1"/>
        <line num="131" count="0" type="stmt"/>
        <line num="132" count="0" type="stmt"/>
        <line num="133" count="241" type="cond" truecount="0" falsecount="1"/>
        <line num="134" count="0" type="stmt"/>
        <line num="135" count="0" type="stmt"/>
        <line num="136" count="241" type="cond" truecount="0" falsecount="1"/>
        <line num="137" count="0" type="stmt"/>
        <line num="138" count="0" type="stmt"/>
        <line num="139" count="241" type="stmt"/>
        <line num="140" count="241" type="cond" truecount="2" falsecount="0"/>
        <line num="141" count="123" type="stmt"/>
        <line num="142" count="123" type="cond" truecount="0" falsecount="1"/>
        <line num="143" count="0" type="stmt"/>
        <line num="144" count="0" type="stmt"/>
        <line num="145" count="123" type="stmt"/>
        <line num="146" count="125" type="cond" truecount="2" falsecount="0"/>
        <line num="147" count="67" type="cond" truecount="1" falsecount="0"/>
        <line num="148" count="7" type="stmt"/>
        <line num="149" count="7" type="cond" truecount="1" falsecount="0"/>
        <line num="151" count="67" type="cond" truecount="0" falsecount="1"/>
        <line num="152" count="0" type="stmt"/>
        <line num="153" count="0" type="cond" truecount="1" falsecount="0"/>
        <line num="155" count="67" type="cond" truecount="0" falsecount="1"/>
        <line num="156" count="0" type="stmt"/>
        <line num="157" count="0" type="cond" truecount="1" falsecount="0"/>
        <line num="159" count="60" type="stmt"/>
        <line num="160" count="60" type="stmt"/>
        <line num="161" count="60" type="stmt"/>
        <line num="162" count="118" type="cond" truecount="2" falsecount="0"/>
        <line num="163" count="43" type="stmt"/>
        <line num="164" count="51" type="cond" truecount="1" falsecount="0"/>
        <line num="165" count="8" type="stmt"/>
        <line num="166" count="8" type="stmt"/>
        <line num="167" count="8" type="cond" truecount="0" falsecount="1"/>
        <line num="168" count="0" type="stmt"/>
        <line num="169" count="0" type="stmt"/>
        <line num="171" count="20" type="stmt"/>
        <line num="172" count="0" type="stmt"/>
        <line num="173" count="0" type="stmt"/>
        <line num="174" count="0" type="stmt"/>
        <line num="175" count="0" type="stmt"/>
        <line num="176" count="0" type="stmt"/>
        <line num="178" count="0" type="stmt"/>
        <line num="180" count="0" type="stmt"/>
        <line num="181" count="0" type="stmt"/>
        <line num="182" count="0" type="stmt"/>
        <line num="183" count="0" type="stmt"/>
        <line num="184" count="0" type="stmt"/>
        <line num="185" count="0" type="stmt"/>
        <line num="186" count="0" type="stmt"/>
        <line num="187" count="0" type="stmt"/>
        <line num="189" count="0" type="stmt"/>
        <line num="190" count="0" type="stmt"/>
        <line num="191" count="0" type="stmt"/>
        <line num="192" count="0" type="stmt"/>
        <line num="193" count="0" type="stmt"/>
        <line num="194" count="0" type="stmt"/>
        <line num="195" count="0" type="stmt"/>
        <line num="196" count="20" type="stmt"/>
        <line num="197" count="20" type="cond" truecount="1" falsecount="0"/>
        <line num="198" count="87" type="stmt"/>
        <line num="199" count="87" type="stmt"/>
        <line num="201" count="87" type="stmt"/>
        <line num="202" count="87" type="cond" truecount="0" falsecount="1"/>
        <line num="203" count="87" type="cond" truecount="0" falsecount="1"/>
        <line num="204" count="0" type="stmt"/>
        <line num="205" count="0" type="stmt"/>
        <line num="206" count="0" type="stmt"/>
        <line num="207" count="0" type="stmt"/>
        <line num="208" count="87" type="stmt"/>
        <line num="210" count="20" type="cond" truecount="1" falsecount="0"/>
        <line num="211" count="157" type="stmt"/>
        <line num="212" count="157" type="cond" truecount="1" falsecount="0"/>
        <line num="214" count="43" type="stmt"/>
        <line num="215" count="43" type="stmt"/>
        <line num="216" count="43" type="stmt"/>
        <line num="218" count="43" type="cond" truecount="1" falsecount="0"/>
        <line num="219" count="157" type="cond" truecount="2" falsecount="0"/>
        <line num="221" count="114" type="stmt"/>
        <line num="222" count="114" type="stmt"/>
        <line num="223" count="114" type="stmt"/>
        <line num="225" count="114" type="cond" truecount="0" falsecount="1"/>
        <line num="226" count="0" type="stmt"/>
        <line num="227" count="0" type="stmt"/>
        <line num="228" count="20" type="cond" truecount="1" falsecount="0"/>
        <line num="229" count="86" type="stmt"/>
        <line num="230" count="86" type="cond" truecount="1" falsecount="0"/>
        <line num="231" count="114" type="stmt"/>
        <line num="232" count="114" type="stmt"/>
        <line num="233" count="86" type="stmt"/>
        <line num="234" count="86" type="stmt"/>
        <line num="235" count="86" type="stmt"/>
        <line num="238" count="20" type="stmt"/>
        <line num="239" count="20" type="stmt"/>
        <line num="241" count="20" type="stmt"/>
        <line num="242" count="0" type="stmt"/>
        <line num="243" count="0" type="stmt"/>
        <line num="245" count="20" type="cond" truecount="1" falsecount="0"/>
        <line num="246" count="20" type="cond" truecount="1" falsecount="0"/>
        <line num="247" count="20" type="stmt"/>
        <line num="248" count="20" type="cond" truecount="0" falsecount="1"/>
        <line num="249" count="0" type="stmt"/>
        <line num="251" count="0" type="stmt"/>
        <line num="253" count="20" type="cond" truecount="3" falsecount="0"/>
        <line num="254" count="11" type="cond" truecount="3" falsecount="0"/>
        <line num="255" count="10" type="stmt"/>
        <line num="256" count="10" type="stmt"/>
        <line num="257" count="10" type="stmt"/>
        <line num="258" count="10" type="stmt"/>
        <line num="259" count="10" type="cond" truecount="3" falsecount="0"/>
        <line num="260" count="10" type="stmt"/>
        <line num="262" count="10" type="stmt"/>
        <line num="263" count="12" type="cond" truecount="1" falsecount="0"/>
        <line num="264" count="9" type="cond" truecount="1" falsecount="0"/>
        <line num="265" count="6" type="cond" truecount="1" falsecount="0"/>
        <line num="266" count="6" type="stmt"/>
        <line num="267" count="6" type="stmt"/>
        <line num="268" count="6" type="stmt"/>
        <line num="269" count="6" type="stmt"/>
        <line num="270" count="6" type="stmt"/>
        <line num="271" count="6" type="stmt"/>
        <line num="273" count="6" type="stmt"/>
        <line num="274" count="9" type="cond" truecount="3" falsecount="0"/>
        <line num="275" count="1" type="stmt"/>
        <line num="276" count="1" type="stmt"/>
        <line num="277" count="9" type="stmt"/>
        <line num="278" count="20" type="stmt"/>
        <line num="279" count="20" type="stmt"/>
        <line num="281" count="20" type="stmt"/>
        <line num="283" count="20" type="stmt"/>
        <line num="284" count="20" type="cond" truecount="1" falsecount="0"/>
        <line num="285" count="1" type="stmt"/>
        <line num="286" count="1" type="stmt"/>
        <line num="287" count="20" type="stmt"/>
        <line num="288" count="0" type="stmt"/>
        <line num="289" count="0" type="stmt"/>
        <line num="290" count="20" type="stmt"/>
        <line num="291" count="0" type="stmt"/>
        <line num="292" count="0" type="stmt"/>
        <line num="293" count="20" type="stmt"/>
        <line num="294" count="0" type="stmt"/>
        <line num="295" count="0" type="stmt"/>
        <line num="296" count="20" type="cond" truecount="1" falsecount="0"/>
        <line num="297" count="1" type="stmt"/>
        <line num="298" count="1" type="stmt"/>
        <line num="299" count="20" type="stmt"/>
        <line num="300" count="0" type="stmt"/>
        <line num="301" count="0" type="stmt"/>
        <line num="302" count="20" type="stmt"/>
        <line num="303" count="0" type="stmt"/>
        <line num="304" count="0" type="stmt"/>
        <line num="305" count="20" type="stmt"/>
        <line num="306" count="0" type="stmt"/>
        <line num="307" count="0" type="stmt"/>
        <line num="308" count="20" type="stmt"/>
        <line num="309" count="0" type="stmt"/>
        <line num="310" count="0" type="stmt"/>
        <line num="311" count="20" type="cond" truecount="1" falsecount="0"/>
        <line num="312" count="1" type="stmt"/>
        <line num="313" count="1" type="stmt"/>
        <line num="314" count="20" type="stmt"/>
        <line num="315" count="0" type="stmt"/>
        <line num="316" count="0" type="stmt"/>
        <line num="317" count="0" type="stmt"/>
        <line num="318" count="0" type="stmt"/>
        <line num="319" count="0" type="stmt"/>
        <line num="320" count="20" type="stmt"/>
        <line num="321" count="0" type="stmt"/>
        <line num="322" count="0" type="stmt"/>
        <line num="323" count="20" type="stmt"/>
        <line num="324" count="0" type="stmt"/>
        <line num="325" count="0" type="stmt"/>
        <line num="330" count="20" type="cond" truecount="1" falsecount="0"/>
        <line num="331" count="1" type="cond" truecount="0" falsecount="1"/>
        <line num="332" count="0" type="stmt"/>
        <line num="333" count="0" type="stmt"/>
        <line num="334" count="1" type="stmt"/>
        <line num="335" count="1" type="cond" truecount="1" falsecount="0"/>
        <line num="336" count="1" type="stmt"/>
        <line num="337" count="1" type="stmt"/>
        <line num="338" count="1" type="stmt"/>
        <line num="339" count="1" type="stmt"/>
        <line num="340" count="1" type="stmt"/>
        <line num="341" count="20" type="cond" truecount="1" falsecount="0"/>
        <line num="342" count="1" type="cond" truecount="0" falsecount="1"/>
        <line num="343" count="0" type="stmt"/>
        <line num="344" count="0" type="stmt"/>
        <line num="345" count="1" type="stmt"/>
        <line num="346" count="1" type="cond" truecount="1" falsecount="0"/>
        <line num="347" count="1" type="stmt"/>
        <line num="348" count="1" type="stmt"/>
        <line num="349" count="1" type="stmt"/>
        <line num="350" count="1" type="stmt"/>
        <line num="351" count="1" type="stmt"/>
        <line num="352" count="20" type="cond" truecount="1" falsecount="0"/>
        <line num="353" count="1" type="stmt"/>
        <line num="354" count="1" type="cond" truecount="1" falsecount="0"/>
        <line num="355" count="1" type="stmt"/>
        <line num="356" count="1" type="cond" truecount="1" falsecount="0"/>
        <line num="357" count="1" type="stmt"/>
        <line num="358" count="1" type="stmt"/>
        <line num="359" count="1" type="stmt"/>
        <line num="360" count="1" type="stmt"/>
        <line num="361" count="1" type="stmt"/>
        <line num="362" count="1" type="stmt"/>
        <line num="363" count="1" type="stmt"/>
        <line num="365" count="1" type="stmt"/>
        <line num="367" count="1" type="stmt"/>
        <line num="368" count="1" type="stmt"/>
        <line num="369" count="1" type="stmt"/>
        <line num="370" count="20" type="cond" truecount="1" falsecount="0"/>
        <line num="371" count="1" type="cond" truecount="1" falsecount="0"/>
        <line num="372" count="1" type="stmt"/>
        <line num="373" count="1" type="cond" truecount="1" falsecount="0"/>
        <line num="374" count="1" type="stmt"/>
        <line num="375" count="1" type="stmt"/>
        <line num="376" count="1" type="stmt"/>
        <line num="377" count="1" type="stmt"/>
        <line num="378" count="1" type="stmt"/>
        <line num="379" count="1" type="stmt"/>
        <line num="381" count="1" type="stmt"/>
        <line num="383" count="1" type="stmt"/>
        <line num="384" count="1" type="stmt"/>
        <line num="385" count="20" type="stmt"/>
        <line num="386" count="0" type="stmt"/>
        <line num="387" count="0" type="stmt"/>
        <line num="388" count="0" type="stmt"/>
        <line num="389" count="0" type="stmt"/>
        <line num="390" count="0" type="stmt"/>
        <line num="391" count="0" type="stmt"/>
        <line num="392" count="0" type="stmt"/>
        <line num="393" count="0" type="stmt"/>
        <line num="394" count="0" type="stmt"/>
        <line num="395" count="0" type="stmt"/>
        <line num="396" count="0" type="stmt"/>
        <line num="398" count="0" type="stmt"/>
        <line num="399" count="0" type="stmt"/>
        <line num="400" count="0" type="stmt"/>
        <line num="401" count="0" type="stmt"/>
        <line num="402" count="0" type="stmt"/>
        <line num="403" count="0" type="stmt"/>
        <line num="404" count="0" type="stmt"/>
        <line num="405" count="0" type="stmt"/>
        <line num="406" count="0" type="stmt"/>
        <line num="407" count="0" type="stmt"/>
        <line num="408" count="0" type="stmt"/>
        <line num="410" count="0" type="stmt"/>
        <line num="411" count="0" type="stmt"/>
        <line num="414" count="20" type="cond" truecount="1" falsecount="0"/>
        <line num="415" count="13" type="cond" truecount="1" falsecount="0"/>
        <line num="416" count="14" type="stmt"/>
        <line num="417" count="13" type="stmt"/>
        <line num="418" count="13" type="stmt"/>
        <line num="419" count="13" type="stmt"/>
        <line num="420" count="13" type="stmt"/>
        <line num="421" count="20" type="stmt"/>
      </file>
      <file name="base.svelte.ts" path="/Users/arnaudderbey/syncrostate/package/src/lib/proxys/base.svelte.ts">
        <metrics statements="39" coveredstatements="37" conditionals="13" coveredconditionals="12" methods="6" coveredmethods="5"/>
        <line num="8" count="1" type="cond" truecount="1" falsecount="0"/>
        <line num="9" count="266" type="stmt"/>
        <line num="10" count="266" type="stmt"/>
        <line num="11" count="266" type="stmt"/>
        <line num="12" count="266" type="stmt"/>
        <line num="13" count="266" type="stmt"/>
        <line num="14" count="266" type="stmt"/>
        <line num="15" count="266" type="cond" truecount="1" falsecount="0"/>
        <line num="20" count="266" type="stmt"/>
        <line num="21" count="266" type="stmt"/>
        <line num="22" count="266" type="stmt"/>
        <line num="23" count="266" type="stmt"/>
        <line num="24" count="266" type="stmt"/>
        <line num="25" count="266" type="stmt"/>
        <line num="26" count="266" type="stmt"/>
        <line num="27" count="266" type="stmt"/>
        <line num="29" count="266" type="stmt"/>
        <line num="30" count="0" type="stmt"/>
        <line num="31" count="0" type="stmt"/>
        <line num="33" count="266" type="cond" truecount="1" falsecount="0"/>
        <line num="34" count="324" type="cond" truecount="1" falsecount="0"/>
        <line num="35" count="39" type="stmt"/>
        <line num="36" count="39" type="cond" truecount="1" falsecount="0"/>
        <line num="37" count="39" type="stmt"/>
        <line num="38" count="324" type="stmt"/>
        <line num="40" count="266" type="cond" truecount="1" falsecount="0"/>
        <line num="41" count="164" type="stmt"/>
        <line num="42" count="164" type="stmt"/>
        <line num="44" count="266" type="cond" truecount="1" falsecount="0"/>
        <line num="45" count="497" type="cond" truecount="1" falsecount="0"/>
        <line num="46" count="294" type="stmt"/>
        <line num="47" count="294" type="stmt"/>
        <line num="48" count="294" type="cond" truecount="1" falsecount="0"/>
        <line num="49" count="294" type="stmt"/>
        <line num="50" count="294" type="cond" truecount="3" falsecount="1"/>
        <line num="52" count="294" type="stmt"/>
        <line num="53" count="294" type="stmt"/>
        <line num="54" count="497" type="stmt"/>
        <line num="55" count="266" type="stmt"/>
      </file>
      <file name="boolean.svelte.ts" path="/Users/arnaudderbey/syncrostate/package/src/lib/proxys/boolean.svelte.ts">
        <metrics statements="28" coveredstatements="25" conditionals="14" coveredconditionals="12" methods="4" coveredmethods="4"/>
        <line num="10" count="1" type="cond" truecount="1" falsecount="0"/>
        <line num="11" count="16" type="stmt"/>
        <line num="13" count="16" type="cond" truecount="1" falsecount="0"/>
        <line num="14" count="58" type="stmt"/>
        <line num="15" count="58" type="cond" truecount="2" falsecount="0"/>
        <line num="16" count="1" type="stmt"/>
        <line num="17" count="1" type="cond" truecount="1" falsecount="0"/>
        <line num="18" count="58" type="cond" truecount="1" falsecount="1"/>
        <line num="19" count="0" type="stmt"/>
        <line num="20" count="0" type="cond" truecount="1" falsecount="0"/>
        <line num="21" count="57" type="stmt"/>
        <line num="22" count="57" type="stmt"/>
        <line num="24" count="16" type="cond" truecount="1" falsecount="0"/>
        <line num="25" count="85" type="cond" truecount="1" falsecount="0"/>
        <line num="26" count="28" type="stmt"/>
        <line num="28" count="28" type="cond" truecount="1" falsecount="0"/>
        <line num="29" count="85" type="cond" truecount="0" falsecount="1"/>
        <line num="30" count="0" type="stmt"/>
        <line num="31" count="85" type="cond" truecount="1" falsecount="0"/>
        <line num="32" count="57" type="stmt"/>
        <line num="33" count="57" type="stmt"/>
        <line num="34" count="85" type="stmt"/>
        <line num="36" count="16" type="cond" truecount="1" falsecount="0"/>
        <line num="42" count="16" type="stmt"/>
        <line num="43" count="16" type="stmt"/>
        <line num="44" count="16" type="stmt"/>
        <line num="45" count="16" type="stmt"/>
        <line num="46" count="16" type="stmt"/>
      </file>
      <file name="date.svelte.ts" path="/Users/arnaudderbey/syncrostate/package/src/lib/proxys/date.svelte.ts">
        <metrics statements="70" coveredstatements="65" conditionals="33" coveredconditionals="30" methods="8" coveredmethods="8"/>
        <line num="11" count="1" type="cond" truecount="1" falsecount="0"/>
        <line num="12" count="14" type="stmt"/>
        <line num="13" count="14" type="stmt"/>
        <line num="14" count="14" type="cond" truecount="1" falsecount="0"/>
        <line num="15" count="355" type="stmt"/>
        <line num="16" count="355" type="stmt"/>
        <line num="17" count="355" type="cond" truecount="1" falsecount="0"/>
        <line num="18" count="355" type="stmt"/>
        <line num="19" count="355" type="cond" truecount="1" falsecount="0"/>
        <line num="20" count="99" type="stmt"/>
        <line num="21" count="99" type="stmt"/>
        <line num="22" count="355" type="stmt"/>
        <line num="23" count="355" type="stmt"/>
        <line num="24" count="355" type="cond" truecount="0" falsecount="1"/>
        <line num="25" count="0" type="stmt"/>
        <line num="26" count="0" type="stmt"/>
        <line num="27" count="355" type="stmt"/>
        <line num="29" count="14" type="stmt"/>
        <line num="31" count="1" type="cond" truecount="1" falsecount="0"/>
        <line num="32" count="14" type="stmt"/>
        <line num="34" count="14" type="cond" truecount="1" falsecount="0"/>
        <line num="35" count="99" type="stmt"/>
        <line num="36" count="99" type="stmt"/>
        <line num="37" count="99" type="cond" truecount="2" falsecount="0"/>
        <line num="38" count="18" type="stmt"/>
        <line num="39" count="18" type="stmt"/>
        <line num="40" count="14" type="stmt"/>
        <line num="42" count="14" type="cond" truecount="1" falsecount="0"/>
        <line num="43" count="84" type="cond" truecount="3" falsecount="0"/>
        <line num="44" count="84" type="cond" truecount="2" falsecount="0"/>
        <line num="45" count="1" type="stmt"/>
        <line num="46" count="1" type="cond" truecount="1" falsecount="0"/>
        <line num="47" count="84" type="cond" truecount="1" falsecount="1"/>
        <line num="48" count="0" type="stmt"/>
        <line num="49" count="0" type="cond" truecount="1" falsecount="0"/>
        <line num="50" count="83" type="stmt"/>
        <line num="51" count="83" type="stmt"/>
        <line num="53" count="14" type="cond" truecount="1" falsecount="0"/>
        <line num="54" count="94" type="stmt"/>
        <line num="55" count="94" type="cond" truecount="1" falsecount="0"/>
        <line num="56" count="28" type="stmt"/>
        <line num="58" count="28" type="cond" truecount="1" falsecount="0"/>
        <line num="59" count="94" type="cond" truecount="3" falsecount="0"/>
        <line num="60" count="61" type="stmt"/>
        <line num="61" count="61" type="stmt"/>
        <line num="62" count="93" type="cond" truecount="1" falsecount="0"/>
        <line num="63" count="5" type="cond" truecount="0" falsecount="1"/>
        <line num="64" count="0" type="stmt"/>
        <line num="65" count="5" type="stmt"/>
        <line num="66" count="5" type="stmt"/>
        <line num="67" count="5" type="stmt"/>
        <line num="68" count="5" type="stmt"/>
        <line num="69" count="5" type="stmt"/>
        <line num="70" count="94" type="stmt"/>
        <line num="72" count="14" type="cond" truecount="1" falsecount="0"/>
        <line num="73" count="16" type="stmt"/>
        <line num="74" count="16" type="cond" truecount="1" falsecount="0"/>
        <line num="75" count="15" type="cond" truecount="2" falsecount="0"/>
        <line num="76" count="15" type="stmt"/>
        <line num="77" count="16" type="stmt"/>
        <line num="79" count="14" type="cond" truecount="1" falsecount="0"/>
        <line num="80" count="2" type="stmt"/>
        <line num="81" count="2" type="stmt"/>
        <line num="83" count="14" type="cond" truecount="1" falsecount="0"/>
        <line num="89" count="14" type="stmt"/>
        <line num="90" count="14" type="stmt"/>
        <line num="91" count="14" type="stmt"/>
        <line num="92" count="14" type="stmt"/>
        <line num="93" count="14" type="stmt"/>
        <line num="94" count="14" type="stmt"/>
      </file>
      <file name="discriminatedUnion.svelte.ts" path="/Users/arnaudderbey/syncrostate/package/src/lib/proxys/discriminatedUnion.svelte.ts">
        <metrics statements="149" coveredstatements="137" conditionals="40" coveredconditionals="37" methods="16" coveredmethods="12"/>
        <line num="11" count="1" type="cond" truecount="1" falsecount="0"/>
        <line num="12" count="21" type="stmt"/>
        <line num="13" count="21" type="stmt"/>
        <line num="14" count="21" type="stmt"/>
        <line num="15" count="21" type="stmt"/>
        <line num="16" count="21" type="stmt"/>
        <line num="18" count="21" type="cond" truecount="1" falsecount="0"/>
        <line num="19" count="13" type="cond" truecount="1" falsecount="0"/>
        <line num="20" count="13" type="stmt"/>
        <line num="22" count="21" type="stmt"/>
        <line num="23" count="0" type="stmt"/>
        <line num="24" count="0" type="stmt"/>
        <line num="26" count="21" type="cond" truecount="1" falsecount="0"/>
        <line num="27" count="1" type="cond" truecount="0" falsecount="1"/>
        <line num="28" count="1" type="stmt"/>
        <line num="29" count="21" type="cond" truecount="1" falsecount="0"/>
        <line num="30" count="2" type="stmt"/>
        <line num="31" count="2" type="stmt"/>
        <line num="33" count="21" type="cond" truecount="1" falsecount="0"/>
        <line num="34" count="23" type="stmt"/>
        <line num="36" count="23" type="cond" truecount="2" falsecount="0"/>
        <line num="37" count="1" type="stmt"/>
        <line num="39" count="1" type="stmt"/>
        <line num="40" count="23" type="cond" truecount="1" falsecount="0"/>
        <line num="41" count="4" type="cond" truecount="1" falsecount="0"/>
        <line num="45" count="4" type="cond" truecount="0" falsecount="1"/>
        <line num="46" count="0" type="stmt"/>
        <line num="47" count="4" type="stmt"/>
        <line num="48" count="4" type="stmt"/>
        <line num="49" count="4" type="stmt"/>
        <line num="50" count="4" type="stmt"/>
        <line num="51" count="23" type="cond" truecount="1" falsecount="0"/>
        <line num="52" count="18" type="stmt"/>
        <line num="53" count="18" type="stmt"/>
        <line num="54" count="18" type="stmt"/>
        <line num="55" count="18" type="stmt"/>
        <line num="56" count="18" type="cond" truecount="1" falsecount="0"/>
        <line num="57" count="18" type="stmt"/>
        <line num="58" count="18" type="stmt"/>
        <line num="59" count="18" type="stmt"/>
        <line num="61" count="18" type="stmt"/>
        <line num="62" count="18" type="stmt"/>
        <line num="63" count="23" type="stmt"/>
        <line num="65" count="21" type="cond" truecount="1" falsecount="0"/>
        <line num="66" count="64" type="stmt"/>
        <line num="67" count="64" type="stmt"/>
        <line num="70" count="21" type="stmt"/>
        <line num="71" count="0" type="stmt"/>
        <line num="72" count="0" type="stmt"/>
        <line num="74" count="21" type="stmt"/>
        <line num="75" count="0" type="stmt"/>
        <line num="76" count="0" type="stmt"/>
        <line num="79" count="21" type="cond" truecount="1" falsecount="0"/>
        <line num="80" count="27" type="cond" truecount="1" falsecount="0"/>
        <line num="81" count="46" type="stmt"/>
        <line num="82" count="46" type="cond" truecount="1" falsecount="0"/>
        <line num="83" count="23" type="stmt"/>
        <line num="84" count="23" type="stmt"/>
        <line num="85" count="46" type="cond" truecount="1" falsecount="0"/>
        <line num="86" count="4" type="stmt"/>
        <line num="87" count="4" type="stmt"/>
        <line num="89" count="21" type="cond" truecount="1" falsecount="0"/>
        <line num="90" count="26" type="cond" truecount="1" falsecount="0"/>
        <line num="92" count="3" type="cond" truecount="1" falsecount="0"/>
        <line num="93" count="23" type="stmt"/>
        <line num="94" count="23" type="stmt"/>
        <line num="95" count="23" type="stmt"/>
        <line num="96" count="23" type="stmt"/>
        <line num="97" count="26" type="stmt"/>
        <line num="99" count="21" type="cond" truecount="1" falsecount="0"/>
        <line num="100" count="21" type="stmt"/>
        <line num="101" count="21" type="stmt"/>
        <line num="102" count="21" type="stmt"/>
        <line num="103" count="21" type="stmt"/>
        <line num="104" count="21" type="stmt"/>
        <line num="105" count="21" type="stmt"/>
        <line num="106" count="21" type="stmt"/>
        <line num="107" count="21" type="stmt"/>
        <line num="117" count="21" type="stmt"/>
        <line num="118" count="21" type="stmt"/>
        <line num="119" count="21" type="stmt"/>
        <line num="120" count="21" type="stmt"/>
        <line num="121" count="21" type="stmt"/>
        <line num="123" count="21" type="stmt"/>
        <line num="125" count="21" type="cond" truecount="1" falsecount="0"/>
        <line num="126" count="12" type="cond" truecount="2" falsecount="0"/>
        <line num="127" count="4" type="stmt"/>
        <line num="128" count="4" type="stmt"/>
        <line num="129" count="11" type="cond" truecount="1" falsecount="1"/>
        <line num="130" count="0" type="stmt"/>
        <line num="131" count="0" type="stmt"/>
        <line num="132" count="0" type="stmt"/>
        <line num="138" count="21" type="stmt"/>
        <line num="139" count="21" type="stmt"/>
        <line num="140" count="21" type="stmt"/>
        <line num="141" count="21" type="stmt"/>
        <line num="142" count="21" type="stmt"/>
        <line num="143" count="21" type="stmt"/>
        <line num="144" count="21" type="stmt"/>
        <line num="145" count="21" type="stmt"/>
        <line num="146" count="21" type="stmt"/>
        <line num="147" count="21" type="stmt"/>
        <line num="149" count="21" type="stmt"/>
        <line num="151" count="21" type="cond" truecount="1" falsecount="0"/>
        <line num="152" count="2" type="stmt"/>
        <line num="153" count="2" type="stmt"/>
        <line num="155" count="21" type="cond" truecount="1" falsecount="0"/>
        <line num="157" count="13" type="stmt"/>
        <line num="158" count="13" type="cond" truecount="1" falsecount="0"/>
        <line num="159" count="8" type="stmt"/>
        <line num="160" count="8" type="stmt"/>
        <line num="161" count="8" type="stmt"/>
        <line num="162" count="13" type="stmt"/>
        <line num="163" count="13" type="cond" truecount="2" falsecount="0"/>
        <line num="165" count="7" type="stmt"/>
        <line num="167" count="7" type="cond" truecount="1" falsecount="0"/>
        <line num="168" count="17" type="cond" truecount="1" falsecount="0"/>
        <line num="169" count="6" type="stmt"/>
        <line num="170" count="6" type="stmt"/>
        <line num="171" count="6" type="stmt"/>
        <line num="172" count="7" type="stmt"/>
        <line num="174" count="7" type="cond" truecount="1" falsecount="0"/>
        <line num="175" count="16" type="stmt"/>
        <line num="177" count="16" type="cond" truecount="1" falsecount="0"/>
        <line num="178" count="5" type="stmt"/>
        <line num="179" count="5" type="stmt"/>
        <line num="180" count="5" type="stmt"/>
        <line num="181" count="5" type="stmt"/>
        <line num="182" count="5" type="stmt"/>
        <line num="184" count="16" type="cond" truecount="1" falsecount="0"/>
        <line num="185" count="11" type="cond" truecount="1" falsecount="0"/>
        <line num="186" count="9" type="stmt"/>
        <line num="187" count="9" type="stmt"/>
        <line num="188" count="9" type="stmt"/>
        <line num="189" count="9" type="stmt"/>
        <line num="190" count="9" type="stmt"/>
        <line num="191" count="9" type="stmt"/>
        <line num="193" count="9" type="stmt"/>
        <line num="194" count="11" type="stmt"/>
        <line num="195" count="7" type="stmt"/>
        <line num="196" count="7" type="stmt"/>
        <line num="198" count="21" type="stmt"/>
        <line num="199" count="0" type="stmt"/>
        <line num="200" count="0" type="stmt"/>
        <line num="202" count="21" type="cond" truecount="1" falsecount="0"/>
        <line num="203" count="1" type="stmt"/>
        <line num="204" count="1" type="stmt"/>
        <line num="205" count="1" type="stmt"/>
        <line num="206" count="21" type="stmt"/>
      </file>
      <file name="enum.svelte.ts" path="/Users/arnaudderbey/syncrostate/package/src/lib/proxys/enum.svelte.ts">
        <metrics statements="30" coveredstatements="27" conditionals="14" coveredconditionals="12" methods="4" coveredmethods="4"/>
        <line num="8" count="1" type="cond" truecount="1" falsecount="0"/>
        <line num="9" count="14" type="stmt"/>
        <line num="10" count="14" type="stmt"/>
        <line num="12" count="14" type="cond" truecount="1" falsecount="0"/>
        <line num="13" count="54" type="stmt"/>
        <line num="14" count="54" type="cond" truecount="2" falsecount="0"/>
        <line num="15" count="1" type="stmt"/>
        <line num="16" count="1" type="cond" truecount="1" falsecount="0"/>
        <line num="17" count="54" type="cond" truecount="1" falsecount="1"/>
        <line num="18" count="0" type="stmt"/>
        <line num="19" count="0" type="cond" truecount="1" falsecount="0"/>
        <line num="20" count="53" type="stmt"/>
        <line num="21" count="53" type="stmt"/>
        <line num="23" count="14" type="cond" truecount="1" falsecount="0"/>
        <line num="24" count="84" type="cond" truecount="1" falsecount="0"/>
        <line num="25" count="28" type="stmt"/>
        <line num="27" count="28" type="cond" truecount="1" falsecount="0"/>
        <line num="28" count="84" type="cond" truecount="0" falsecount="1"/>
        <line num="29" count="0" type="stmt"/>
        <line num="30" count="84" type="cond" truecount="1" falsecount="0"/>
        <line num="31" count="56" type="stmt"/>
        <line num="32" count="56" type="stmt"/>
        <line num="33" count="84" type="stmt"/>
        <line num="35" count="14" type="cond" truecount="1" falsecount="0"/>
        <line num="41" count="14" type="stmt"/>
        <line num="42" count="14" type="stmt"/>
        <line num="43" count="14" type="stmt"/>
        <line num="44" count="14" type="stmt"/>
        <line num="45" count="14" type="stmt"/>
        <line num="46" count="14" type="stmt"/>
      </file>
      <file name="map.svelte.ts" path="/Users/arnaudderbey/syncrostate/package/src/lib/proxys/map.svelte.ts">
        <metrics statements="224" coveredstatements="198" conditionals="64" coveredconditionals="53" methods="13" coveredmethods="12"/>
        <line num="10" count="1" type="cond" truecount="1" falsecount="0"/>
        <line num="11" count="15" type="stmt"/>
        <line num="12" count="15" type="stmt"/>
        <line num="13" count="15" type="stmt"/>
        <line num="14" count="15" type="stmt"/>
        <line num="15" count="15" type="stmt"/>
        <line num="16" count="15" type="stmt"/>
        <line num="17" count="15" type="stmt"/>
        <line num="18" count="15" type="stmt"/>
        <line num="20" count="15" type="cond" truecount="1" falsecount="0"/>
        <line num="27" count="15" type="stmt"/>
        <line num="28" count="15" type="stmt"/>
        <line num="29" count="15" type="stmt"/>
        <line num="30" count="15" type="stmt"/>
        <line num="31" count="15" type="stmt"/>
        <line num="32" count="15" type="stmt"/>
        <line num="33" count="15" type="stmt"/>
        <line num="34" count="15" type="stmt"/>
        <line num="35" count="15" type="stmt"/>
        <line num="37" count="15" type="cond" truecount="1" falsecount="0"/>
        <line num="38" count="19" type="cond" truecount="0" falsecount="1"/>
        <line num="39" count="0" type="stmt"/>
        <line num="40" count="0" type="stmt"/>
        <line num="42" count="19" type="stmt"/>
        <line num="43" count="19" type="cond" truecount="0" falsecount="1"/>
        <line num="44" count="0" type="stmt"/>
        <line num="45" count="0" type="stmt"/>
        <line num="46" count="0" type="stmt"/>
        <line num="47" count="19" type="stmt"/>
        <line num="48" count="19" type="stmt"/>
        <line num="49" count="19" type="stmt"/>
        <line num="50" count="19" type="stmt"/>
        <line num="51" count="19" type="stmt"/>
        <line num="52" count="19" type="stmt"/>
        <line num="54" count="15" type="cond" truecount="1" falsecount="0"/>
        <line num="55" count="4" type="cond" truecount="1" falsecount="0"/>
        <line num="56" count="4" type="cond" truecount="1" falsecount="0"/>
        <line num="57" count="4" type="stmt"/>
        <line num="58" count="4" type="stmt"/>
        <line num="59" count="4" type="stmt"/>
        <line num="60" count="4" type="stmt"/>
        <line num="61" count="4" type="stmt"/>
        <line num="62" count="4" type="stmt"/>
        <line num="63" count="15" type="cond" truecount="1" falsecount="0"/>
        <line num="64" count="36" type="cond" truecount="1" falsecount="0"/>
        <line num="65" count="9" type="cond" truecount="1" falsecount="0"/>
        <line num="66" count="1" type="stmt"/>
        <line num="67" count="1" type="cond" truecount="1" falsecount="0"/>
        <line num="68" count="1" type="stmt"/>
        <line num="69" count="1" type="stmt"/>
        <line num="71" count="1" type="cond" truecount="1" falsecount="0"/>
        <line num="72" count="9" type="cond" truecount="1" falsecount="0"/>
        <line num="73" count="10" type="stmt"/>
        <line num="74" count="10" type="cond" truecount="2" falsecount="0"/>
        <line num="75" count="6" type="stmt"/>
        <line num="76" count="6" type="stmt"/>
        <line num="77" count="6" type="stmt"/>
        <line num="78" count="6" type="stmt"/>
        <line num="79" count="10" type="cond" truecount="1" falsecount="0"/>
        <line num="81" count="4" type="stmt"/>
        <line num="82" count="4" type="stmt"/>
        <line num="83" count="4" type="stmt"/>
        <line num="84" count="4" type="stmt"/>
        <line num="85" count="4" type="stmt"/>
        <line num="87" count="4" type="stmt"/>
        <line num="88" count="4" type="stmt"/>
        <line num="89" count="9" type="stmt"/>
        <line num="90" count="9" type="stmt"/>
        <line num="91" count="36" type="stmt"/>
        <line num="93" count="15" type="cond" truecount="1" falsecount="0"/>
        <line num="94" count="38" type="stmt"/>
        <line num="95" count="38" type="stmt"/>
        <line num="96" count="38" type="stmt"/>
        <line num="98" count="15" type="cond" truecount="1" falsecount="0"/>
        <line num="99" count="30" type="stmt"/>
        <line num="100" count="30" type="stmt"/>
        <line num="101" count="30" type="stmt"/>
        <line num="102" count="30" type="stmt"/>
        <line num="103" count="30" type="stmt"/>
        <line num="104" count="30" type="stmt"/>
        <line num="106" count="30" type="stmt"/>
        <line num="107" count="30" type="stmt"/>
        <line num="109" count="15" type="cond" truecount="1" falsecount="0"/>
        <line num="110" count="15" type="cond" truecount="1" falsecount="0"/>
        <line num="111" count="15" type="stmt"/>
        <line num="112" count="15" type="stmt"/>
        <line num="113" count="15" type="cond" truecount="0" falsecount="1"/>
        <line num="114" count="0" type="stmt"/>
        <line num="116" count="0" type="stmt"/>
        <line num="118" count="15" type="cond" truecount="1" falsecount="0"/>
        <line num="119" count="5" type="stmt"/>
        <line num="120" count="0" type="stmt"/>
        <line num="121" count="5" type="stmt"/>
        <line num="122" count="15" type="cond" truecount="2" falsecount="0"/>
        <line num="123" count="2" type="cond" truecount="1" falsecount="0"/>
        <line num="124" count="1" type="stmt"/>
        <line num="125" count="2" type="stmt"/>
        <line num="126" count="10" type="cond" truecount="2" falsecount="0"/>
        <line num="127" count="5" type="cond" truecount="1" falsecount="0"/>
        <line num="128" count="5" type="stmt"/>
        <line num="129" count="5" type="stmt"/>
        <line num="130" count="8" type="cond" truecount="3" falsecount="0"/>
        <line num="131" count="1" type="stmt"/>
        <line num="132" count="1" type="stmt"/>
        <line num="133" count="15" type="stmt"/>
        <line num="134" count="15" type="stmt"/>
        <line num="136" count="15" type="stmt"/>
        <line num="137" count="0" type="stmt"/>
        <line num="138" count="0" type="stmt"/>
        <line num="140" count="15" type="cond" truecount="1" falsecount="0"/>
        <line num="141" count="7" type="stmt"/>
        <line num="142" count="7" type="stmt"/>
        <line num="143" count="7" type="stmt"/>
        <line num="145" count="15" type="stmt"/>
        <line num="146" count="15" type="cond" truecount="1" falsecount="0"/>
        <line num="147" count="62" type="cond" truecount="0" falsecount="1"/>
        <line num="148" count="0" type="stmt"/>
        <line num="149" count="0" type="stmt"/>
        <line num="150" count="62" type="cond" truecount="0" falsecount="1"/>
        <line num="151" count="0" type="stmt"/>
        <line num="152" count="0" type="stmt"/>
        <line num="153" count="62" type="cond" truecount="0" falsecount="1"/>
        <line num="154" count="0" type="stmt"/>
        <line num="155" count="0" type="stmt"/>
        <line num="156" count="62" type="cond" truecount="0" falsecount="1"/>
        <line num="157" count="0" type="stmt"/>
        <line num="158" count="0" type="stmt"/>
        <line num="160" count="62" type="stmt"/>
        <line num="161" count="62" type="cond" truecount="1" falsecount="0"/>
        <line num="162" count="58" type="cond" truecount="1" falsecount="0"/>
        <line num="163" count="58" type="stmt"/>
        <line num="164" count="58" type="stmt"/>
        <line num="165" count="58" type="cond" truecount="1" falsecount="0"/>
        <line num="166" count="4" type="stmt"/>
        <line num="167" count="4" type="stmt"/>
        <line num="168" count="4" type="stmt"/>
        <line num="169" count="4" type="cond" truecount="0" falsecount="1"/>
        <line num="170" count="0" type="stmt"/>
        <line num="171" count="0" type="stmt"/>
        <line num="172" count="0" type="stmt"/>
        <line num="174" count="4" type="stmt"/>
        <line num="176" count="4" type="cond" truecount="0" falsecount="1"/>
        <line num="177" count="0" type="stmt"/>
        <line num="178" count="0" type="stmt"/>
        <line num="179" count="4" type="cond" truecount="1" falsecount="0"/>
        <line num="180" count="4" type="stmt"/>
        <line num="181" count="4" type="stmt"/>
        <line num="182" count="4" type="stmt"/>
        <line num="183" count="4" type="stmt"/>
        <line num="184" count="4" type="stmt"/>
        <line num="185" count="4" type="stmt"/>
        <line num="186" count="4" type="stmt"/>
        <line num="188" count="4" type="stmt"/>
        <line num="189" count="4" type="stmt"/>
        <line num="191" count="4" type="stmt"/>
        <line num="192" count="4" type="stmt"/>
        <line num="193" count="58" type="cond" truecount="1" falsecount="0"/>
        <line num="194" count="3" type="stmt"/>
        <line num="196" count="3" type="stmt"/>
        <line num="197" count="3" type="stmt"/>
        <line num="198" count="58" type="cond" truecount="1" falsecount="0"/>
        <line num="199" count="2" type="stmt"/>
        <line num="200" count="2" type="cond" truecount="1" falsecount="0"/>
        <line num="201" count="2" type="cond" truecount="1" falsecount="0"/>
        <line num="202" count="2" type="stmt"/>
        <line num="203" count="2" type="stmt"/>
        <line num="204" count="2" type="stmt"/>
        <line num="205" count="2" type="stmt"/>
        <line num="206" count="2" type="stmt"/>
        <line num="207" count="2" type="stmt"/>
        <line num="211" count="58" type="stmt"/>
        <line num="212" count="58" type="stmt"/>
        <line num="213" count="58" type="stmt"/>
        <line num="214" count="62" type="cond" truecount="1" falsecount="0"/>
        <line num="215" count="4" type="stmt"/>
        <line num="216" count="4" type="stmt"/>
        <line num="217" count="62" type="stmt"/>
        <line num="220" count="15" type="cond" truecount="1" falsecount="0"/>
        <line num="221" count="72" type="cond" truecount="1" falsecount="0"/>
        <line num="222" count="5" type="stmt"/>
        <line num="223" count="5" type="cond" truecount="1" falsecount="0"/>
        <line num="225" count="67" type="stmt"/>
        <line num="226" count="67" type="stmt"/>
        <line num="228" count="15" type="cond" truecount="1" falsecount="0"/>
        <line num="229" count="44" type="stmt"/>
        <line num="230" count="44" type="cond" truecount="1" falsecount="0"/>
        <line num="231" count="44" type="cond" truecount="1" falsecount="0"/>
        <line num="232" count="23" type="stmt"/>
        <line num="234" count="44" type="cond" truecount="1" falsecount="0"/>
        <line num="235" count="21" type="cond" truecount="1" falsecount="0"/>
        <line num="236" count="3" type="cond" truecount="0" falsecount="1"/>
        <line num="237" count="0" type="stmt"/>
        <line num="238" count="3" type="stmt"/>
        <line num="239" count="3" type="stmt"/>
        <line num="240" count="3" type="stmt"/>
        <line num="241" count="21" type="cond" truecount="1" falsecount="0"/>
        <line num="242" count="18" type="cond" truecount="1" falsecount="0"/>
        <line num="243" count="3" type="stmt"/>
        <line num="244" count="3" type="stmt"/>
        <line num="245" count="3" type="stmt"/>
        <line num="247" count="18" type="stmt"/>
        <line num="248" count="18" type="cond" truecount="1" falsecount="0"/>
        <line num="249" count="16" type="stmt"/>
        <line num="251" count="18" type="cond" truecount="1" falsecount="0"/>
        <line num="252" count="16" type="stmt"/>
        <line num="253" count="18" type="stmt"/>
        <line num="254" count="18" type="stmt"/>
        <line num="255" count="18" type="cond" truecount="1" falsecount="0"/>
        <line num="256" count="24" type="stmt"/>
        <line num="257" count="24" type="cond" truecount="0" falsecount="1"/>
        <line num="258" count="0" type="stmt"/>
        <line num="259" count="0" type="stmt"/>
        <line num="260" count="24" type="stmt"/>
        <line num="261" count="24" type="stmt"/>
        <line num="263" count="24" type="stmt"/>
        <line num="264" count="24" type="stmt"/>
        <line num="265" count="24" type="stmt"/>
        <line num="266" count="24" type="stmt"/>
        <line num="267" count="18" type="stmt"/>
        <line num="268" count="18" type="stmt"/>
        <line num="269" count="21" type="stmt"/>
        <line num="270" count="44" type="stmt"/>
        <line num="271" count="44" type="stmt"/>
        <line num="272" count="15" type="stmt"/>
      </file>
      <file name="number.svelte.ts" path="/Users/arnaudderbey/syncrostate/package/src/lib/proxys/number.svelte.ts">
        <metrics statements="21" coveredstatements="20" conditionals="8" coveredconditionals="7" methods="4" coveredmethods="4"/>
        <line num="7" count="1" type="cond" truecount="1" falsecount="0"/>
        <line num="8" count="36" type="stmt"/>
        <line num="10" count="36" type="cond" truecount="1" falsecount="0"/>
        <line num="11" count="157" type="stmt"/>
        <line num="12" count="157" type="stmt"/>
        <line num="14" count="36" type="cond" truecount="1" falsecount="0"/>
        <line num="15" count="134" type="cond" truecount="1" falsecount="0"/>
        <line num="16" count="28" type="stmt"/>
        <line num="18" count="28" type="cond" truecount="1" falsecount="0"/>
        <line num="19" count="134" type="cond" truecount="0" falsecount="1"/>
        <line num="20" count="0" type="stmt"/>
        <line num="21" count="134" type="cond" truecount="1" falsecount="0"/>
        <line num="22" count="106" type="stmt"/>
        <line num="23" count="106" type="stmt"/>
        <line num="24" count="134" type="stmt"/>
        <line num="26" count="36" type="cond" truecount="1" falsecount="0"/>
        <line num="32" count="36" type="stmt"/>
        <line num="33" count="36" type="stmt"/>
        <line num="34" count="36" type="stmt"/>
        <line num="35" count="36" type="stmt"/>
        <line num="36" count="36" type="stmt"/>
      </file>
      <file name="object.svelte.ts" path="/Users/arnaudderbey/syncrostate/package/src/lib/proxys/object.svelte.ts">
        <metrics statements="243" coveredstatements="224" conditionals="79" coveredconditionals="68" methods="15" coveredmethods="15"/>
        <line num="10" count="1" type="cond" truecount="1" falsecount="0"/>
        <line num="11" count="65" type="stmt"/>
        <line num="12" count="65" type="stmt"/>
        <line num="13" count="65" type="stmt"/>
        <line num="14" count="65" type="stmt"/>
        <line num="15" count="65" type="stmt"/>
        <line num="16" count="65" type="stmt"/>
        <line num="17" count="65" type="stmt"/>
        <line num="18" count="65" type="stmt"/>
        <line num="19" count="65" type="stmt"/>
        <line num="20" count="65" type="stmt"/>
        <line num="22" count="65" type="cond" truecount="1" falsecount="0"/>
        <line num="23" count="70" type="cond" truecount="0" falsecount="1"/>
        <line num="24" count="0" type="stmt"/>
        <line num="25" count="0" type="stmt"/>
        <line num="27" count="70" type="stmt"/>
        <line num="28" count="70" type="cond" truecount="0" falsecount="1"/>
        <line num="29" count="0" type="stmt"/>
        <line num="30" count="0" type="stmt"/>
        <line num="31" count="70" type="cond" truecount="2" falsecount="0"/>
        <line num="32" count="31" type="stmt"/>
        <line num="33" count="31" type="stmt"/>
        <line num="34" count="31" type="cond" truecount="1" falsecount="0"/>
        <line num="35" count="39" type="stmt"/>
        <line num="36" count="39" type="stmt"/>
        <line num="37" count="39" type="stmt"/>
        <line num="38" count="39" type="stmt"/>
        <line num="39" count="39" type="stmt"/>
        <line num="41" count="65" type="cond" truecount="1" falsecount="0"/>
        <line num="42" count="10" type="stmt"/>
        <line num="43" count="10" type="stmt"/>
        <line num="44" count="10" type="stmt"/>
        <line num="46" count="65" type="cond" truecount="1" falsecount="0"/>
        <line num="47" count="103" type="stmt"/>
        <line num="49" count="103" type="cond" truecount="1" falsecount="0"/>
        <line num="50" count="28" type="stmt"/>
        <line num="52" count="28" type="cond" truecount="1" falsecount="0"/>
        <line num="54" count="75" type="cond" truecount="1" falsecount="0"/>
        <line num="55" count="75" type="stmt"/>
        <line num="57" count="75" type="cond" truecount="1" falsecount="0"/>
        <line num="58" count="5" type="cond" truecount="0" falsecount="1"/>
        <line num="59" count="0" type="stmt"/>
        <line num="60" count="5" type="stmt"/>
        <line num="61" count="5" type="stmt"/>
        <line num="62" count="5" type="stmt"/>
        <line num="63" count="75" type="cond" truecount="1" falsecount="0"/>
        <line num="64" count="70" type="cond" truecount="1" falsecount="0"/>
        <line num="65" count="6" type="stmt"/>
        <line num="66" count="6" type="stmt"/>
        <line num="67" count="6" type="stmt"/>
        <line num="69" count="70" type="stmt"/>
        <line num="70" count="70" type="cond" truecount="1" falsecount="0"/>
        <line num="71" count="70" type="cond" truecount="1" falsecount="0"/>
        <line num="72" count="6" type="stmt"/>
        <line num="73" count="6" type="stmt"/>
        <line num="74" count="6" type="stmt"/>
        <line num="75" count="70" type="stmt"/>
        <line num="77" count="70" type="cond" truecount="1" falsecount="0"/>
        <line num="78" count="144" type="stmt"/>
        <line num="79" count="144" type="stmt"/>
        <line num="80" count="144" type="cond" truecount="1" falsecount="0"/>
        <line num="81" count="128" type="cond" truecount="1" falsecount="0"/>
        <line num="82" count="8" type="stmt"/>
        <line num="83" count="8" type="stmt"/>
        <line num="84" count="8" type="stmt"/>
        <line num="85" count="8" type="stmt"/>
        <line num="86" count="8" type="stmt"/>
        <line num="87" count="8" type="stmt"/>
        <line num="88" count="8" type="stmt"/>
        <line num="89" count="8" type="stmt"/>
        <line num="90" count="8" type="stmt"/>
        <line num="92" count="128" type="cond" truecount="1" falsecount="0"/>
        <line num="93" count="120" type="stmt"/>
        <line num="94" count="120" type="stmt"/>
        <line num="95" count="144" type="cond" truecount="1" falsecount="0"/>
        <line num="96" count="16" type="stmt"/>
        <line num="97" count="16" type="stmt"/>
        <line num="98" count="16" type="stmt"/>
        <line num="99" count="16" type="stmt"/>
        <line num="100" count="16" type="stmt"/>
        <line num="101" count="16" type="stmt"/>
        <line num="103" count="16" type="stmt"/>
        <line num="104" count="144" type="stmt"/>
        <line num="105" count="70" type="stmt"/>
        <line num="106" count="70" type="stmt"/>
        <line num="107" count="75" type="stmt"/>
        <line num="108" count="75" type="stmt"/>
        <line num="110" count="65" type="cond" truecount="1" falsecount="0"/>
        <line num="111" count="182" type="cond" truecount="1" falsecount="0"/>
        <line num="112" count="10" type="stmt"/>
        <line num="113" count="10" type="cond" truecount="1" falsecount="0"/>
        <line num="114" count="172" type="stmt"/>
        <line num="115" count="172" type="stmt"/>
        <line num="116" count="65" type="cond" truecount="1" falsecount="0"/>
        <line num="117" count="65" type="stmt"/>
        <line num="118" count="65" type="stmt"/>
        <line num="119" count="65" type="stmt"/>
        <line num="120" count="65" type="stmt"/>
        <line num="121" count="65" type="stmt"/>
        <line num="122" count="65" type="stmt"/>
        <line num="123" count="65" type="stmt"/>
        <line num="124" count="65" type="stmt"/>
        <line num="125" count="65" type="stmt"/>
        <line num="136" count="65" type="stmt"/>
        <line num="137" count="65" type="stmt"/>
        <line num="138" count="65" type="stmt"/>
        <line num="139" count="65" type="stmt"/>
        <line num="140" count="65" type="stmt"/>
        <line num="141" count="65" type="stmt"/>
        <line num="142" count="65" type="stmt"/>
        <line num="143" count="65" type="stmt"/>
        <line num="145" count="65" type="stmt"/>
        <line num="148" count="65" type="cond" truecount="1" falsecount="0"/>
        <line num="149" count="1126" type="cond" truecount="0" falsecount="1"/>
        <line num="150" count="0" type="stmt"/>
        <line num="151" count="0" type="stmt"/>
        <line num="152" count="1126" type="cond" truecount="0" falsecount="1"/>
        <line num="153" count="0" type="stmt"/>
        <line num="154" count="0" type="stmt"/>
        <line num="156" count="1126" type="cond" truecount="0" falsecount="1"/>
        <line num="157" count="0" type="stmt"/>
        <line num="158" count="0" type="stmt"/>
        <line num="160" count="1126" type="cond" truecount="1" falsecount="0"/>
        <line num="161" count="3" type="stmt"/>
        <line num="162" count="3" type="cond" truecount="1" falsecount="0"/>
        <line num="164" count="1123" type="stmt"/>
        <line num="166" count="1126" type="cond" truecount="1" falsecount="0"/>
        <line num="167" count="269" type="stmt"/>
        <line num="168" count="269" type="cond" truecount="1" falsecount="0"/>
        <line num="169" count="854" type="stmt"/>
        <line num="170" count="854" type="stmt"/>
        <line num="171" count="65" type="cond" truecount="1" falsecount="0"/>
        <line num="172" count="798" type="cond" truecount="0" falsecount="1"/>
        <line num="173" count="0" type="stmt"/>
        <line num="174" count="0" type="stmt"/>
        <line num="175" count="798" type="cond" truecount="1" falsecount="0"/>
        <line num="176" count="70" type="stmt"/>
        <line num="177" count="70" type="cond" truecount="1" falsecount="0"/>
        <line num="179" count="728" type="stmt"/>
        <line num="180" count="798" type="cond" truecount="1" falsecount="0"/>
        <line num="181" count="49" type="cond" truecount="1" falsecount="0"/>
        <line num="182" count="49" type="stmt"/>
        <line num="183" count="49" type="stmt"/>
        <line num="184" count="49" type="stmt"/>
        <line num="185" count="49" type="stmt"/>
        <line num="186" count="49" type="stmt"/>
        <line num="187" count="49" type="stmt"/>
        <line num="189" count="49" type="stmt"/>
        <line num="190" count="798" type="cond" truecount="1" falsecount="0"/>
        <line num="191" count="679" type="stmt"/>
        <line num="192" count="679" type="cond" truecount="1" falsecount="0"/>
        <line num="193" count="728" type="stmt"/>
        <line num="194" count="728" type="stmt"/>
        <line num="196" count="65" type="stmt"/>
        <line num="198" count="65" type="cond" truecount="1" falsecount="0"/>
        <line num="199" count="120" type="cond" truecount="0" falsecount="1"/>
        <line num="200" count="0" type="stmt"/>
        <line num="201" count="0" type="stmt"/>
        <line num="202" count="120" type="stmt"/>
        <line num="203" count="120" type="stmt"/>
        <line num="204" count="120" type="stmt"/>
        <line num="206" count="65" type="cond" truecount="1" falsecount="0"/>
        <line num="207" count="234" type="cond" truecount="0" falsecount="1"/>
        <line num="209" count="234" type="stmt"/>
        <line num="210" count="234" type="stmt"/>
        <line num="212" count="234" type="cond" truecount="0" falsecount="1"/>
        <line num="214" count="0" type="stmt"/>
        <line num="215" count="0" type="stmt"/>
        <line num="217" count="65" type="cond" truecount="1" falsecount="0"/>
        <line num="220" count="65" type="cond" truecount="1" falsecount="0"/>
        <line num="221" count="38" type="stmt"/>
        <line num="222" count="38" type="stmt"/>
        <line num="223" count="38" type="stmt"/>
        <line num="224" count="65" type="stmt"/>
        <line num="225" count="65" type="cond" truecount="1" falsecount="0"/>
        <line num="226" count="129" type="cond" truecount="1" falsecount="0"/>
        <line num="227" count="63" type="cond" truecount="1" falsecount="0"/>
        <line num="228" count="63" type="cond" truecount="1" falsecount="0"/>
        <line num="229" count="1" type="stmt"/>
        <line num="231" count="1" type="cond" truecount="1" falsecount="0"/>
        <line num="232" count="63" type="cond" truecount="1" falsecount="0"/>
        <line num="233" count="74" type="stmt"/>
        <line num="234" count="74" type="cond" truecount="2" falsecount="0"/>
        <line num="235" count="48" type="stmt"/>
        <line num="236" count="48" type="stmt"/>
        <line num="237" count="48" type="stmt"/>
        <line num="238" count="74" type="cond" truecount="1" falsecount="0"/>
        <line num="240" count="12" type="stmt"/>
        <line num="242" count="12" type="stmt"/>
        <line num="243" count="12" type="stmt"/>
        <line num="244" count="12" type="stmt"/>
        <line num="245" count="12" type="stmt"/>
        <line num="246" count="12" type="stmt"/>
        <line num="249" count="12" type="stmt"/>
        <line num="250" count="12" type="stmt"/>
        <line num="251" count="63" type="stmt"/>
        <line num="252" count="63" type="stmt"/>
        <line num="253" count="129" type="stmt"/>
        <line num="255" count="65" type="cond" truecount="1" falsecount="0"/>
        <line num="256" count="5" type="cond" truecount="2" falsecount="0"/>
        <line num="257" count="1" type="stmt"/>
        <line num="258" count="1" type="stmt"/>
        <line num="259" count="4" type="cond" truecount="1" falsecount="0"/>
        <line num="260" count="8" type="stmt"/>
        <line num="261" count="8" type="stmt"/>
        <line num="262" count="8" type="stmt"/>
        <line num="263" count="8" type="stmt"/>
        <line num="264" count="8" type="stmt"/>
        <line num="265" count="8" type="stmt"/>
        <line num="266" count="4" type="stmt"/>
        <line num="268" count="65" type="cond" truecount="1" falsecount="0"/>
        <line num="269" count="56" type="cond" truecount="1" falsecount="0"/>
        <line num="270" count="56" type="stmt"/>
        <line num="271" count="56" type="cond" truecount="0" falsecount="1"/>
        <line num="272" count="0" type="stmt"/>
        <line num="274" count="0" type="stmt"/>
        <line num="275" count="56" type="stmt"/>
[...]
        <line num="60" count="10" type="cond" truecount="1" falsecount="0"/>
        <line num="61" count="44" type="cond" truecount="2" falsecount="0"/>
        <line num="62" count="23" type="cond" truecount="1" falsecount="0"/>
        <line num="63" count="34" type="stmt"/>
        <line num="64" count="23" type="stmt"/>
        <line num="65" count="23" type="cond" truecount="1" falsecount="0"/>
        <line num="66" count="18" type="stmt"/>
        <line num="67" count="18" type="stmt"/>
        <line num="68" count="23" type="cond" truecount="1" falsecount="0"/>
        <line num="70" count="44" type="cond" truecount="2" falsecount="0"/>
        <line num="71" count="3" type="stmt"/>
        <line num="72" count="3" type="cond" truecount="1" falsecount="0"/>
        <line num="74" count="23" type="stmt"/>
        <line num="75" count="44" type="stmt"/>
        <line num="77" count="10" type="cond" truecount="1" falsecount="0"/>
        <line num="78" count="44" type="stmt"/>
        <line num="79" count="44" type="stmt"/>
        <line num="80" count="44" type="stmt"/>
        <line num="81" count="44" type="stmt"/>
        <line num="82" count="44" type="stmt"/>
        <line num="83" count="10" type="stmt"/>
      </file>
      <file name="number.ts" path="/Users/arnaudderbey/syncrostate/package/src/lib/schemas/number.ts">
        <metrics statements="58" coveredstatements="42" conditionals="24" coveredconditionals="20" methods="7" coveredmethods="5"/>
        <line num="1" count="1" type="stmt"/>
        <line num="2" count="1" type="stmt"/>
        <line num="8" count="1" type="stmt"/>
        <line num="11" count="1" type="cond" truecount="1" falsecount="0"/>
        <line num="12" count="21" type="cond" truecount="1" falsecount="0"/>
        <line num="13" count="21" type="stmt"/>
        <line num="14" count="21" type="stmt"/>
        <line num="16" count="21" type="stmt"/>
        <line num="17" count="0" type="stmt"/>
        <line num="18" count="0" type="stmt"/>
        <line num="20" count="21" type="cond" truecount="1" falsecount="0"/>
        <line num="21" count="308" type="cond" truecount="2" falsecount="0"/>
        <line num="22" count="262" type="stmt"/>
        <line num="23" count="262" type="cond" truecount="1" falsecount="0"/>
        <line num="24" count="308" type="cond" truecount="2" falsecount="0"/>
        <line num="25" count="9" type="stmt"/>
        <line num="26" count="9" type="cond" truecount="1" falsecount="0"/>
        <line num="27" count="293" type="cond" truecount="1" falsecount="0"/>
        <line num="28" count="4" type="stmt"/>
        <line num="29" count="4" type="cond" truecount="1" falsecount="0"/>
        <line num="30" count="33" type="stmt"/>
        <line num="31" count="308" type="stmt"/>
        <line num="33" count="21" type="stmt"/>
        <line num="34" count="0" type="stmt"/>
        <line num="35" count="0" type="stmt"/>
        <line num="36" count="0" type="stmt"/>
        <line num="37" count="0" type="stmt"/>
        <line num="38" count="0" type="stmt"/>
        <line num="39" count="0" type="stmt"/>
        <line num="41" count="21" type="cond" truecount="1" falsecount="0"/>
        <line num="42" count="157" type="cond" truecount="2" falsecount="0"/>
        <line num="43" count="7" type="stmt"/>
        <line num="44" count="7" type="stmt"/>
        <line num="45" count="7" type="cond" truecount="0" falsecount="1"/>
        <line num="46" count="0" type="stmt"/>
        <line num="47" count="0" type="stmt"/>
        <line num="48" count="7" type="cond" truecount="1" falsecount="0"/>
        <line num="49" count="157" type="cond" truecount="0" falsecount="1"/>
        <line num="50" count="0" type="stmt"/>
        <line num="51" count="0" type="cond" truecount="1" falsecount="0"/>
        <line num="53" count="150" type="stmt"/>
        <line num="54" count="157" type="cond" truecount="0" falsecount="1"/>
        <line num="55" count="0" type="stmt"/>
        <line num="56" count="0" type="cond" truecount="1" falsecount="0"/>
        <line num="58" count="150" type="stmt"/>
        <line num="59" count="157" type="stmt"/>
        <line num="60" count="21" type="cond" truecount="1" falsecount="0"/>
        <line num="61" count="139" type="cond" truecount="1" falsecount="0"/>
        <line num="62" count="134" type="stmt"/>
        <line num="63" count="139" type="cond" truecount="1" falsecount="0"/>
        <line num="64" count="5" type="stmt"/>
        <line num="65" count="5" type="stmt"/>
        <line num="66" count="5" type="cond" truecount="0" falsecount="1"/>
        <line num="67" count="0" type="stmt"/>
        <line num="68" count="0" type="stmt"/>
        <line num="69" count="5" type="stmt"/>
        <line num="70" count="139" type="stmt"/>
        <line num="71" count="21" type="stmt"/>
      </file>
      <file name="object.ts" path="/Users/arnaudderbey/syncrostate/package/src/lib/schemas/object.ts">
        <metrics statements="62" coveredstatements="60" conditionals="24" coveredconditionals="23" methods="8" coveredmethods="8"/>
        <line num="1" count="1" type="stmt"/>
        <line num="12" count="1" type="stmt"/>
        <line num="16" count="1" type="cond" truecount="1" falsecount="0"/>
        <line num="17" count="84" type="stmt"/>
        <line num="18" count="84" type="cond" truecount="1" falsecount="0"/>
        <line num="19" count="84" type="stmt"/>
        <line num="20" count="84" type="stmt"/>
        <line num="21" count="84" type="stmt"/>
        <line num="22" count="84" type="stmt"/>
        <line num="23" count="84" type="stmt"/>
        <line num="24" count="84" type="stmt"/>
        <line num="25" count="84" type="stmt"/>
        <line num="26" count="84" type="stmt"/>
        <line num="28" count="84" type="cond" truecount="1" falsecount="0"/>
        <line num="29" count="152" type="cond" truecount="1" falsecount="0"/>
        <line num="30" count="9" type="stmt"/>
        <line num="31" count="9" type="cond" truecount="1" falsecount="0"/>
        <line num="32" count="152" type="cond" truecount="0" falsecount="1"/>
        <line num="33" count="0" type="stmt"/>
        <line num="34" count="0" type="cond" truecount="2" falsecount="0"/>
        <line num="36" count="151" type="cond" truecount="1" falsecount="0"/>
        <line num="37" count="127" type="cond" truecount="1" falsecount="0"/>
        <line num="38" count="244" type="stmt"/>
        <line num="39" count="127" type="stmt"/>
        <line num="40" count="127" type="cond" truecount="1" falsecount="0"/>
        <line num="42" count="16" type="stmt"/>
        <line num="43" count="152" type="stmt"/>
        <line num="45" count="84" type="cond" truecount="1" falsecount="0"/>
        <line num="46" count="5" type="stmt"/>
        <line num="47" count="5" type="stmt"/>
        <line num="48" count="5" type="stmt"/>
        <line num="50" count="84" type="cond" truecount="1" falsecount="0"/>
        <line num="51" count="5" type="stmt"/>
        <line num="52" count="5" type="stmt"/>
        <line num="53" count="5" type="stmt"/>
        <line num="55" count="84" type="cond" truecount="1" falsecount="0"/>
        <line num="56" count="7" type="stmt"/>
        <line num="57" count="7" type="stmt"/>
        <line num="58" count="7" type="stmt"/>
        <line num="60" count="84" type="cond" truecount="1" falsecount="0"/>
        <line num="61" count="128" type="cond" truecount="1" falsecount="0"/>
        <line num="62" count="128" type="cond" truecount="1" falsecount="0"/>
        <line num="63" count="25" type="stmt"/>
        <line num="64" count="25" type="cond" truecount="1" falsecount="0"/>
        <line num="65" count="103" type="cond" truecount="1" falsecount="0"/>
        <line num="66" count="214" type="stmt"/>
        <line num="67" count="214" type="cond" truecount="1" falsecount="0"/>
        <line num="68" count="16" type="stmt"/>
        <line num="69" count="16" type="cond" truecount="1" falsecount="0"/>
        <line num="70" count="198" type="stmt"/>
        <line num="71" count="198" type="stmt"/>
        <line num="72" count="103" type="stmt"/>
        <line num="73" count="128" type="stmt"/>
        <line num="75" count="84" type="cond" truecount="1" falsecount="0"/>
        <line num="76" count="109" type="stmt"/>
        <line num="77" count="109" type="stmt"/>
        <line num="78" count="109" type="stmt"/>
        <line num="79" count="109" type="stmt"/>
        <line num="80" count="109" type="cond" truecount="2" falsecount="0"/>
        <line num="81" count="109" type="stmt"/>
        <line num="82" count="109" type="stmt"/>
        <line num="83" count="84" type="stmt"/>
      </file>
      <file name="richtext.ts" path="/Users/arnaudderbey/syncrostate/package/src/lib/schemas/richtext.ts">
        <metrics statements="18" coveredstatements="3" conditionals="1" coveredconditionals="0" methods="1" coveredmethods="0"/>
        <line num="1" count="1" type="stmt"/>
        <line num="11" count="1" type="stmt"/>
        <line num="14" count="1" type="cond" truecount="0" falsecount="1"/>
        <line num="15" count="0" type="stmt"/>
        <line num="16" count="0" type="stmt"/>
        <line num="17" count="0" type="stmt"/>
        <line num="19" count="0" type="stmt"/>
        <line num="20" count="0" type="stmt"/>
        <line num="21" count="0" type="stmt"/>
        <line num="22" count="0" type="stmt"/>
        <line num="24" count="0" type="stmt"/>
        <line num="25" count="0" type="stmt"/>
        <line num="26" count="0" type="stmt"/>
        <line num="27" count="0" type="stmt"/>
        <line num="28" count="0" type="stmt"/>
        <line num="29" count="0" type="stmt"/>
        <line num="30" count="0" type="stmt"/>
        <line num="31" count="0" type="stmt"/>
      </file>
      <file name="schema.ts" path="/Users/arnaudderbey/syncrostate/package/src/lib/schemas/schema.ts">
        <metrics statements="30" coveredstatements="30" conditionals="11" coveredconditionals="11" methods="12" coveredmethods="11"/>
        <line num="2" count="1" type="stmt"/>
        <line num="3" count="1" type="stmt"/>
        <line num="4" count="1" type="stmt"/>
        <line num="5" count="1" type="stmt"/>
        <line num="6" count="1" type="stmt"/>
        <line num="7" count="1" type="stmt"/>
        <line num="8" count="1" type="stmt"/>
        <line num="9" count="1" type="stmt"/>
        <line num="10" count="1" type="stmt"/>
        <line num="11" count="1" type="stmt"/>
        <line num="14" count="1" type="stmt"/>
        <line num="15" count="1" type="stmt"/>
        <line num="16" count="1" type="stmt"/>
        <line num="46" count="1" type="stmt"/>
        <line num="47" count="1" type="cond" truecount="1" falsecount="0"/>
        <line num="48" count="1" type="cond" truecount="1" falsecount="0"/>
        <line num="49" count="1" type="cond" truecount="1" falsecount="0"/>
        <line num="50" count="1" type="cond" truecount="1" falsecount="0"/>
        <line num="51" count="1" type="stmt"/>
        <line num="52" count="1" type="cond" truecount="1" falsecount="0"/>
        <line num="53" count="1" type="cond" truecount="1" falsecount="0"/>
        <line num="54" count="1" type="cond" truecount="1" falsecount="0"/>
        <line num="55" count="1" type="cond" truecount="1" falsecount="0"/>
        <line num="56" count="1" type="cond" truecount="1" falsecount="0"/>
        <line num="57" count="1" type="cond" truecount="1" falsecount="0"/>
        <line num="58" count="1" type="cond" truecount="1" falsecount="0"/>
        <line num="59" count="26" type="stmt"/>
        <line num="60" count="26" type="stmt"/>
        <line num="61" count="26" type="stmt"/>
        <line num="62" count="1" type="stmt"/>
      </file>
      <file name="set.ts" path="/Users/arnaudderbey/syncrostate/package/src/lib/schemas/set.ts">
        <metrics statements="60" coveredstatements="58" conditionals="27" coveredconditionals="26" methods="8" coveredmethods="8"/>
        <line num="1" count="1" type="stmt"/>
        <line num="11" count="1" type="stmt"/>
        <line num="15" count="1" type="cond" truecount="1" falsecount="0"/>
        <line num="16" count="9" type="stmt"/>
        <line num="17" count="9" type="cond" truecount="1" falsecount="0"/>
        <line num="18" count="9" type="stmt"/>
        <line num="19" count="9" type="stmt"/>
        <line num="20" count="9" type="stmt"/>
        <line num="21" count="9" type="stmt"/>
        <line num="22" count="9" type="stmt"/>
        <line num="23" count="9" type="stmt"/>
        <line num="24" count="9" type="stmt"/>
        <line num="26" count="9" type="cond" truecount="1" falsecount="0"/>
        <line num="27" count="5" type="stmt"/>
        <line num="28" count="5" type="stmt"/>
        <line num="29" count="5" type="stmt"/>
        <line num="31" count="9" type="cond" truecount="1" falsecount="0"/>
        <line num="32" count="5" type="stmt"/>
        <line num="33" count="5" type="stmt"/>
        <line num="34" count="5" type="stmt"/>
        <line num="36" count="9" type="cond" truecount="1" falsecount="0"/>
        <line num="37" count="5" type="cond" truecount="1" falsecount="0"/>
        <line num="38" count="4" type="stmt"/>
        <line num="39" count="5" type="cond" truecount="1" falsecount="0"/>
        <line num="40" count="1" type="stmt"/>
        <line num="41" count="1" type="stmt"/>
        <line num="42" count="5" type="stmt"/>
        <line num="43" count="5" type="stmt"/>
        <line num="45" count="9" type="cond" truecount="1" falsecount="0"/>
        <line num="46" count="22" type="cond" truecount="2" falsecount="0"/>
        <line num="47" count="15" type="cond" truecount="1" falsecount="0"/>
        <line num="48" count="15" type="cond" truecount="1" falsecount="0"/>
        <line num="50" count="21" type="cond" truecount="1" falsecount="0"/>
        <line num="51" count="3" type="stmt"/>
        <line num="52" count="3" type="cond" truecount="2" falsecount="0"/>
        <line num="54" count="20" type="cond" truecount="0" falsecount="1"/>
        <line num="55" count="0" type="stmt"/>
        <line num="56" count="0" type="cond" truecount="1" falsecount="0"/>
        <line num="58" count="4" type="stmt"/>
        <line num="59" count="22" type="stmt"/>
        <line num="61" count="9" type="cond" truecount="1" falsecount="0"/>
        <line num="62" count="22" type="cond" truecount="2" falsecount="0"/>
        <line num="63" count="15" type="cond" truecount="1" falsecount="0"/>
        <line num="64" count="15" type="cond" truecount="1" falsecount="0"/>
        <line num="65" count="13" type="stmt"/>
        <line num="66" count="13" type="stmt"/>
        <line num="67" count="15" type="cond" truecount="1" falsecount="0"/>
        <line num="69" count="22" type="cond" truecount="2" falsecount="0"/>
        <line num="70" count="2" type="stmt"/>
        <line num="71" count="2" type="cond" truecount="1" falsecount="0"/>
        <line num="73" count="7" type="stmt"/>
        <line num="74" count="22" type="stmt"/>
        <line num="76" count="9" type="cond" truecount="1" falsecount="0"/>
        <line num="77" count="22" type="stmt"/>
        <line num="78" count="22" type="stmt"/>
        <line num="79" count="22" type="stmt"/>
        <line num="80" count="22" type="stmt"/>
        <line num="81" count="22" type="stmt"/>
        <line num="82" count="22" type="stmt"/>
        <line num="83" count="9" type="stmt"/>
      </file>
      <file name="string.ts" path="/Users/arnaudderbey/syncrostate/package/src/lib/schemas/string.ts">
        <metrics statements="72" coveredstatements="51" conditionals="27" coveredconditionals="16" methods="10" coveredmethods="6"/>
        <line num="1" count="1" type="stmt"/>
        <line num="2" count="1" type="stmt"/>
        <line num="11" count="1" type="stmt"/>
        <line num="14" count="1" type="cond" truecount="1" falsecount="0"/>
        <line num="15" count="102" type="cond" truecount="1" falsecount="0"/>
        <line num="16" count="102" type="stmt"/>
        <line num="17" count="102" type="stmt"/>
        <line num="19" count="102" type="stmt"/>
        <line num="20" count="0" type="stmt"/>
        <line num="21" count="0" type="stmt"/>
        <line num="23" count="102" type="stmt"/>
        <line num="24" count="0" type="stmt"/>
        <line num="25" count="0" type="stmt"/>
        <line num="26" count="0" type="stmt"/>
        <line num="28" count="102" type="stmt"/>
        <line num="29" count="0" type="stmt"/>
        <line num="30" count="0" type="stmt"/>
        <line num="31" count="0" type="stmt"/>
        <line num="33" count="102" type="stmt"/>
        <line num="34" count="0" type="stmt"/>
        <line num="35" count="0" type="stmt"/>
        <line num="36" count="0" type="stmt"/>
        <line num="38" count="102" type="cond" truecount="1" falsecount="0"/>
        <line num="39" count="884" type="cond" truecount="1" falsecount="0"/>
        <line num="40" count="748" type="cond" truecount="0" falsecount="2"/>
        <line num="41" count="748" type="cond" truecount="0" falsecount="2"/>
        <line num="42" count="748" type="cond" truecount="0" falsecount="2"/>
        <line num="43" count="748" type="stmt"/>
        <line num="44" count="748" type="cond" truecount="1" falsecount="0"/>
        <line num="45" count="884" type="cond" truecount="2" falsecount="0"/>
        <line num="46" count="9" type="stmt"/>
        <line num="47" count="9" type="cond" truecount="2" falsecount="0"/>
        <line num="48" count="754" type="cond" truecount="1" falsecount="0"/>
        <line num="49" count="40" type="stmt"/>
        <line num="50" count="40" type="cond" truecount="1" falsecount="0"/>
        <line num="51" count="87" type="stmt"/>
        <line num="52" count="884" type="stmt"/>
        <line num="54" count="102" type="cond" truecount="1" falsecount="0"/>
        <line num="55" count="22" type="stmt"/>
        <line num="56" count="22" type="stmt"/>
        <line num="57" count="22" type="stmt"/>
        <line num="58" count="22" type="stmt"/>
        <line num="59" count="22" type="stmt"/>
        <line num="60" count="22" type="stmt"/>
        <line num="62" count="102" type="cond" truecount="1" falsecount="0"/>
        <line num="63" count="90" type="cond" truecount="0" falsecount="1"/>
        <line num="64" count="0" type="stmt"/>
        <line num="65" count="0" type="stmt"/>
        <line num="66" count="0" type="stmt"/>
        <line num="67" count="0" type="stmt"/>
        <line num="68" count="0" type="stmt"/>
        <line num="69" count="0" type="stmt"/>
        <line num="70" count="90" type="cond" truecount="0" falsecount="1"/>
        <line num="72" count="0" type="stmt"/>
        <line num="73" count="0" type="stmt"/>
        <line num="75" count="90" type="stmt"/>
        <line num="76" count="90" type="stmt"/>
        <line num="77" count="90" type="cond" truecount="0" falsecount="1"/>
        <line num="78" count="90" type="cond" truecount="0" falsecount="1"/>
        <line num="79" count="90" type="stmt"/>
        <line num="81" count="102" type="cond" truecount="1" falsecount="0"/>
        <line num="82" count="301" type="cond" truecount="1" falsecount="0"/>
        <line num="83" count="296" type="stmt"/>
        <line num="84" count="301" type="cond" truecount="1" falsecount="0"/>
        <line num="85" count="5" type="stmt"/>
        <line num="86" count="5" type="stmt"/>
        <line num="87" count="5" type="cond" truecount="0" falsecount="1"/>
        <line num="88" count="0" type="stmt"/>
        <line num="89" count="0" type="stmt"/>
        <line num="90" count="5" type="stmt"/>
        <line num="91" count="301" type="stmt"/>
        <line num="92" count="102" type="stmt"/>
      </file>
    </package>
  </project>
</coverage>
