{"/Users/macbook/syncrostate/package/src/lib/constants.ts": {"path":"/Users/macbook/syncrostate/package/src/lib/constants.ts","all":false,"statementMap":{"1":{"start":{"line":2,"column":0},"end":{"line":2,"column":33}},"3":{"start":{"line":4,"column":0},"end":{"line":4,"column":45}},"4":{"start":{"line":5,"column":0},"end":{"line":5,"column":47}},"7":{"start":{"line":8,"column":0},"end":{"line":8,"column":47}},"9":{"start":{"line":10,"column":0},"end":{"line":10,"column":50}},"11":{"start":{"line":12,"column":0},"end":{"line":12,"column":52}}},"s":{"1":1,"3":1,"4":1,"7":1,"9":1,"11":1},"branchMap":{},"b":{},"fnMap":{},"f":{}}
,"/Users/macbook/syncrostate/package/src/lib/index.ts": {"path":"/Users/macbook/syncrostate/package/src/lib/index.ts","all":false,"statementMap":{"0":{"start":{"line":1,"column":0},"end":{"line":1,"column":61}}},"s":{"0":1},"branchMap":{},"b":{},"fnMap":{},"f":{}}
,"/Users/macbook/syncrostate/package/src/lib/utils.ts": {"path":"/Users/macbook/syncrostate/package/src/lib/utils.ts","all":false,"statementMap":{"0":{"start":{"line":1,"column":0},"end":{"line":1,"column":25}},"9":{"start":{"line":10,"column":0},"end":{"line":10,"column":36}},"10":{"start":{"line":11,"column":0},"end":{"line":11,"column":8}},"11":{"start":{"line":12,"column":0},"end":{"line":12,"column":5}},"12":{"start":{"line":13,"column":0},"end":{"line":13,"column":10}},"13":{"start":{"line":14,"column":0},"end":{"line":14,"column":4}},"17":{"start":{"line":18,"column":0},"end":{"line":18,"column":7}},"18":{"start":{"line":19,"column":0},"end":{"line":19,"column":94}},"19":{"start":{"line":20,"column":0},"end":{"line":20,"column":66}},"20":{"start":{"line":21,"column":0},"end":{"line":21,"column":60}},"21":{"start":{"line":22,"column":0},"end":{"line":22,"column":42}},"22":{"start":{"line":23,"column":0},"end":{"line":23,"column":2}},"24":{"start":{"line":25,"column":0},"end":{"line":25,"column":81}},"25":{"start":{"line":26,"column":0},"end":{"line":26,"column":5}},"26":{"start":{"line":27,"column":0},"end":{"line":27,"column":39}},"27":{"start":{"line":28,"column":0},"end":{"line":28,"column":40}},"28":{"start":{"line":29,"column":0},"end":{"line":29,"column":34}},"29":{"start":{"line":30,"column":0},"end":{"line":30,"column":4}},"30":{"start":{"line":31,"column":0},"end":{"line":31,"column":19}},"31":{"start":{"line":32,"column":0},"end":{"line":32,"column":2}},"32":{"start":{"line":33,"column":0},"end":{"line":33,"column":84}},"34":{"start":{"line":35,"column":0},"end":{"line":35,"column":50}},"35":{"start":{"line":36,"column":0},"end":{"line":36,"column":16}},"36":{"start":{"line":37,"column":0},"end":{"line":37,"column":35}},"37":{"start":{"line":38,"column":0},"end":{"line":38,"column":15}},"38":{"start":{"line":39,"column":0},"end":{"line":39,"column":3}},"39":{"start":{"line":40,"column":0},"end":{"line":40,"column":19}},"40":{"start":{"line":41,"column":0},"end":{"line":41,"column":2}},"41":{"start":{"line":42,"column":0},"end":{"line":42,"column":35}},"42":{"start":{"line":43,"column":0},"end":{"line":43,"column":93}},"44":{"start":{"line":45,"column":0},"end":{"line":45,"column":33}},"45":{"start":{"line":46,"column":0},"end":{"line":46,"column":2}},"46":{"start":{"line":47,"column":0},"end":{"line":47,"column":2}},"48":{"start":{"line":49,"column":0},"end":{"line":49,"column":81}},"49":{"start":{"line":50,"column":0},"end":{"line":50,"column":8}},"50":{"start":{"line":51,"column":0},"end":{"line":51,"column":5}},"51":{"start":{"line":52,"column":0},"end":{"line":52,"column":11}},"52":{"start":{"line":53,"column":0},"end":{"line":53,"column":14}},"53":{"start":{"line":54,"column":0},"end":{"line":54,"column":6}},"54":{"start":{"line":55,"column":0},"end":{"line":55,"column":4}},"60":{"start":{"line":61,"column":0},"end":{"line":61,"column":10}},"61":{"start":{"line":62,"column":0},"end":{"line":62,"column":43}},"62":{"start":{"line":63,"column":0},"end":{"line":63,"column":89}},"63":{"start":{"line":64,"column":0},"end":{"line":64,"column":36}},"64":{"start":{"line":65,"column":0},"end":{"line":65,"column":71}},"65":{"start":{"line":66,"column":0},"end":{"line":66,"column":69}},"66":{"start":{"line":67,"column":0},"end":{"line":67,"column":89}},"68":{"start":{"line":69,"column":0},"end":{"line":69,"column":33}},"69":{"start":{"line":70,"column":0},"end":{"line":70,"column":16}},"70":{"start":{"line":71,"column":0},"end":{"line":71,"column":38}},"71":{"start":{"line":72,"column":0},"end":{"line":72,"column":10}},"72":{"start":{"line":73,"column":0},"end":{"line":73,"column":30}},"73":{"start":{"line":74,"column":0},"end":{"line":74,"column":33}},"74":{"start":{"line":75,"column":0},"end":{"line":75,"column":3}},"75":{"start":{"line":76,"column":0},"end":{"line":76,"column":19}},"76":{"start":{"line":77,"column":0},"end":{"line":77,"column":3}},"78":{"start":{"line":79,"column":0},"end":{"line":79,"column":68}},"79":{"start":{"line":80,"column":0},"end":{"line":80,"column":33}},"80":{"start":{"line":81,"column":0},"end":{"line":81,"column":2}},"82":{"start":{"line":83,"column":0},"end":{"line":83,"column":43}},"83":{"start":{"line":84,"column":0},"end":{"line":84,"column":33}},"84":{"start":{"line":85,"column":0},"end":{"line":85,"column":9}},"85":{"start":{"line":86,"column":0},"end":{"line":86,"column":27}},"86":{"start":{"line":87,"column":0},"end":{"line":87,"column":2}},"87":{"start":{"line":88,"column":0},"end":{"line":88,"column":2}},"89":{"start":{"line":90,"column":0},"end":{"line":90,"column":94}},"90":{"start":{"line":91,"column":0},"end":{"line":91,"column":34}},"91":{"start":{"line":92,"column":0},"end":{"line":92,"column":16}},"92":{"start":{"line":93,"column":0},"end":{"line":93,"column":16}},"93":{"start":{"line":94,"column":0},"end":{"line":94,"column":13}},"94":{"start":{"line":95,"column":0},"end":{"line":95,"column":15}},"95":{"start":{"line":96,"column":0},"end":{"line":96,"column":18}},"96":{"start":{"line":97,"column":0},"end":{"line":97,"column":10}},"97":{"start":{"line":98,"column":0},"end":{"line":98,"column":17}},"98":{"start":{"line":99,"column":0},"end":{"line":99,"column":2}},"99":{"start":{"line":100,"column":0},"end":{"line":100,"column":2}},"101":{"start":{"line":102,"column":0},"end":{"line":102,"column":45}},"102":{"start":{"line":103,"column":0},"end":{"line":103,"column":11}},"103":{"start":{"line":104,"column":0},"end":{"line":104,"column":25}},"104":{"start":{"line":105,"column":0},"end":{"line":105,"column":2}},"105":{"start":{"line":106,"column":0},"end":{"line":106,"column":2}},"107":{"start":{"line":108,"column":0},"end":{"line":108,"column":77}},"109":{"start":{"line":110,"column":0},"end":{"line":110,"column":31}},"110":{"start":{"line":111,"column":0},"end":{"line":111,"column":2}},"113":{"start":{"line":114,"column":0},"end":{"line":114,"column":66}},"114":{"start":{"line":115,"column":0},"end":{"line":115,"column":48}},"115":{"start":{"line":116,"column":0},"end":{"line":116,"column":26}},"116":{"start":{"line":117,"column":0},"end":{"line":117,"column":32}},"117":{"start":{"line":118,"column":0},"end":{"line":118,"column":16}},"118":{"start":{"line":119,"column":0},"end":{"line":119,"column":3}},"119":{"start":{"line":120,"column":0},"end":{"line":120,"column":2}},"120":{"start":{"line":121,"column":0},"end":{"line":121,"column":10}},"121":{"start":{"line":122,"column":0},"end":{"line":122,"column":2}},"123":{"start":{"line":124,"column":0},"end":{"line":124,"column":64}},"124":{"start":{"line":125,"column":0},"end":{"line":125,"column":23}},"125":{"start":{"line":126,"column":0},"end":{"line":126,"column":26}},"126":{"start":{"line":127,"column":0},"end":{"line":127,"column":39}},"127":{"start":{"line":128,"column":0},"end":{"line":128,"column":73}},"128":{"start":{"line":129,"column":0},"end":{"line":129,"column":28}},"129":{"start":{"line":130,"column":0},"end":{"line":130,"column":4}},"130":{"start":{"line":131,"column":0},"end":{"line":131,"column":20}},"131":{"start":{"line":132,"column":0},"end":{"line":132,"column":3}},"132":{"start":{"line":133,"column":0},"end":{"line":133,"column":4}},"133":{"start":{"line":134,"column":0},"end":{"line":134,"column":2}},"135":{"start":{"line":136,"column":0},"end":{"line":136,"column":63}},"136":{"start":{"line":137,"column":0},"end":{"line":137,"column":20}},"137":{"start":{"line":138,"column":0},"end":{"line":138,"column":41}},"138":{"start":{"line":139,"column":0},"end":{"line":139,"column":48}},"139":{"start":{"line":140,"column":0},"end":{"line":140,"column":1}},"141":{"start":{"line":142,"column":0},"end":{"line":142,"column":68}},"142":{"start":{"line":143,"column":0},"end":{"line":143,"column":9}},"143":{"start":{"line":144,"column":0},"end":{"line":144,"column":96}},"145":{"start":{"line":146,"column":0},"end":{"line":146,"column":2}},"147":{"start":{"line":148,"column":0},"end":{"line":148,"column":61}},"148":{"start":{"line":149,"column":0},"end":{"line":149,"column":65}},"149":{"start":{"line":150,"column":0},"end":{"line":150,"column":58}},"150":{"start":{"line":151,"column":0},"end":{"line":151,"column":17}},"151":{"start":{"line":152,"column":0},"end":{"line":152,"column":61}},"152":{"start":{"line":153,"column":0},"end":{"line":153,"column":17}},"153":{"start":{"line":154,"column":0},"end":{"line":154,"column":21}},"154":{"start":{"line":155,"column":0},"end":{"line":155,"column":5}},"155":{"start":{"line":156,"column":0},"end":{"line":156,"column":18}},"156":{"start":{"line":157,"column":0},"end":{"line":157,"column":62}},"157":{"start":{"line":158,"column":0},"end":{"line":158,"column":33}},"158":{"start":{"line":159,"column":0},"end":{"line":159,"column":22}},"159":{"start":{"line":160,"column":0},"end":{"line":160,"column":8}},"160":{"start":{"line":161,"column":0},"end":{"line":161,"column":22}},"161":{"start":{"line":162,"column":0},"end":{"line":162,"column":5}},"162":{"start":{"line":163,"column":0},"end":{"line":163,"column":32}},"163":{"start":{"line":164,"column":0},"end":{"line":164,"column":46}},"164":{"start":{"line":165,"column":0},"end":{"line":165,"column":79}},"165":{"start":{"line":166,"column":0},"end":{"line":166,"column":26}},"166":{"start":{"line":167,"column":0},"end":{"line":167,"column":14}},"167":{"start":{"line":168,"column":0},"end":{"line":168,"column":7}},"168":{"start":{"line":169,"column":0},"end":{"line":169,"column":31}},"169":{"start":{"line":170,"column":0},"end":{"line":170,"column":13}},"170":{"start":{"line":171,"column":0},"end":{"line":171,"column":9}},"171":{"start":{"line":172,"column":0},"end":{"line":172,"column":26}},"172":{"start":{"line":173,"column":0},"end":{"line":173,"column":19}},"173":{"start":{"line":174,"column":0},"end":{"line":174,"column":48}},"174":{"start":{"line":175,"column":0},"end":{"line":175,"column":21}},"175":{"start":{"line":176,"column":0},"end":{"line":176,"column":25}},"176":{"start":{"line":177,"column":0},"end":{"line":177,"column":9}},"177":{"start":{"line":178,"column":0},"end":{"line":178,"column":8}},"178":{"start":{"line":179,"column":0},"end":{"line":179,"column":17}},"179":{"start":{"line":180,"column":0},"end":{"line":180,"column":6}},"180":{"start":{"line":181,"column":0},"end":{"line":181,"column":5}},"181":{"start":{"line":182,"column":0},"end":{"line":182,"column":6}},"182":{"start":{"line":183,"column":0},"end":{"line":183,"column":35}},"183":{"start":{"line":184,"column":0},"end":{"line":184,"column":36}},"184":{"start":{"line":185,"column":0},"end":{"line":185,"column":79}},"185":{"start":{"line":186,"column":0},"end":{"line":186,"column":4}},"186":{"start":{"line":187,"column":0},"end":{"line":187,"column":3}},"187":{"start":{"line":188,"column":0},"end":{"line":188,"column":3}},"188":{"start":{"line":189,"column":0},"end":{"line":189,"column":1}}},"s":{"0":1,"9":1,"10":86,"11":86,"12":86,"13":86,"17":86,"18":86,"19":86,"20":86,"21":86,"22":86,"24":1,"25":148,"26":148,"27":136,"28":124,"29":148,"30":32,"31":32,"32":148,"34":148,"35":148,"36":12,"37":5,"38":5,"39":7,"40":7,"41":104,"42":104,"44":104,"45":104,"46":148,"48":1,"49":148,"50":148,"51":148,"52":148,"53":148,"54":148,"60":148,"61":148,"62":148,"63":148,"64":148,"65":148,"66":148,"68":148,"69":148,"70":32,"71":116,"72":116,"73":116,"74":116,"75":148,"76":148,"78":148,"79":148,"80":148,"82":0,"83":0,"84":0,"85":0,"86":0,"87":148,"89":1,"90":148,"91":148,"92":12,"93":148,"94":148,"95":20,"96":148,"97":116,"98":148,"99":148,"101":1,"102":223,"103":223,"104":223,"105":223,"107":1,"109":0,"110":0,"113":1,"114":440,"115":392,"116":392,"117":208,"118":208,"119":392,"120":232,"121":232,"123":1,"124":0,"125":0,"126":0,"127":0,"128":0,"129":0,"130":0,"131":0,"132":0,"133":0,"135":1,"136":7,"137":7,"138":7,"139":7,"141":1,"142":20,"143":20,"145":20,"147":1,"148":40,"149":0,"150":0,"151":0,"152":0,"153":0,"154":0,"155":0,"156":0,"157":0,"158":0,"159":0,"160":0,"161":0,"162":0,"163":0,"164":0,"165":0,"166":0,"167":0,"168":0,"169":0,"170":0,"171":0,"172":0,"173":0,"174":0,"175":0,"176":0,"177":0,"178":0,"179":0,"180":0,"181":0,"182":0,"183":0,"184":0,"185":0,"186":0,"187":0,"188":40},"branchMap":{"0":{"type":"branch","line":10,"loc":{"start":{"line":10,"column":34},"end":{"line":23,"column":2}},"locations":[{"start":{"line":10,"column":34},"end":{"line":23,"column":2}}]},"1":{"type":"branch","line":19,"loc":{"start":{"line":19,"column":64},"end":{"line":19,"column":94}},"locations":[{"start":{"line":19,"column":64},"end":{"line":19,"column":94}}]},"2":{"type":"branch","line":20,"loc":{"start":{"line":20,"column":46},"end":{"line":20,"column":66}},"locations":[{"start":{"line":20,"column":46},"end":{"line":20,"column":66}}]},"3":{"type":"branch","line":22,"loc":{"start":{"line":22,"column":8},"end":{"line":22,"column":42}},"locations":[{"start":{"line":22,"column":8},"end":{"line":22,"column":42}}]},"4":{"type":"branch","line":25,"loc":{"start":{"line":25,"column":42},"end":{"line":47,"column":2}},"locations":[{"start":{"line":25,"column":42},"end":{"line":47,"column":2}}]},"5":{"type":"branch","line":27,"loc":{"start":{"line":27,"column":29},"end":{"line":28,"column":40}},"locations":[{"start":{"line":27,"column":29},"end":{"line":28,"column":40}}]},"6":{"type":"branch","line":28,"loc":{"start":{"line":28,"column":29},"end":{"line":29,"column":34}},"locations":[{"start":{"line":28,"column":29},"end":{"line":29,"column":34}}]},"7":{"type":"branch","line":30,"loc":{"start":{"line":30,"column":3},"end":{"line":33,"column":40}},"locations":[{"start":{"line":30,"column":3},"end":{"line":33,"column":40}}]},"8":{"type":"branch","line":30,"loc":{"start":{"line":30,"column":3},"end":{"line":32,"column":2}},"locations":[{"start":{"line":30,"column":3},"end":{"line":32,"column":2}}]},"9":{"type":"branch","line":32,"loc":{"start":{"line":32,"column":1},"end":{"line":33,"column":40}},"locations":[{"start":{"line":32,"column":1},"end":{"line":33,"column":40}}]},"10":{"type":"branch","line":33,"loc":{"start":{"line":33,"column":33},"end":{"line":33,"column":48}},"locations":[{"start":{"line":33,"column":33},"end":{"line":33,"column":48}}]},"11":{"type":"branch","line":33,"loc":{"start":{"line":33,"column":40},"end":{"line":33,"column":84}},"locations":[{"start":{"line":33,"column":40},"end":{"line":33,"column":84}}]},"12":{"type":"branch","line":33,"loc":{"start":{"line":33,"column":48},"end":{"line":33,"column":84}},"locations":[{"start":{"line":33,"column":48},"end":{"line":33,"column":84}}]},"13":{"type":"branch","line":36,"loc":{"start":{"line":36,"column":15},"end":{"line":41,"column":2}},"locations":[{"start":{"line":36,"column":15},"end":{"line":41,"column":2}}]},"14":{"type":"branch","line":37,"loc":{"start":{"line":37,"column":34},"end":{"line":41,"column":2}},"locations":[{"start":{"line":37,"column":34},"end":{"line":41,"column":2}}]},"15":{"type":"branch","line":37,"loc":{"start":{"line":37,"column":34},"end":{"line":39,"column":3}},"locations":[{"start":{"line":37,"column":34},"end":{"line":39,"column":3}}]},"16":{"type":"branch","line":41,"loc":{"start":{"line":41,"column":1},"end":{"line":46,"column":2}},"locations":[{"start":{"line":41,"column":1},"end":{"line":46,"column":2}}]},"17":{"type":"branch","line":49,"loc":{"start":{"line":49,"column":33},"end":{"line":88,"column":2}},"locations":[{"start":{"line":49,"column":33},"end":{"line":88,"column":2}}]},"18":{"type":"branch","line":66,"loc":{"start":{"line":66,"column":14},"end":{"line":66,"column":54}},"locations":[{"start":{"line":66,"column":14},"end":{"line":66,"column":54}}]},"19":{"type":"branch","line":66,"loc":{"start":{"line":66,"column":50},"end":{"line":66,"column":69}},"locations":[{"start":{"line":66,"column":50},"end":{"line":66,"column":69}}]},"20":{"type":"branch","line":67,"loc":{"start":{"line":67,"column":23},"end":{"line":67,"column":59}},"locations":[{"start":{"line":67,"column":23},"end":{"line":67,"column":59}}]},"21":{"type":"branch","line":67,"loc":{"start":{"line":67,"column":55},"end":{"line":67,"column":89}},"locations":[{"start":{"line":67,"column":55},"end":{"line":67,"column":89}}]},"22":{"type":"branch","line":79,"loc":{"start":{"line":79,"column":6},"end":{"line":79,"column":53}},"locations":[{"start":{"line":79,"column":6},"end":{"line":79,"column":53}}]},"23":{"type":"branch","line":79,"loc":{"start":{"line":79,"column":42},"end":{"line":79,"column":67}},"locations":[{"start":{"line":79,"column":42},"end":{"line":79,"column":67}}]},"24":{"type":"branch","line":81,"loc":{"start":{"line":81,"column":1},"end":{"line":87,"column":2}},"locations":[{"start":{"line":81,"column":1},"end":{"line":87,"column":2}}]},"25":{"type":"branch","line":69,"loc":{"start":{"line":69,"column":26},"end":{"line":77,"column":3}},"locations":[{"start":{"line":69,"column":26},"end":{"line":77,"column":3}}]},"26":{"type":"branch","line":70,"loc":{"start":{"line":70,"column":15},"end":{"line":75,"column":3}},"locations":[{"start":{"line":70,"column":15},"end":{"line":75,"column":3}}]},"27":{"type":"branch","line":70,"loc":{"start":{"line":70,"column":15},"end":{"line":72,"column":9}},"locations":[{"start":{"line":70,"column":15},"end":{"line":72,"column":9}}]},"28":{"type":"branch","line":90,"loc":{"start":{"line":90,"column":27},"end":{"line":100,"column":2}},"locations":[{"start":{"line":90,"column":27},"end":{"line":100,"column":2}}]},"29":{"type":"branch","line":92,"loc":{"start":{"line":92,"column":2},"end":{"line":93,"column":16}},"locations":[{"start":{"line":92,"column":2},"end":{"line":93,"column":16}}]},"30":{"type":"branch","line":94,"loc":{"start":{"line":94,"column":2},"end":{"line":94,"column":13}},"locations":[{"start":{"line":94,"column":2},"end":{"line":94,"column":13}}]},"31":{"type":"branch","line":95,"loc":{"start":{"line":95,"column":2},"end":{"line":96,"column":18}},"locations":[{"start":{"line":95,"column":2},"end":{"line":96,"column":18}}]},"32":{"type":"branch","line":97,"loc":{"start":{"line":97,"column":2},"end":{"line":98,"column":17}},"locations":[{"start":{"line":97,"column":2},"end":{"line":98,"column":17}}]},"33":{"type":"branch","line":102,"loc":{"start":{"line":102,"column":24},"end":{"line":106,"column":2}},"locations":[{"start":{"line":102,"column":24},"end":{"line":106,"column":2}}]},"34":{"type":"branch","line":114,"loc":{"start":{"line":114,"column":32},"end":{"line":122,"column":2}},"locations":[{"start":{"line":114,"column":32},"end":{"line":122,"column":2}}]},"35":{"type":"branch","line":115,"loc":{"start":{"line":115,"column":18},"end":{"line":115,"column":47}},"locations":[{"start":{"line":115,"column":18},"end":{"line":115,"column":47}}]},"36":{"type":"branch","line":115,"loc":{"start":{"line":115,"column":47},"end":{"line":120,"column":2}},"locations":[{"start":{"line":115,"column":47},"end":{"line":120,"column":2}}]},"37":{"type":"branch","line":117,"loc":{"start":{"line":117,"column":31},"end":{"line":119,"column":3}},"locations":[{"start":{"line":117,"column":31},"end":{"line":119,"column":3}}]},"38":{"type":"branch","line":120,"loc":{"start":{"line":120,"column":1},"end":{"line":122,"column":2}},"locations":[{"start":{"line":120,"column":1},"end":{"line":122,"column":2}}]},"39":{"type":"branch","line":136,"loc":{"start":{"line":136,"column":7},"end":{"line":140,"column":1}},"locations":[{"start":{"line":136,"column":7},"end":{"line":140,"column":1}}]},"40":{"type":"branch","line":142,"loc":{"start":{"line":142,"column":27},"end":{"line":146,"column":2}},"locations":[{"start":{"line":142,"column":27},"end":{"line":146,"column":2}}]},"41":{"type":"branch","line":144,"loc":{"start":{"line":144,"column":19},"end":{"line":144,"column":58}},"locations":[{"start":{"line":144,"column":19},"end":{"line":144,"column":58}}]},"42":{"type":"branch","line":144,"loc":{"start":{"line":144,"column":50},"end":{"line":144,"column":96}},"locations":[{"start":{"line":144,"column":50},"end":{"line":144,"column":96}}]},"43":{"type":"branch","line":148,"loc":{"start":{"line":148,"column":7},"end":{"line":189,"column":1}},"locations":[{"start":{"line":148,"column":7},"end":{"line":189,"column":1}}]}},"b":{"0":[86],"1":[0],"2":[32],"3":[32],"4":[148],"5":[136],"6":[124],"7":[140],"8":[32],"9":[116],"10":[0],"11":[116],"12":[32],"13":[12],"14":[7],"15":[5],"16":[104],"17":[148],"18":[116],"19":[32],"20":[32],"21":[116],"22":[1],"23":[1],"24":[0],"25":[148],"26":[116],"27":[32],"28":[148],"29":[12],"30":[8],"31":[20],"32":[116],"33":[223],"34":[440],"35":[392],"36":[392],"37":[208],"38":[232],"39":[7],"40":[20],"41":[0],"42":[0],"43":[40]},"fnMap":{"0":{"name":"isMissingOptionnal","decl":{"start":{"line":10,"column":34},"end":{"line":23,"column":2}},"loc":{"start":{"line":10,"column":34},"end":{"line":23,"column":2}},"line":10},"1":{"name":"getInitialStringifiedValue","decl":{"start":{"line":25,"column":42},"end":{"line":47,"column":2}},"loc":{"start":{"line":25,"column":42},"end":{"line":47,"column":2}},"line":25},"2":{"name":"getTypeFromParent","decl":{"start":{"line":49,"column":33},"end":{"line":88,"column":2}},"loc":{"start":{"line":49,"column":33},"end":{"line":88,"column":2}},"line":49},"3":{"name":"setAndReturnType","decl":{"start":{"line":69,"column":26},"end":{"line":77,"column":3}},"loc":{"start":{"line":69,"column":26},"end":{"line":77,"column":3}},"line":69},"4":{"name":"getInstance","decl":{"start":{"line":90,"column":27},"end":{"line":100,"column":2}},"loc":{"start":{"line":90,"column":27},"end":{"line":100,"column":2}},"line":90},"5":{"name":"logError","decl":{"start":{"line":102,"column":24},"end":{"line":106,"column":2}},"loc":{"start":{"line":102,"column":24},"end":{"line":106,"column":2}},"line":102},"6":{"name":"isInitialized","decl":{"start":{"line":108,"column":29},"end":{"line":111,"column":2}},"loc":{"start":{"line":108,"column":29},"end":{"line":111,"column":2}},"line":108},"7":{"name":"propertyToNumber","decl":{"start":{"line":114,"column":32},"end":{"line":122,"column":2}},"loc":{"start":{"line":114,"column":32},"end":{"line":122,"column":2}},"line":114},"8":{"name":"createYTypesArrayProxy","decl":{"start":{"line":124,"column":38},"end":{"line":134,"column":2}},"loc":{"start":{"line":124,"column":38},"end":{"line":134,"column":2}},"line":124},"9":{"name":"setArrayToNull","decl":{"start":{"line":136,"column":7},"end":{"line":140,"column":1}},"loc":{"start":{"line":136,"column":7},"end":{"line":140,"column":1}},"line":136},"10":{"name":"isArrayNull","decl":{"start":{"line":142,"column":27},"end":{"line":146,"column":2}},"loc":{"start":{"line":142,"column":27},"end":{"line":146,"column":2}},"line":142},"11":{"name":"observeArray","decl":{"start":{"line":148,"column":7},"end":{"line":189,"column":1}},"loc":{"start":{"line":148,"column":7},"end":{"line":189,"column":1}},"line":148}},"f":{"0":86,"1":148,"2":148,"3":148,"4":148,"5":223,"6":0,"7":440,"8":0,"9":7,"10":20,"11":40}}
,"/Users/macbook/syncrostate/package/src/lib/proxys/array.svelte.ts": {"path":"/Users/macbook/syncrostate/package/src/lib/proxys/array.svelte.ts","all":false,"statementMap":{"0":{"start":{"line":1,"column":0},"end":{"line":1,"column":25}},"14":{"start":{"line":15,"column":0},"end":{"line":15,"column":47}},"15":{"start":{"line":16,"column":0},"end":{"line":16,"column":14}},"16":{"start":{"line":17,"column":0},"end":{"line":17,"column":32}},"17":{"start":{"line":18,"column":0},"end":{"line":18,"column":21}},"18":{"start":{"line":19,"column":0},"end":{"line":19,"column":25}},"19":{"start":{"line":20,"column":0},"end":{"line":20,"column":22}},"20":{"start":{"line":21,"column":0},"end":{"line":21,"column":43}},"21":{"start":{"line":22,"column":0},"end":{"line":22,"column":12}},"22":{"start":{"line":23,"column":0},"end":{"line":23,"column":24}},"28":{"start":{"line":29,"column":0},"end":{"line":29,"column":22}},"29":{"start":{"line":30,"column":0},"end":{"line":30,"column":55}},"31":{"start":{"line":32,"column":0},"end":{"line":32,"column":37}},"33":{"start":{"line":34,"column":0},"end":{"line":34,"column":47}},"34":{"start":{"line":35,"column":0},"end":{"line":35,"column":39}},"35":{"start":{"line":36,"column":0},"end":{"line":36,"column":34}},"36":{"start":{"line":37,"column":0},"end":{"line":37,"column":15}},"39":{"start":{"line":40,"column":0},"end":{"line":40,"column":55}},"40":{"start":{"line":41,"column":0},"end":{"line":41,"column":59}},"41":{"start":{"line":42,"column":0},"end":{"line":42,"column":15}},"43":{"start":{"line":44,"column":0},"end":{"line":44,"column":47}},"44":{"start":{"line":45,"column":0},"end":{"line":45,"column":21}},"45":{"start":{"line":46,"column":0},"end":{"line":46,"column":43}},"46":{"start":{"line":47,"column":0},"end":{"line":47,"column":15}},"48":{"start":{"line":49,"column":0},"end":{"line":49,"column":32}},"49":{"start":{"line":50,"column":0},"end":{"line":50,"column":14}},"52":{"start":{"line":53,"column":0},"end":{"line":53,"column":45}},"53":{"start":{"line":54,"column":0},"end":{"line":54,"column":57}},"54":{"start":{"line":55,"column":0},"end":{"line":55,"column":17}},"55":{"start":{"line":56,"column":0},"end":{"line":56,"column":40}},"57":{"start":{"line":58,"column":0},"end":{"line":58,"column":33}},"58":{"start":{"line":59,"column":0},"end":{"line":59,"column":17}},"59":{"start":{"line":60,"column":0},"end":{"line":60,"column":31}},"60":{"start":{"line":61,"column":0},"end":{"line":61,"column":47}},"62":{"start":{"line":63,"column":0},"end":{"line":63,"column":21}},"65":{"start":{"line":66,"column":0},"end":{"line":66,"column":23}},"66":{"start":{"line":67,"column":0},"end":{"line":67,"column":26}},"67":{"start":{"line":68,"column":0},"end":{"line":68,"column":46}},"69":{"start":{"line":70,"column":0},"end":{"line":70,"column":24}},"70":{"start":{"line":71,"column":0},"end":{"line":71,"column":68}},"71":{"start":{"line":72,"column":0},"end":{"line":72,"column":42}},"72":{"start":{"line":73,"column":0},"end":{"line":73,"column":23}},"74":{"start":{"line":75,"column":0},"end":{"line":75,"column":35}},"75":{"start":{"line":76,"column":0},"end":{"line":76,"column":63}},"78":{"start":{"line":79,"column":0},"end":{"line":79,"column":53}},"79":{"start":{"line":80,"column":0},"end":{"line":80,"column":54}},"81":{"start":{"line":82,"column":0},"end":{"line":82,"column":27}},"82":{"start":{"line":83,"column":0},"end":{"line":83,"column":35}},"83":{"start":{"line":84,"column":0},"end":{"line":84,"column":29}},"85":{"start":{"line":86,"column":0},"end":{"line":86,"column":33}},"86":{"start":{"line":87,"column":0},"end":{"line":87,"column":19}},"87":{"start":{"line":88,"column":0},"end":{"line":88,"column":27}},"88":{"start":{"line":89,"column":0},"end":{"line":89,"column":48}},"89":{"start":{"line":90,"column":0},"end":{"line":90,"column":21}},"90":{"start":{"line":91,"column":0},"end":{"line":91,"column":20}},"91":{"start":{"line":92,"column":0},"end":{"line":92,"column":25}},"99":{"start":{"line":100,"column":0},"end":{"line":100,"column":14}},"100":{"start":{"line":101,"column":0},"end":{"line":101,"column":20}},"101":{"start":{"line":102,"column":0},"end":{"line":102,"column":15}},"103":{"start":{"line":104,"column":0},"end":{"line":104,"column":20}},"106":{"start":{"line":107,"column":0},"end":{"line":107,"column":14}},"107":{"start":{"line":108,"column":0},"end":{"line":108,"column":12}},"108":{"start":{"line":109,"column":0},"end":{"line":109,"column":8}},"109":{"start":{"line":110,"column":0},"end":{"line":110,"column":8}},"110":{"start":{"line":111,"column":0},"end":{"line":111,"column":9}},"111":{"start":{"line":112,"column":0},"end":{"line":112,"column":6}},"112":{"start":{"line":113,"column":0},"end":{"line":113,"column":7}},"121":{"start":{"line":122,"column":0},"end":{"line":122,"column":29}},"122":{"start":{"line":123,"column":0},"end":{"line":123,"column":21}},"123":{"start":{"line":124,"column":0},"end":{"line":124,"column":23}},"124":{"start":{"line":125,"column":0},"end":{"line":125,"column":17}},"125":{"start":{"line":126,"column":0},"end":{"line":126,"column":21}},"126":{"start":{"line":127,"column":0},"end":{"line":127,"column":30}},"128":{"start":{"line":129,"column":0},"end":{"line":129,"column":30}},"129":{"start":{"line":130,"column":0},"end":{"line":130,"column":52}},"130":{"start":{"line":131,"column":0},"end":{"line":131,"column":30}},"131":{"start":{"line":132,"column":0},"end":{"line":132,"column":24}},"133":{"start":{"line":134,"column":0},"end":{"line":134,"column":29}},"134":{"start":{"line":135,"column":0},"end":{"line":135,"column":29}},"136":{"start":{"line":137,"column":0},"end":{"line":137,"column":30}},"137":{"start":{"line":138,"column":0},"end":{"line":138,"column":53}},"139":{"start":{"line":140,"column":0},"end":{"line":140,"column":37}},"140":{"start":{"line":141,"column":0},"end":{"line":141,"column":30}},"141":{"start":{"line":142,"column":0},"end":{"line":142,"column":56}},"142":{"start":{"line":143,"column":0},"end":{"line":143,"column":24}},"143":{"start":{"line":144,"column":0},"end":{"line":144,"column":23}},"145":{"start":{"line":146,"column":0},"end":{"line":146,"column":30}},"146":{"start":{"line":147,"column":0},"end":{"line":147,"column":39}},"147":{"start":{"line":148,"column":0},"end":{"line":148,"column":29}},"148":{"start":{"line":149,"column":0},"end":{"line":149,"column":58}},"151":{"start":{"line":152,"column":0},"end":{"line":152,"column":24}},"152":{"start":{"line":153,"column":0},"end":{"line":153,"column":36}},"155":{"start":{"line":156,"column":0},"end":{"line":156,"column":26}},"156":{"start":{"line":157,"column":0},"end":{"line":157,"column":27}},"159":{"start":{"line":160,"column":0},"end":{"line":160,"column":26}},"160":{"start":{"line":161,"column":0},"end":{"line":161,"column":31}},"162":{"start":{"line":163,"column":0},"end":{"line":163,"column":42}},"163":{"start":{"line":164,"column":0},"end":{"line":164,"column":20}},"164":{"start":{"line":165,"column":0},"end":{"line":165,"column":39}},"165":{"start":{"line":166,"column":0},"end":{"line":166,"column":39}},"166":{"start":{"line":167,"column":0},"end":{"line":167,"column":35}},"168":{"start":{"line":169,"column":0},"end":{"line":169,"column":44}},"171":{"start":{"line":172,"column":0},"end":{"line":172,"column":49}},"172":{"start":{"line":173,"column":0},"end":{"line":173,"column":37}},"173":{"start":{"line":174,"column":0},"end":{"line":174,"column":30}},"174":{"start":{"line":175,"column":0},"end":{"line":175,"column":31}},"175":{"start":{"line":176,"column":0},"end":{"line":176,"column":44}},"178":{"start":{"line":179,"column":0},"end":{"line":179,"column":56}},"180":{"start":{"line":181,"column":0},"end":{"line":181,"column":24}},"181":{"start":{"line":182,"column":0},"end":{"line":182,"column":36}},"182":{"start":{"line":183,"column":0},"end":{"line":183,"column":59}},"183":{"start":{"line":184,"column":0},"end":{"line":184,"column":25}},"184":{"start":{"line":185,"column":0},"end":{"line":185,"column":48}},"185":{"start":{"line":186,"column":0},"end":{"line":186,"column":21}},"186":{"start":{"line":187,"column":0},"end":{"line":187,"column":14}},"187":{"start":{"line":188,"column":0},"end":{"line":188,"column":25}},"191":{"start":{"line":192,"column":0},"end":{"line":192,"column":32}},"194":{"start":{"line":195,"column":0},"end":{"line":195,"column":16}},"196":{"start":{"line":197,"column":0},"end":{"line":197,"column":39}},"197":{"start":{"line":198,"column":0},"end":{"line":198,"column":27}},"198":{"start":{"line":199,"column":0},"end":{"line":199,"column":37}},"199":{"start":{"line":200,"column":0},"end":{"line":200,"column":32}},"201":{"start":{"line":202,"column":0},"end":{"line":202,"column":35}},"203":{"start":{"line":204,"column":0},"end":{"line":204,"column":60}},"204":{"start":{"line":205,"column":0},"end":{"line":205,"column":17}},"206":{"start":{"line":207,"column":0},"end":{"line":207,"column":18}},"210":{"start":{"line":211,"column":0},"end":{"line":211,"column":48}},"211":{"start":{"line":212,"column":0},"end":{"line":212,"column":37}},"212":{"start":{"line":213,"column":0},"end":{"line":213,"column":25}},"214":{"start":{"line":215,"column":0},"end":{"line":215,"column":24}},"215":{"start":{"line":216,"column":0},"end":{"line":216,"column":26}},"216":{"start":{"line":217,"column":0},"end":{"line":217,"column":20}},"219":{"start":{"line":220,"column":0},"end":{"line":220,"column":67}},"221":{"start":{"line":222,"column":0},"end":{"line":222,"column":23}},"222":{"start":{"line":223,"column":0},"end":{"line":223,"column":25}},"223":{"start":{"line":224,"column":0},"end":{"line":224,"column":20}},"226":{"start":{"line":227,"column":0},"end":{"line":227,"column":21}},"228":{"start":{"line":229,"column":0},"end":{"line":229,"column":25}},"229":{"start":{"line":230,"column":0},"end":{"line":230,"column":30}},"230":{"start":{"line":231,"column":0},"end":{"line":231,"column":49}},"231":{"start":{"line":232,"column":0},"end":{"line":232,"column":23}},"233":{"start":{"line":234,"column":0},"end":{"line":234,"column":24}},"234":{"start":{"line":235,"column":0},"end":{"line":235,"column":16}},"238":{"start":{"line":239,"column":0},"end":{"line":239,"column":19}},"241":{"start":{"line":242,"column":0},"end":{"line":242,"column":17}},"242":{"start":{"line":243,"column":0},"end":{"line":243,"column":20}},"245":{"start":{"line":246,"column":0},"end":{"line":246,"column":28}},"246":{"start":{"line":247,"column":0},"end":{"line":247,"column":32}},"247":{"start":{"line":248,"column":0},"end":{"line":248,"column":26}},"248":{"start":{"line":249,"column":0},"end":{"line":249,"column":27}},"249":{"start":{"line":250,"column":0},"end":{"line":250,"column":23}},"253":{"start":{"line":254,"column":0},"end":{"line":254,"column":41}},"254":{"start":{"line":255,"column":0},"end":{"line":255,"column":79}},"255":{"start":{"line":256,"column":0},"end":{"line":256,"column":47}},"256":{"start":{"line":257,"column":0},"end":{"line":257,"column":13}},"257":{"start":{"line":258,"column":0},"end":{"line":258,"column":46}},"258":{"start":{"line":259,"column":0},"end":{"line":259,"column":19}},"259":{"start":{"line":260,"column":0},"end":{"line":260,"column":63}},"260":{"start":{"line":261,"column":0},"end":{"line":261,"column":23}},"264":{"start":{"line":265,"column":0},"end":{"line":265,"column":41}},"265":{"start":{"line":266,"column":0},"end":{"line":266,"column":78}},"266":{"start":{"line":267,"column":0},"end":{"line":267,"column":32}},"267":{"start":{"line":268,"column":0},"end":{"line":268,"column":18}},"268":{"start":{"line":269,"column":0},"end":{"line":269,"column":47}},"269":{"start":{"line":270,"column":0},"end":{"line":270,"column":20}},"270":{"start":{"line":271,"column":0},"end":{"line":271,"column":19}},"271":{"start":{"line":272,"column":0},"end":{"line":272,"column":24}},"274":{"start":{"line":275,"column":0},"end":{"line":275,"column":59}},"275":{"start":{"line":276,"column":0},"end":{"line":276,"column":20}},"281":{"start":{"line":282,"column":0},"end":{"line":282,"column":35}},"283":{"start":{"line":284,"column":0},"end":{"line":284,"column":12}},"284":{"start":{"line":285,"column":0},"end":{"line":285,"column":68}},"285":{"start":{"line":286,"column":0},"end":{"line":286,"column":39}},"287":{"start":{"line":288,"column":0},"end":{"line":288,"column":21}},"288":{"start":{"line":289,"column":0},"end":{"line":289,"column":34}},"290":{"start":{"line":291,"column":0},"end":{"line":291,"column":67}},"291":{"start":{"line":292,"column":0},"end":{"line":292,"column":33}},"293":{"start":{"line":294,"column":0},"end":{"line":294,"column":68}},"294":{"start":{"line":295,"column":0},"end":{"line":295,"column":31}},"296":{"start":{"line":297,"column":0},"end":{"line":297,"column":69}},"297":{"start":{"line":298,"column":0},"end":{"line":298,"column":32}},"299":{"start":{"line":300,"column":0},"end":{"line":300,"column":67}},"300":{"start":{"line":301,"column":0},"end":{"line":301,"column":30}},"302":{"start":{"line":303,"column":0},"end":{"line":303,"column":72}},"303":{"start":{"line":304,"column":0},"end":{"line":304,"column":35}},"305":{"start":{"line":306,"column":0},"end":{"line":306,"column":67}},"306":{"start":{"line":307,"column":0},"end":{"line":307,"column":30}},"308":{"start":{"line":309,"column":0},"end":{"line":309,"column":27}},"309":{"start":{"line":310,"column":0},"end":{"line":310,"column":37}},"311":{"start":{"line":312,"column":0},"end":{"line":312,"column":60}},"312":{"start":{"line":313,"column":0},"end":{"line":313,"column":29}},"314":{"start":{"line":315,"column":0},"end":{"line":315,"column":14}},"315":{"start":{"line":316,"column":0},"end":{"line":316,"column":70}},"316":{"start":{"line":317,"column":0},"end":{"line":317,"column":19}},"318":{"start":{"line":319,"column":0},"end":{"line":319,"column":46}},"320":{"start":{"line":321,"column":0},"end":{"line":321,"column":26}},"321":{"start":{"line":322,"column":0},"end":{"line":322,"column":36}},"323":{"start":{"line":324,"column":0},"end":{"line":324,"column":26}},"324":{"start":{"line":325,"column":0},"end":{"line":325,"column":38}},"330":{"start":{"line":331,"column":0},"end":{"line":331,"column":14}},"331":{"start":{"line":332,"column":0},"end":{"line":332,"column":35}},"332":{"start":{"line":333,"column":0},"end":{"line":333,"column":21}},"334":{"start":{"line":335,"column":0},"end":{"line":335,"column":40}},"335":{"start":{"line":336,"column":0},"end":{"line":336,"column":33}},"336":{"start":{"line":337,"column":0},"end":{"line":337,"column":48}},"337":{"start":{"line":338,"column":0},"end":{"line":338,"column":20}},"339":{"start":{"line":340,"column":0},"end":{"line":340,"column":22}},"341":{"start":{"line":342,"column":0},"end":{"line":342,"column":16}},"342":{"start":{"line":343,"column":0},"end":{"line":343,"column":35}},"343":{"start":{"line":344,"column":0},"end":{"line":344,"column":21}},"345":{"start":{"line":346,"column":0},"end":{"line":346,"column":43}},"346":{"start":{"line":347,"column":0},"end":{"line":347,"column":33}},"347":{"start":{"line":348,"column":0},"end":{"line":348,"column":28}},"348":{"start":{"line":349,"column":0},"end":{"line":349,"column":21}},"350":{"start":{"line":351,"column":0},"end":{"line":351,"column":23}},"352":{"start":{"line":353,"column":0},"end":{"line":353,"column":31}},"353":{"start":{"line":354,"column":0},"end":{"line":354,"column":14}},"354":{"start":{"line":355,"column":0},"end":{"line":355,"column":33}},"355":{"start":{"line":356,"column":0},"end":{"line":356,"column":39}},"356":{"start":{"line":357,"column":0},"end":{"line":357,"column":36}},"357":{"start":{"line":358,"column":0},"end":{"line":358,"column":32}},"358":{"start":{"line":359,"column":0},"end":{"line":359,"column":26}},"359":{"start":{"line":360,"column":0},"end":{"line":360,"column":18}},"360":{"start":{"line":361,"column":0},"end":{"line":361,"column":47}},"361":{"start":{"line":362,"column":0},"end":{"line":362,"column":20}},"362":{"start":{"line":363,"column":0},"end":{"line":363,"column":19}},"363":{"start":{"line":364,"column":0},"end":{"line":364,"column":24}},"368":{"start":{"line":369,"column":0},"end":{"line":369,"column":17}},"370":{"start":{"line":371,"column":0},"end":{"line":371,"column":28}},"371":{"start":{"line":372,"column":0},"end":{"line":372,"column":33}},"372":{"start":{"line":373,"column":0},"end":{"line":373,"column":27}},"373":{"start":{"line":374,"column":0},"end":{"line":374,"column":36}},"374":{"start":{"line":375,"column":0},"end":{"line":375,"column":32}},"375":{"start":{"line":376,"column":0},"end":{"line":376,"column":30}},"376":{"start":{"line":377,"column":0},"end":{"line":377,"column":47}},"377":{"start":{"line":378,"column":0},"end":{"line":378,"column":20}},"378":{"start":{"line":379,"column":0},"end":{"line":379,"column":19}},"379":{"start":{"line":380,"column":0},"end":{"line":380,"column":24}},"385":{"start":{"line":386,"column":0},"end":{"line":386,"column":67}},"386":{"start":{"line":387,"column":0},"end":{"line":387,"column":26}},"387":{"start":{"line":388,"column":0},"end":{"line":388,"column":33}},"388":{"start":{"line":389,"column":0},"end":{"line":389,"column":57}},"389":{"start":{"line":390,"column":0},"end":{"line":390,"column":43}},"390":{"start":{"line":391,"column":0},"end":{"line":391,"column":31}},"391":{"start":{"line":392,"column":0},"end":{"line":392,"column":25}},"392":{"start":{"line":393,"column":0},"end":{"line":393,"column":25}},"393":{"start":{"line":394,"column":0},"end":{"line":394,"column":46}},"394":{"start":{"line":395,"column":0},"end":{"line":395,"column":19}},"395":{"start":{"line":396,"column":0},"end":{"line":396,"column":18}},"396":{"start":{"line":397,"column":0},"end":{"line":397,"column":23}},"399":{"start":{"line":400,"column":0},"end":{"line":400,"column":22}},"400":{"start":{"line":401,"column":0},"end":{"line":401,"column":44}},"401":{"start":{"line":402,"column":0},"end":{"line":402,"column":49}},"402":{"start":{"line":403,"column":0},"end":{"line":403,"column":18}},"403":{"start":{"line":404,"column":0},"end":{"line":404,"column":23}},"407":{"start":{"line":408,"column":0},"end":{"line":408,"column":78}},"410":{"start":{"line":411,"column":0},"end":{"line":411,"column":17}},"414":{"start":{"line":415,"column":0},"end":{"line":415,"column":18}},"415":{"start":{"line":416,"column":0},"end":{"line":416,"column":40}},"416":{"start":{"line":417,"column":0},"end":{"line":417,"column":19}},"418":{"start":{"line":419,"column":0},"end":{"line":419,"column":25}},"419":{"start":{"line":420,"column":0},"end":{"line":420,"column":37}}},"s":{"0":1,"14":1,"15":1,"16":1,"17":1,"18":1,"19":1,"20":1,"21":1,"22":1,"28":1,"29":1,"31":1,"33":1,"34":1,"35":1,"36":1,"39":1,"40":1,"41":1,"43":1,"44":1,"45":1,"46":1,"48":1,"49":1,"52":1,"53":1,"54":1,"55":1,"57":1,"58":1,"59":1,"60":1,"62":1,"65":1,"66":1,"67":1,"69":1,"70":1,"71":1,"72":1,"74":1,"75":1,"78":1,"79":1,"81":1,"82":1,"83":1,"85":1,"86":1,"87":1,"88":1,"89":1,"90":1,"91":1,"99":1,"100":1,"101":1,"103":1,"106":1,"107":1,"108":1,"109":1,"110":1,"111":1,"112":1,"121":1,"122":1,"123":1,"124":1,"125":1,"126":1,"128":1,"129":1,"130":1,"131":1,"133":1,"134":1,"136":1,"137":1,"139":1,"140":1,"141":108,"142":108,"143":108,"145":108,"146":1,"147":64,"148":64,"151":64,"152":64,"155":64,"156":64,"159":64,"160":64,"162":1,"163":40,"164":1,"165":1,"166":1,"168":1,"171":1,"172":1,"173":1,"174":1,"175":1,"178":1,"180":1,"181":1,"182":1,"183":1,"184":1,"185":1,"186":1,"187":1,"191":1,"194":1,"196":1,"197":1,"198":1,"199":1,"201":1,"203":1,"204":1,"206":1,"210":1,"211":1,"212":1,"214":1,"215":1,"216":1,"219":1,"221":1,"222":1,"223":1,"226":1,"228":1,"229":1,"230":1,"231":1,"233":1,"234":1,"238":1,"241":1,"242":1,"245":1,"246":1,"247":1,"248":1,"249":1,"253":1,"254":1,"255":1,"256":1,"257":1,"258":1,"259":1,"260":1,"264":1,"265":4,"266":4,"267":4,"268":4,"269":4,"270":4,"271":4,"274":1,"275":1,"281":1,"283":1,"284":1,"285":1,"287":1,"288":1,"290":1,"291":1,"293":1,"294":1,"296":1,"297":1,"299":1,"300":1,"302":1,"303":1,"305":1,"306":1,"308":1,"309":1,"311":1,"312":1,"314":1,"315":1,"316":1,"318":1,"320":1,"321":1,"323":1,"324":1,"330":1,"331":1,"332":1,"334":1,"335":1,"336":1,"337":1,"339":1,"341":1,"342":1,"343":1,"345":1,"346":1,"347":1,"348":1,"350":1,"352":1,"353":1,"354":1,"355":1,"356":1,"357":1,"358":1,"359":1,"360":1,"361":1,"362":1,"363":1,"368":1,"370":1,"371":1,"372":1,"373":1,"374":1,"375":1,"376":1,"377":1,"378":1,"379":1,"385":1,"386":1,"387":1,"388":1,"389":1,"390":1,"391":1,"392":1,"393":1,"394":1,"395":1,"396":1,"399":1,"400":1,"401":1,"402":1,"403":1,"407":1,"410":1,"414":1,"415":1,"416":1,"418":1,"419":1},"branchMap":{"0":{"type":"branch","line":30,"loc":{"start":{"line":30,"column":27},"end":{"line":30,"column":53}},"locations":[{"start":{"line":30,"column":27},"end":{"line":30,"column":53}}]},"1":{"type":"branch","line":141,"loc":{"start":{"line":141,"column":26},"end":{"line":147,"column":28}},"locations":[{"start":{"line":141,"column":26},"end":{"line":147,"column":28}}]},"2":{"type":"branch","line":147,"loc":{"start":{"line":147,"column":28},"end":{"line":163,"column":21}},"locations":[{"start":{"line":147,"column":28},"end":{"line":163,"column":21}}]},"3":{"type":"branch","line":163,"loc":{"start":{"line":163,"column":28},"end":{"line":165,"column":21}},"locations":[{"start":{"line":163,"column":28},"end":{"line":165,"column":21}}]},"4":{"type":"branch","line":220,"loc":{"start":{"line":220,"column":38},"end":{"line":220,"column":67}},"locations":[{"start":{"line":220,"column":38},"end":{"line":220,"column":67}}]},"5":{"type":"branch","line":254,"loc":{"start":{"line":254,"column":18},"end":{"line":254,"column":41}},"locations":[{"start":{"line":254,"column":18},"end":{"line":254,"column":41}}]},"6":{"type":"branch","line":255,"loc":{"start":{"line":255,"column":33},"end":{"line":255,"column":50}},"locations":[{"start":{"line":255,"column":33},"end":{"line":255,"column":50}}]},"7":{"type":"branch","line":255,"loc":{"start":{"line":255,"column":40},"end":{"line":255,"column":53}},"locations":[{"start":{"line":255,"column":40},"end":{"line":255,"column":53}}]},"8":{"type":"branch","line":260,"loc":{"start":{"line":260,"column":22},"end":{"line":260,"column":63}},"locations":[{"start":{"line":260,"column":22},"end":{"line":260,"column":63}}]},"9":{"type":"branch","line":265,"loc":{"start":{"line":265,"column":31},"end":{"line":275,"column":20}},"locations":[{"start":{"line":265,"column":31},"end":{"line":275,"column":20}}]},"10":{"type":"branch","line":275,"loc":{"start":{"line":275,"column":38},"end":{"line":275,"column":59}},"locations":[{"start":{"line":275,"column":38},"end":{"line":275,"column":59}}]}},"b":{"0":[83],"1":[108],"2":[64],"3":[40],"4":[100],"5":[6],"6":[12],"7":[0],"8":[0],"9":[4],"10":[1]},"fnMap":{},"f":{}}
,"/Users/macbook/syncrostate/package/src/lib/proxys/base.svelte.ts": {"path":"/Users/macbook/syncrostate/package/src/lib/proxys/base.svelte.ts","all":false,"statementMap":{"0":{"start":{"line":1,"column":0},"end":{"line":1,"column":25}},"7":{"start":{"line":8,"column":0},"end":{"line":8,"column":29}},"8":{"start":{"line":9,"column":0},"end":{"line":9,"column":15}},"9":{"start":{"line":10,"column":0},"end":{"line":10,"column":38}},"10":{"start":{"line":11,"column":0},"end":{"line":11,"column":36}},"11":{"start":{"line":12,"column":0},"end":{"line":12,"column":14}},"12":{"start":{"line":13,"column":0},"end":{"line":13,"column":25}},"13":{"start":{"line":14,"column":0},"end":{"line":14,"column":22}},"14":{"start":{"line":15,"column":0},"end":{"line":15,"column":20}},"20":{"start":{"line":21,"column":0},"end":{"line":21,"column":26}},"21":{"start":{"line":22,"column":0},"end":{"line":22,"column":40}},"22":{"start":{"line":23,"column":0},"end":{"line":23,"column":35}},"23":{"start":{"line":24,"column":0},"end":{"line":24,"column":28}},"24":{"start":{"line":25,"column":0},"end":{"line":25,"column":22}},"25":{"start":{"line":26,"column":0},"end":{"line":26,"column":26}},"28":{"start":{"line":29,"column":0},"end":{"line":29,"column":35}},"29":{"start":{"line":30,"column":0},"end":{"line":30,"column":43}},"32":{"start":{"line":33,"column":0},"end":{"line":33,"column":62}},"33":{"start":{"line":34,"column":0},"end":{"line":34,"column":54}},"34":{"start":{"line":35,"column":0},"end":{"line":35,"column":41}},"35":{"start":{"line":36,"column":0},"end":{"line":36,"column":39}},"39":{"start":{"line":40,"column":0},"end":{"line":40,"column":18}},"40":{"start":{"line":41,"column":0},"end":{"line":41,"column":37}},"43":{"start":{"line":44,"column":0},"end":{"line":44,"column":34}},"44":{"start":{"line":45,"column":0},"end":{"line":45,"column":32}},"45":{"start":{"line":46,"column":0},"end":{"line":46,"column":36}},"46":{"start":{"line":47,"column":0},"end":{"line":47,"column":25}},"47":{"start":{"line":48,"column":0},"end":{"line":48,"column":33}},"48":{"start":{"line":49,"column":0},"end":{"line":49,"column":26}},"49":{"start":{"line":50,"column":0},"end":{"line":50,"column":91}}},"s":{"0":1,"7":1,"8":1,"9":1,"10":1,"11":1,"12":1,"13":1,"14":1,"20":1,"21":1,"22":1,"23":1,"24":1,"25":1,"28":1,"29":1,"32":1,"33":1,"34":1,"35":1,"39":1,"40":1,"43":1,"44":1,"45":1,"46":1,"47":1,"48":1,"49":1},"branchMap":{"0":{"type":"branch","line":50,"loc":{"start":{"line":50,"column":45},"end":{"line":50,"column":67}},"locations":[{"start":{"line":50,"column":45},"end":{"line":50,"column":67}}]},"1":{"type":"branch","line":50,"loc":{"start":{"line":50,"column":67},"end":{"line":50,"column":91}},"locations":[{"start":{"line":50,"column":67},"end":{"line":50,"column":91}}]},"2":{"type":"branch","line":50,"loc":{"start":{"line":50,"column":75},"end":{"line":50,"column":91}},"locations":[{"start":{"line":50,"column":75},"end":{"line":50,"column":91}}]}},"b":{"0":[4],"1":[15],"2":[0]},"fnMap":{},"f":{}}
,"/Users/macbook/syncrostate/package/src/lib/proxys/boolean.svelte.ts": {"path":"/Users/macbook/syncrostate/package/src/lib/proxys/boolean.svelte.ts","all":false,"statementMap":{"0":{"start":{"line":1,"column":0},"end":{"line":1,"column":62}},"9":{"start":{"line":10,"column":0},"end":{"line":10,"column":51}},"10":{"start":{"line":11,"column":0},"end":{"line":11,"column":29}},"12":{"start":{"line":13,"column":0},"end":{"line":13,"column":14}},"13":{"start":{"line":14,"column":0},"end":{"line":14,"column":53}},"14":{"start":{"line":15,"column":0},"end":{"line":15,"column":59}},"15":{"start":{"line":16,"column":0},"end":{"line":16,"column":50}},"17":{"start":{"line":18,"column":0},"end":{"line":18,"column":64}},"18":{"start":{"line":19,"column":0},"end":{"line":19,"column":50}},"20":{"start":{"line":21,"column":0},"end":{"line":21,"column":15}},"23":{"start":{"line":24,"column":0},"end":{"line":24,"column":35}},"24":{"start":{"line":25,"column":0},"end":{"line":25,"column":39}},"25":{"start":{"line":26,"column":0},"end":{"line":26,"column":40}},"28":{"start":{"line":29,"column":0},"end":{"line":29,"column":28}},"29":{"start":{"line":30,"column":0},"end":{"line":30,"column":35}},"31":{"start":{"line":32,"column":0},"end":{"line":32,"column":51}},"35":{"start":{"line":36,"column":0},"end":{"line":36,"column":20}},"42":{"start":{"line":43,"column":0},"end":{"line":43,"column":14}},"43":{"start":{"line":44,"column":0},"end":{"line":44,"column":34}}},"s":{"0":1,"9":1,"10":1,"12":1,"13":1,"14":1,"15":1,"17":1,"18":1,"20":1,"23":1,"24":1,"25":1,"28":1,"29":1,"31":1,"35":1,"42":1,"43":1},"branchMap":{"0":{"type":"branch","line":15,"loc":{"start":{"line":15,"column":30},"end":{"line":15,"column":59}},"locations":[{"start":{"line":15,"column":30},"end":{"line":15,"column":59}}]},"1":{"type":"branch","line":18,"loc":{"start":{"line":18,"column":30},"end":{"line":18,"column":64}},"locations":[{"start":{"line":18,"column":30},"end":{"line":18,"column":64}}]}},"b":{"0":[25],"1":[27]},"fnMap":{},"f":{}}
,"/Users/macbook/syncrostate/package/src/lib/proxys/date.svelte.ts": {"path":"/Users/macbook/syncrostate/package/src/lib/proxys/date.svelte.ts","all":false,"statementMap":{"0":{"start":{"line":1,"column":0},"end":{"line":1,"column":25}},"10":{"start":{"line":11,"column":0},"end":{"line":11,"column":48}},"11":{"start":{"line":12,"column":0},"end":{"line":12,"column":31}},"12":{"start":{"line":13,"column":0},"end":{"line":13,"column":25}},"13":{"start":{"line":14,"column":0},"end":{"line":14,"column":21}},"14":{"start":{"line":15,"column":0},"end":{"line":15,"column":44}},"15":{"start":{"line":16,"column":0},"end":{"line":16,"column":38}},"16":{"start":{"line":17,"column":0},"end":{"line":17,"column":32}},"17":{"start":{"line":18,"column":0},"end":{"line":18,"column":46}},"18":{"start":{"line":19,"column":0},"end":{"line":19,"column":62}},"19":{"start":{"line":20,"column":0},"end":{"line":20,"column":14}},"21":{"start":{"line":22,"column":0},"end":{"line":22,"column":16}},"24":{"start":{"line":25,"column":0},"end":{"line":25,"column":18}},"30":{"start":{"line":31,"column":0},"end":{"line":31,"column":48}},"31":{"start":{"line":32,"column":0},"end":{"line":32,"column":26}},"33":{"start":{"line":34,"column":0},"end":{"line":34,"column":31}},"34":{"start":{"line":35,"column":0},"end":{"line":35,"column":46}},"35":{"start":{"line":36,"column":0},"end":{"line":36,"column":43}},"36":{"start":{"line":37,"column":0},"end":{"line":37,"column":49}},"37":{"start":{"line":38,"column":0},"end":{"line":38,"column":31}},"41":{"start":{"line":42,"column":0},"end":{"line":42,"column":14}},"42":{"start":{"line":43,"column":0},"end":{"line":43,"column":76}},"43":{"start":{"line":44,"column":0},"end":{"line":44,"column":59}},"44":{"start":{"line":45,"column":0},"end":{"line":45,"column":20}},"46":{"start":{"line":47,"column":0},"end":{"line":47,"column":64}},"47":{"start":{"line":48,"column":0},"end":{"line":48,"column":20}},"49":{"start":{"line":50,"column":0},"end":{"line":50,"column":15}},"52":{"start":{"line":53,"column":0},"end":{"line":53,"column":50}},"53":{"start":{"line":54,"column":0},"end":{"line":54,"column":48}},"54":{"start":{"line":55,"column":0},"end":{"line":55,"column":17}},"55":{"start":{"line":56,"column":0},"end":{"line":56,"column":40}},"58":{"start":{"line":59,"column":0},"end":{"line":59,"column":46}},"59":{"start":{"line":60,"column":0},"end":{"line":60,"column":49}},"60":{"start":{"line":61,"column":0},"end":{"line":61,"column":48}},"62":{"start":{"line":63,"column":0},"end":{"line":63,"column":29}},"63":{"start":{"line":64,"column":0},"end":{"line":64,"column":36}},"65":{"start":{"line":66,"column":0},"end":{"line":66,"column":25}},"66":{"start":{"line":67,"column":0},"end":{"line":67,"column":25}},"71":{"start":{"line":72,"column":0},"end":{"line":72,"column":40}},"72":{"start":{"line":73,"column":0},"end":{"line":73,"column":58}},"73":{"start":{"line":74,"column":0},"end":{"line":74,"column":16}},"74":{"start":{"line":75,"column":0},"end":{"line":75,"column":44}},"78":{"start":{"line":79,"column":0},"end":{"line":79,"column":26}},"79":{"start":{"line":80,"column":0},"end":{"line":80,"column":31}},"82":{"start":{"line":83,"column":0},"end":{"line":83,"column":20}},"89":{"start":{"line":90,"column":0},"end":{"line":90,"column":14}},"90":{"start":{"line":91,"column":0},"end":{"line":91,"column":34}},"91":{"start":{"line":92,"column":0},"end":{"line":92,"column":31}}},"s":{"0":1,"10":1,"11":1,"12":1,"13":1,"14":1,"15":1,"16":1,"17":1,"18":1,"19":1,"21":1,"24":1,"30":1,"31":1,"33":1,"34":1,"35":1,"36":1,"37":1,"41":1,"42":1,"43":1,"44":1,"46":1,"47":1,"49":1,"52":1,"53":1,"54":1,"55":1,"58":1,"59":1,"60":1,"62":1,"63":1,"65":1,"66":1,"71":1,"72":1,"73":1,"74":1,"78":1,"79":1,"82":1,"89":1,"90":1,"91":1},"branchMap":{"0":{"type":"branch","line":37,"loc":{"start":{"line":37,"column":27},"end":{"line":37,"column":49}},"locations":[{"start":{"line":37,"column":27},"end":{"line":37,"column":49}}]},"1":{"type":"branch","line":43,"loc":{"start":{"line":43,"column":34},"end":{"line":43,"column":59}},"locations":[{"start":{"line":43,"column":34},"end":{"line":43,"column":59}}]},"2":{"type":"branch","line":43,"loc":{"start":{"line":43,"column":48},"end":{"line":43,"column":66}},"locations":[{"start":{"line":43,"column":48},"end":{"line":43,"column":66}}]},"3":{"type":"branch","line":43,"loc":{"start":{"line":43,"column":59},"end":{"line":43,"column":76}},"locations":[{"start":{"line":43,"column":59},"end":{"line":43,"column":76}}]},"4":{"type":"branch","line":44,"loc":{"start":{"line":44,"column":30},"end":{"line":44,"column":59}},"locations":[{"start":{"line":44,"column":30},"end":{"line":44,"column":59}}]},"5":{"type":"branch","line":47,"loc":{"start":{"line":47,"column":30},"end":{"line":47,"column":64}},"locations":[{"start":{"line":47,"column":30},"end":{"line":47,"column":64}}]},"6":{"type":"branch","line":59,"loc":{"start":{"line":59,"column":16},"end":{"line":59,"column":46}},"locations":[{"start":{"line":59,"column":16},"end":{"line":59,"column":46}}]},"7":{"type":"branch","line":75,"loc":{"start":{"line":75,"column":21},"end":{"line":75,"column":41}},"locations":[{"start":{"line":75,"column":21},"end":{"line":75,"column":41}}]},"8":{"type":"branch","line":75,"loc":{"start":{"line":75,"column":28},"end":{"line":75,"column":42}},"locations":[{"start":{"line":75,"column":28},"end":{"line":75,"column":42}}]}},"b":{"0":[23],"1":[79],"2":[6],"3":[74],"4":[55],"5":[57],"6":[60],"7":[10],"8":[1]},"fnMap":{},"f":{}}
,"/Users/macbook/syncrostate/package/src/lib/proxys/enum.svelte.ts": {"path":"/Users/macbook/syncrostate/package/src/lib/proxys/enum.svelte.ts","all":false,"statementMap":{"0":{"start":{"line":1,"column":0},"end":{"line":1,"column":25}},"7":{"start":{"line":8,"column":0},"end":{"line":8,"column":93}},"8":{"start":{"line":9,"column":0},"end":{"line":9,"column":43}},"9":{"start":{"line":10,"column":0},"end":{"line":10,"column":23}},"11":{"start":{"line":12,"column":0},"end":{"line":12,"column":14}},"12":{"start":{"line":13,"column":0},"end":{"line":13,"column":53}},"13":{"start":{"line":14,"column":0},"end":{"line":14,"column":59}},"14":{"start":{"line":15,"column":0},"end":{"line":15,"column":60}},"16":{"start":{"line":17,"column":0},"end":{"line":17,"column":64}},"17":{"start":{"line":18,"column":0},"end":{"line":18,"column":60}},"19":{"start":{"line":20,"column":0},"end":{"line":20,"column":15}},"22":{"start":{"line":23,"column":0},"end":{"line":23,"column":29}},"23":{"start":{"line":24,"column":0},"end":{"line":24,"column":39}},"24":{"start":{"line":25,"column":0},"end":{"line":25,"column":40}},"27":{"start":{"line":28,"column":0},"end":{"line":28,"column":28}},"28":{"start":{"line":29,"column":0},"end":{"line":29,"column":35}},"30":{"start":{"line":31,"column":0},"end":{"line":31,"column":51}},"34":{"start":{"line":35,"column":0},"end":{"line":35,"column":20}},"41":{"start":{"line":42,"column":0},"end":{"line":42,"column":14}},"42":{"start":{"line":43,"column":0},"end":{"line":43,"column":72}},"43":{"start":{"line":44,"column":0},"end":{"line":44,"column":34}}},"s":{"0":1,"7":1,"8":1,"9":1,"11":1,"12":1,"13":1,"14":1,"16":1,"17":1,"19":1,"22":1,"23":1,"24":1,"27":1,"28":1,"30":1,"34":1,"41":1,"42":1,"43":1},"branchMap":{"0":{"type":"branch","line":14,"loc":{"start":{"line":14,"column":30},"end":{"line":14,"column":59}},"locations":[{"start":{"line":14,"column":30},"end":{"line":14,"column":59}}]},"1":{"type":"branch","line":17,"loc":{"start":{"line":17,"column":30},"end":{"line":17,"column":64}},"locations":[{"start":{"line":17,"column":30},"end":{"line":17,"column":64}}]}},"b":{"0":[25],"1":[27]},"fnMap":{},"f":{}}
,"/Users/macbook/syncrostate/package/src/lib/proxys/number.svelte.ts": {"path":"/Users/macbook/syncrostate/package/src/lib/proxys/number.svelte.ts","all":false,"statementMap":{"0":{"start":{"line":1,"column":0},"end":{"line":1,"column":25}},"6":{"start":{"line":7,"column":0},"end":{"line":7,"column":50}},"7":{"start":{"line":8,"column":0},"end":{"line":8,"column":28}},"9":{"start":{"line":10,"column":0},"end":{"line":10,"column":14}},"10":{"start":{"line":11,"column":0},"end":{"line":11,"column":46}},"13":{"start":{"line":14,"column":0},"end":{"line":14,"column":34}},"14":{"start":{"line":15,"column":0},"end":{"line":15,"column":39}},"15":{"start":{"line":16,"column":0},"end":{"line":16,"column":40}},"18":{"start":{"line":19,"column":0},"end":{"line":19,"column":28}},"19":{"start":{"line":20,"column":0},"end":{"line":20,"column":35}},"21":{"start":{"line":22,"column":0},"end":{"line":22,"column":51}},"25":{"start":{"line":26,"column":0},"end":{"line":26,"column":20}},"32":{"start":{"line":33,"column":0},"end":{"line":33,"column":14}},"33":{"start":{"line":34,"column":0},"end":{"line":34,"column":34}}},"s":{"0":1,"6":1,"7":1,"9":1,"10":1,"13":1,"14":1,"15":1,"18":1,"19":1,"21":1,"25":1,"32":1,"33":1},"branchMap":{},"b":{},"fnMap":{},"f":{}}
,"/Users/macbook/syncrostate/package/src/lib/proxys/object.svelte.ts": {"path":"/Users/macbook/syncrostate/package/src/lib/proxys/object.svelte.ts","all":false,"statementMap":{"0":{"start":{"line":1,"column":0},"end":{"line":1,"column":25}},"9":{"start":{"line":10,"column":0},"end":{"line":10,"column":56}},"10":{"start":{"line":11,"column":0},"end":{"line":11,"column":18}},"13":{"start":{"line":14,"column":0},"end":{"line":14,"column":26}},"14":{"start":{"line":15,"column":0},"end":{"line":15,"column":52}},"15":{"start":{"line":16,"column":0},"end":{"line":16,"column":27}},"17":{"start":{"line":18,"column":0},"end":{"line":18,"column":21}},"22":{"start":{"line":23,"column":0},"end":{"line":23,"column":27}},"23":{"start":{"line":24,"column":0},"end":{"line":24,"column":14}},"24":{"start":{"line":25,"column":0},"end":{"line":25,"column":33}},"25":{"start":{"line":26,"column":0},"end":{"line":26,"column":19}},"26":{"start":{"line":27,"column":0},"end":{"line":27,"column":57}},"27":{"start":{"line":28,"column":0},"end":{"line":28,"column":25}},"28":{"start":{"line":29,"column":0},"end":{"line":29,"column":12}},"29":{"start":{"line":30,"column":0},"end":{"line":30,"column":25}},"30":{"start":{"line":31,"column":0},"end":{"line":31,"column":22}},"31":{"start":{"line":32,"column":0},"end":{"line":32,"column":33}},"33":{"start":{"line":34,"column":0},"end":{"line":34,"column":44}},"34":{"start":{"line":35,"column":0},"end":{"line":35,"column":30}},"35":{"start":{"line":36,"column":0},"end":{"line":36,"column":15}},"38":{"start":{"line":39,"column":0},"end":{"line":39,"column":43}},"39":{"start":{"line":40,"column":0},"end":{"line":40,"column":21}},"40":{"start":{"line":41,"column":0},"end":{"line":41,"column":42}},"41":{"start":{"line":42,"column":0},"end":{"line":42,"column":15}},"42":{"start":{"line":43,"column":0},"end":{"line":43,"column":55}},"43":{"start":{"line":44,"column":0},"end":{"line":44,"column":55}},"44":{"start":{"line":45,"column":0},"end":{"line":45,"column":15}},"46":{"start":{"line":47,"column":0},"end":{"line":47,"column":23}},"47":{"start":{"line":48,"column":0},"end":{"line":48,"column":24}},"48":{"start":{"line":49,"column":0},"end":{"line":49,"column":30}},"49":{"start":{"line":50,"column":0},"end":{"line":50,"column":14}},"52":{"start":{"line":53,"column":0},"end":{"line":53,"column":12}},"53":{"start":{"line":54,"column":0},"end":{"line":54,"column":21}},"54":{"start":{"line":55,"column":0},"end":{"line":55,"column":55}},"57":{"start":{"line":58,"column":0},"end":{"line":58,"column":24}},"58":{"start":{"line":59,"column":0},"end":{"line":59,"column":57}},"60":{"start":{"line":61,"column":0},"end":{"line":61,"column":17}},"61":{"start":{"line":62,"column":0},"end":{"line":62,"column":40}},"65":{"start":{"line":66,"column":0},"end":{"line":66,"column":45}},"67":{"start":{"line":68,"column":0},"end":{"line":68,"column":32}},"68":{"start":{"line":69,"column":0},"end":{"line":69,"column":16}},"69":{"start":{"line":70,"column":0},"end":{"line":70,"column":30}},"70":{"start":{"line":71,"column":0},"end":{"line":71,"column":46}},"72":{"start":{"line":73,"column":0},"end":{"line":73,"column":20}},"75":{"start":{"line":76,"column":0},"end":{"line":76,"column":22}},"76":{"start":{"line":77,"column":0},"end":{"line":77,"column":25}},"77":{"start":{"line":78,"column":0},"end":{"line":78,"column":36}},"79":{"start":{"line":80,"column":0},"end":{"line":80,"column":92}},"80":{"start":{"line":81,"column":0},"end":{"line":81,"column":38}},"81":{"start":{"line":82,"column":0},"end":{"line":82,"column":38}},"82":{"start":{"line":83,"column":0},"end":{"line":83,"column":35}},"83":{"start":{"line":84,"column":0},"end":{"line":84,"column":28}},"85":{"start":{"line":86,"column":0},"end":{"line":86,"column":53}},"86":{"start":{"line":87,"column":0},"end":{"line":87,"column":24}},"87":{"start":{"line":88,"column":0},"end":{"line":88,"column":49}},"88":{"start":{"line":89,"column":0},"end":{"line":89,"column":24}},"89":{"start":{"line":90,"column":0},"end":{"line":90,"column":33}},"91":{"start":{"line":92,"column":0},"end":{"line":92,"column":51}},"92":{"start":{"line":93,"column":0},"end":{"line":93,"column":12}},"93":{"start":{"line":94,"column":0},"end":{"line":94,"column":30}},"94":{"start":{"line":95,"column":0},"end":{"line":95,"column":21}},"95":{"start":{"line":96,"column":0},"end":{"line":96,"column":26}},"96":{"start":{"line":97,"column":0},"end":{"line":97,"column":13}},"105":{"start":{"line":106,"column":0},"end":{"line":106,"column":14}},"106":{"start":{"line":107,"column":0},"end":{"line":107,"column":20}},"107":{"start":{"line":108,"column":0},"end":{"line":108,"column":15}},"109":{"start":{"line":110,"column":0},"end":{"line":110,"column":20}},"111":{"start":{"line":112,"column":0},"end":{"line":112,"column":14}},"112":{"start":{"line":113,"column":0},"end":{"line":113,"column":8}},"113":{"start":{"line":114,"column":0},"end":{"line":114,"column":17}},"114":{"start":{"line":115,"column":0},"end":{"line":115,"column":12}},"115":{"start":{"line":116,"column":0},"end":{"line":116,"column":8}},"116":{"start":{"line":117,"column":0},"end":{"line":117,"column":26}},"117":{"start":{"line":118,"column":0},"end":{"line":118,"column":8}},"118":{"start":{"line":119,"column":0},"end":{"line":119,"column":9}},"119":{"start":{"line":120,"column":0},"end":{"line":120,"column":5}},"130":{"start":{"line":131,"column":0},"end":{"line":131,"column":23}},"131":{"start":{"line":132,"column":0},"end":{"line":132,"column":21}},"132":{"start":{"line":133,"column":0},"end":{"line":133,"column":17}},"133":{"start":{"line":134,"column":0},"end":{"line":134,"column":29}},"134":{"start":{"line":135,"column":0},"end":{"line":135,"column":21}},"135":{"start":{"line":136,"column":0},"end":{"line":136,"column":47}},"137":{"start":{"line":138,"column":0},"end":{"line":138,"column":45}},"139":{"start":{"line":140,"column":0},"end":{"line":140,"column":25}},"142":{"start":{"line":143,"column":0},"end":{"line":143,"column":37}},"143":{"start":{"line":144,"column":0},"end":{"line":144,"column":30}},"144":{"start":{"line":145,"column":0},"end":{"line":145,"column":25}},"146":{"start":{"line":147,"column":0},"end":{"line":147,"column":29}},"147":{"start":{"line":148,"column":0},"end":{"line":148,"column":25}},"150":{"start":{"line":151,"column":0},"end":{"line":151,"column":30}},"151":{"start":{"line":152,"column":0},"end":{"line":152,"column":50}},"154":{"start":{"line":155,"column":0},"end":{"line":155,"column":28}},"155":{"start":{"line":156,"column":0},"end":{"line":156,"column":27}},"158":{"start":{"line":159,"column":0},"end":{"line":159,"column":48}},"160":{"start":{"line":161,"column":0},"end":{"line":161,"column":24}},"161":{"start":{"line":162,"column":0},"end":{"line":162,"column":23}},"163":{"start":{"line":164,"column":0},"end":{"line":164,"column":30}},"165":{"start":{"line":166,"column":0},"end":{"line":166,"column":49}},"166":{"start":{"line":167,"column":0},"end":{"line":167,"column":50}},"167":{"start":{"line":168,"column":0},"end":{"line":168,"column":19}},"169":{"start":{"line":170,"column":0},"end":{"line":170,"column":31}},"170":{"start":{"line":171,"column":0},"end":{"line":171,"column":46}},"173":{"start":{"line":174,"column":0},"end":{"line":174,"column":48}},"174":{"start":{"line":175,"column":0},"end":{"line":175,"column":24}},"175":{"start":{"line":176,"column":0},"end":{"line":176,"column":36}},"176":{"start":{"line":177,"column":0},"end":{"line":177,"column":51}},"177":{"start":{"line":178,"column":0},"end":{"line":178,"column":12}},"178":{"start":{"line":179,"column":0},"end":{"line":179,"column":30}},"179":{"start":{"line":180,"column":0},"end":{"line":180,"column":21}},"180":{"start":{"line":181,"column":0},"end":{"line":181,"column":26}},"181":{"start":{"line":182,"column":0},"end":{"line":182,"column":13}},"185":{"start":{"line":186,"column":0},"end":{"line":186,"column":32}},"187":{"start":{"line":188,"column":0},"end":{"line":188,"column":17}},"190":{"start":{"line":191,"column":0},"end":{"line":191,"column":40}},"192":{"start":{"line":193,"column":0},"end":{"line":193,"column":37}},"193":{"start":{"line":194,"column":0},"end":{"line":194,"column":35}},"194":{"start":{"line":195,"column":0},"end":{"line":195,"column":19}},"196":{"start":{"line":197,"column":0},"end":{"line":197,"column":32}},"199":{"start":{"line":200,"column":0},"end":{"line":200,"column":53}},"200":{"start":{"line":201,"column":0},"end":{"line":201,"column":75}},"202":{"start":{"line":203,"column":0},"end":{"line":203,"column":24}},"203":{"start":{"line":204,"column":0},"end":{"line":204,"column":25}},"207":{"start":{"line":208,"column":0},"end":{"line":208,"column":22}},"210":{"start":{"line":211,"column":0},"end":{"line":211,"column":48}},"213":{"start":{"line":214,"column":0},"end":{"line":214,"column":16}},"214":{"start":{"line":215,"column":0},"end":{"line":215,"column":31}},"215":{"start":{"line":216,"column":0},"end":{"line":216,"column":20}},"218":{"start":{"line":219,"column":0},"end":{"line":219,"column":66}},"219":{"start":{"line":220,"column":0},"end":{"line":220,"column":58}},"220":{"start":{"line":221,"column":0},"end":{"line":221,"column":49}},"221":{"start":{"line":222,"column":0},"end":{"line":222,"column":46}},"222":{"start":{"line":223,"column":0},"end":{"line":223,"column":44}},"223":{"start":{"line":224,"column":0},"end":{"line":224,"column":26}},"224":{"start":{"line":225,"column":0},"end":{"line":225,"column":35}},"226":{"start":{"line":227,"column":0},"end":{"line":227,"column":27}},"228":{"start":{"line":229,"column":0},"end":{"line":229,"column":44}},"229":{"start":{"line":230,"column":0},"end":{"line":230,"column":10}},"230":{"start":{"line":231,"column":0},"end":{"line":231,"column":64}},"231":{"start":{"line":232,"column":0},"end":{"line":232,"column":24}},"232":{"start":{"line":233,"column":0},"end":{"line":233,"column":18}},"235":{"start":{"line":236,"column":0},"end":{"line":236,"column":62}},"238":{"start":{"line":239,"column":0},"end":{"line":239,"column":37}},"239":{"start":{"line":240,"column":0},"end":{"line":240,"column":23}},"245":{"start":{"line":246,"column":0},"end":{"line":246,"column":17}},"246":{"start":{"line":247,"column":0},"end":{"line":247,"column":89}},"247":{"start":{"line":248,"column":0},"end":{"line":248,"column":47}},"248":{"start":{"line":249,"column":0},"end":{"line":249,"column":29}},"249":{"start":{"line":250,"column":0},"end":{"line":250,"column":41}},"251":{"start":{"line":252,"column":0},"end":{"line":252,"column":14}},"255":{"start":{"line":256,"column":0},"end":{"line":256,"column":26}},"256":{"start":{"line":257,"column":0},"end":{"line":257,"column":32}},"257":{"start":{"line":258,"column":0},"end":{"line":258,"column":26}},"258":{"start":{"line":259,"column":0},"end":{"line":259,"column":37}},"259":{"start":{"line":260,"column":0},"end":{"line":260,"column":23}},"262":{"start":{"line":263,"column":0},"end":{"line":263,"column":58}},"263":{"start":{"line":264,"column":0},"end":{"line":264,"column":26}},"264":{"start":{"line":265,"column":0},"end":{"line":265,"column":52}},"265":{"start":{"line":266,"column":0},"end":{"line":266,"column":20}},"269":{"start":{"line":270,"column":0},"end":{"line":270,"column":83}},"270":{"start":{"line":271,"column":0},"end":{"line":271,"column":27}},"271":{"start":{"line":272,"column":0},"end":{"line":272,"column":70}},"275":{"start":{"line":276,"column":0},"end":{"line":276,"column":49}},"276":{"start":{"line":277,"column":0},"end":{"line":277,"column":10}},"277":{"start":{"line":278,"column":0},"end":{"line":278,"column":27}},"278":{"start":{"line":279,"column":0},"end":{"line":279,"column":19}},"279":{"start":{"line":280,"column":0},"end":{"line":280,"column":67}},"280":{"start":{"line":281,"column":0},"end":{"line":281,"column":23}},"287":{"start":{"line":288,"column":0},"end":{"line":288,"column":18}},"288":{"start":{"line":289,"column":0},"end":{"line":289,"column":37}},"289":{"start":{"line":290,"column":0},"end":{"line":290,"column":61}},"290":{"start":{"line":291,"column":0},"end":{"line":291,"column":25}},"292":{"start":{"line":293,"column":0},"end":{"line":293,"column":25}}},"s":{"0":1,"9":1,"10":1,"13":1,"14":1,"15":1,"17":1,"22":1,"23":1,"24":1,"25":1,"26":1,"27":1,"28":1,"29":1,"30":1,"31":1,"33":1,"34":1,"35":1,"38":1,"39":1,"40":0,"41":0,"42":1,"43":1,"44":1,"46":1,"47":1,"48":1,"49":1,"52":1,"53":1,"54":1,"57":1,"58":1,"60":1,"61":1,"65":1,"67":1,"68":1,"69":1,"70":1,"72":1,"75":1,"76":1,"77":1,"79":1,"80":1,"81":1,"82":1,"83":1,"85":1,"86":1,"87":1,"88":1,"89":1,"91":1,"92":1,"93":1,"94":1,"95":1,"96":1,"105":1,"106":1,"107":1,"109":1,"111":1,"112":1,"113":1,"114":1,"115":1,"116":1,"117":1,"118":1,"119":1,"130":1,"131":1,"132":1,"133":1,"134":1,"135":1,"137":1,"139":1,"142":1,"143":1,"144":1,"146":1,"147":1,"150":1,"151":1,"154":1,"155":1,"158":1,"160":1,"161":1,"163":1,"165":1,"166":1,"167":1,"169":1,"170":1,"173":1,"174":1,"175":1,"176":1,"177":1,"178":1,"179":1,"180":1,"181":1,"185":1,"187":1,"190":1,"192":1,"193":1,"194":1,"196":1,"199":1,"200":1,"202":1,"203":1,"207":1,"210":1,"213":1,"214":1,"215":1,"218":1,"219":1,"220":1,"221":1,"222":1,"223":1,"224":1,"226":1,"228":1,"229":1,"230":1,"231":1,"232":1,"235":1,"238":1,"239":1,"245":1,"246":1,"247":1,"248":1,"249":1,"251":1,"255":1,"256":1,"257":1,"258":1,"259":1,"262":1,"263":1,"264":1,"265":1,"269":1,"270":1,"271":1,"275":1,"276":1,"277":1,"278":1,"279":1,"280":1,"287":1,"288":1,"289":1,"290":1,"292":1},"branchMap":{"0":{"type":"branch","line":40,"loc":{"start":{"line":40,"column":7},"end":{"line":43,"column":26}},"locations":[{"start":{"line":40,"column":7},"end":{"line":43,"column":26}}]},"1":{"type":"branch","line":80,"loc":{"start":{"line":80,"column":59},"end":{"line":80,"column":92}},"locations":[{"start":{"line":80,"column":59},"end":{"line":80,"column":92}}]},"2":{"type":"branch","line":201,"loc":{"start":{"line":201,"column":50},"end":{"line":201,"column":75}},"locations":[{"start":{"line":201,"column":50},"end":{"line":201,"column":75}}]},"3":{"type":"branch","line":211,"loc":{"start":{"line":211,"column":4},"end":{"line":211,"column":48}},"locations":[{"start":{"line":211,"column":4},"end":{"line":211,"column":48}}]},"4":{"type":"branch","line":265,"loc":{"start":{"line":265,"column":31},"end":{"line":265,"column":52}},"locations":[{"start":{"line":265,"column":31},"end":{"line":265,"column":52}}]},"5":{"type":"branch","line":280,"loc":{"start":{"line":280,"column":13},"end":{"line":280,"column":29}},"locations":[{"start":{"line":280,"column":13},"end":{"line":280,"column":29}}]},"6":{"type":"branch","line":280,"loc":{"start":{"line":280,"column":24},"end":{"line":280,"column":67}},"locations":[{"start":{"line":280,"column":24},"end":{"line":280,"column":67}}]},"7":{"type":"branch","line":280,"loc":{"start":{"line":280,"column":52},"end":{"line":280,"column":67}},"locations":[{"start":{"line":280,"column":52},"end":{"line":280,"column":67}}]}},"b":{"0":[0],"1":[98],"2":[0],"3":[87],"4":[3],"5":[60],"6":[58],"7":[8]},"fnMap":{"0":{"name":"syncroState","decl":{"start":{"line":145,"column":19},"end":{"line":145,"column":25}},"loc":{"start":{"line":145,"column":19},"end":{"line":145,"column":25}},"line":145},"1":{"name":"ownKeys","decl":{"start":{"line":211,"column":4},"end":{"line":211,"column":48}},"loc":{"start":{"line":211,"column":4},"end":{"line":211,"column":48}},"line":211}},"f":{"0":0,"1":87}}
,"/Users/macbook/syncrostate/package/src/lib/proxys/set.svelte.ts": {"path":"/Users/macbook/syncrostate/package/src/lib/proxys/set.svelte.ts","all":false,"statementMap":{"0":{"start":{"line":1,"column":0},"end":{"line":1,"column":25}},"15":{"start":{"line":16,"column":0},"end":{"line":16,"column":24}},"16":{"start":{"line":17,"column":0},"end":{"line":17,"column":14}},"17":{"start":{"line":18,"column":0},"end":{"line":18,"column":30}},"18":{"start":{"line":19,"column":0},"end":{"line":19,"column":21}},"19":{"start":{"line":20,"column":0},"end":{"line":20,"column":25}},"20":{"start":{"line":21,"column":0},"end":{"line":21,"column":22}},"21":{"start":{"line":22,"column":0},"end":{"line":22,"column":24}},"22":{"start":{"line":23,"column":0},"end":{"line":23,"column":43}},"23":{"start":{"line":24,"column":0},"end":{"line":24,"column":45}},"24":{"start":{"line":25,"column":0},"end":{"line":25,"column":37}},"25":{"start":{"line":26,"column":0},"end":{"line":26,"column":35}},"27":{"start":{"line":28,"column":0},"end":{"line":28,"column":20}},"35":{"start":{"line":36,"column":0},"end":{"line":36,"column":22}},"36":{"start":{"line":37,"column":0},"end":{"line":37,"column":26}},"37":{"start":{"line":38,"column":0},"end":{"line":38,"column":26}},"38":{"start":{"line":39,"column":0},"end":{"line":39,"column":28}},"39":{"start":{"line":40,"column":0},"end":{"line":40,"column":34}},"40":{"start":{"line":41,"column":0},"end":{"line":41,"column":24}},"41":{"start":{"line":42,"column":0},"end":{"line":42,"column":35}},"44":{"start":{"line":45,"column":0},"end":{"line":45,"column":25}},"45":{"start":{"line":46,"column":0},"end":{"line":46,"column":37}},"46":{"start":{"line":47,"column":0},"end":{"line":47,"column":39}},"47":{"start":{"line":48,"column":0},"end":{"line":48,"column":72}},"48":{"start":{"line":49,"column":0},"end":{"line":49,"column":32}},"49":{"start":{"line":50,"column":0},"end":{"line":50,"column":35}},"50":{"start":{"line":51,"column":0},"end":{"line":51,"column":26}},"51":{"start":{"line":52,"column":0},"end":{"line":52,"column":27}},"52":{"start":{"line":53,"column":0},"end":{"line":53,"column":23}},"55":{"start":{"line":56,"column":0},"end":{"line":56,"column":41}},"56":{"start":{"line":57,"column":0},"end":{"line":57,"column":79}},"57":{"start":{"line":58,"column":0},"end":{"line":58,"column":19}},"58":{"start":{"line":59,"column":0},"end":{"line":59,"column":25}},"59":{"start":{"line":60,"column":0},"end":{"line":60,"column":14}},"60":{"start":{"line":61,"column":0},"end":{"line":61,"column":47}},"61":{"start":{"line":62,"column":0},"end":{"line":62,"column":20}},"62":{"start":{"line":63,"column":0},"end":{"line":63,"column":25}},"63":{"start":{"line":64,"column":0},"end":{"line":64,"column":24}},"68":{"start":{"line":69,"column":0},"end":{"line":69,"column":41}},"69":{"start":{"line":70,"column":0},"end":{"line":70,"column":90}},"70":{"start":{"line":71,"column":0},"end":{"line":71,"column":39}},"71":{"start":{"line":72,"column":0},"end":{"line":72,"column":18}},"72":{"start":{"line":73,"column":0},"end":{"line":73,"column":47}},"73":{"start":{"line":74,"column":0},"end":{"line":74,"column":20}},"74":{"start":{"line":75,"column":0},"end":{"line":75,"column":19}},"75":{"start":{"line":76,"column":0},"end":{"line":76,"column":24}},"77":{"start":{"line":78,"column":0},"end":{"line":78,"column":47}},"78":{"start":{"line":79,"column":0},"end":{"line":79,"column":19}},"80":{"start":{"line":81,"column":0},"end":{"line":81,"column":59}},"81":{"start":{"line":82,"column":0},"end":{"line":82,"column":20}},"87":{"start":{"line":88,"column":0},"end":{"line":88,"column":17}},"89":{"start":{"line":90,"column":0},"end":{"line":90,"column":67}},"92":{"start":{"line":93,"column":0},"end":{"line":93,"column":38}},"93":{"start":{"line":94,"column":0},"end":{"line":94,"column":32}},"94":{"start":{"line":95,"column":0},"end":{"line":95,"column":43}},"97":{"start":{"line":98,"column":0},"end":{"line":98,"column":
[...]
,"5":{"type":"branch","line":39,"loc":{"start":{"line":39,"column":2},"end":{"line":41,"column":3}},"locations":[{"start":{"line":39,"column":2},"end":{"line":41,"column":3}}]},"6":{"type":"branch","line":45,"loc":{"start":{"line":45,"column":11},"end":{"line":59,"column":3}},"locations":[{"start":{"line":45,"column":11},"end":{"line":59,"column":3}}]},"7":{"type":"branch","line":46,"loc":{"start":{"line":46,"column":28},"end":{"line":48,"column":3}},"locations":[{"start":{"line":46,"column":28},"end":{"line":48,"column":3}}]},"8":{"type":"branch","line":48,"loc":{"start":{"line":48,"column":2},"end":{"line":50,"column":22}},"locations":[{"start":{"line":48,"column":2},"end":{"line":50,"column":22}}]},"9":{"type":"branch","line":50,"loc":{"start":{"line":50,"column":22},"end":{"line":52,"column":3}},"locations":[{"start":{"line":50,"column":22},"end":{"line":52,"column":3}}]},"10":{"type":"branch","line":52,"loc":{"start":{"line":52,"column":2},"end":{"line":54,"column":27}},"locations":[{"start":{"line":52,"column":2},"end":{"line":54,"column":27}}]},"11":{"type":"branch","line":54,"loc":{"start":{"line":54,"column":27},"end":{"line":56,"column":3}},"locations":[{"start":{"line":54,"column":27},"end":{"line":56,"column":3}}]},"12":{"type":"branch","line":56,"loc":{"start":{"line":56,"column":2},"end":{"line":58,"column":15}},"locations":[{"start":{"line":56,"column":2},"end":{"line":58,"column":15}}]},"13":{"type":"branch","line":47,"loc":{"start":{"line":47,"column":34},"end":{"line":47,"column":76}},"locations":[{"start":{"line":47,"column":34},"end":{"line":47,"column":76}}]},"14":{"type":"branch","line":61,"loc":{"start":{"line":61,"column":1},"end":{"line":74,"column":2}},"locations":[{"start":{"line":61,"column":1},"end":{"line":74,"column":2}}]},"15":{"type":"branch","line":62,"loc":{"start":{"line":62,"column":28},"end":{"line":67,"column":3}},"locations":[{"start":{"line":62,"column":28},"end":{"line":67,"column":3}}]},"16":{"type":"branch","line":64,"loc":{"start":{"line":64,"column":30},"end":{"line":66,"column":4}},"locations":[{"start":{"line":64,"column":30},"end":{"line":66,"column":4}}]},"17":{"type":"branch","line":67,"loc":{"start":{"line":67,"column":2},"end":{"line":69,"column":24}},"locations":[{"start":{"line":67,"column":2},"end":{"line":69,"column":24}}]},"18":{"type":"branch","line":69,"loc":{"start":{"line":69,"column":16},"end":{"line":69,"column":47}},"locations":[{"start":{"line":69,"column":16},"end":{"line":69,"column":47}}]},"19":{"type":"branch","line":69,"loc":{"start":{"line":69,"column":47},"end":{"line":71,"column":3}},"locations":[{"start":{"line":69,"column":47},"end":{"line":71,"column":3}}]},"20":{"type":"branch","line":71,"loc":{"start":{"line":71,"column":2},"end":{"line":73,"column":43}},"locations":[{"start":{"line":71,"column":2},"end":{"line":73,"column":43}}]},"21":{"type":"branch","line":71,"loc":{"start":{"line":71,"column":2},"end":{"line":73,"column":33}},"locations":[{"start":{"line":71,"column":2},"end":{"line":73,"column":33}}]},"22":{"type":"branch","line":73,"loc":{"start":{"line":73,"column":22},"end":{"line":73,"column":43}},"locations":[{"start":{"line":73,"column":22},"end":{"line":73,"column":43}}]},"23":{"type":"branch","line":63,"loc":{"start":{"line":63,"column":47},"end":{"line":63,"column":89}},"locations":[{"start":{"line":63,"column":47},"end":{"line":63,"column":89}}]},"24":{"type":"branch","line":76,"loc":{"start":{"line":76,"column":1},"end":{"line":82,"column":2}},"locations":[{"start":{"line":76,"column":1},"end":{"line":82,"column":2}}]}},"b":{"0":[17],"1":[17],"2":[5],"3":[6],"4":[5],"5":[0],"6":[49],"7":[34],"8":[15],"9":[5],"10":[10],"11":[2],"12":[8],"13":[43],"14":[30],"15":[20],"16":[16],"17":[14],"18":[5],"19":[2],"20":[17],"21":[12],"22":[10],"23":[33],"24":[23]},"fnMap":{"0":{"name":"<instance_members_initializer>","decl":{"start":{"line":11,"column":7},"end":{"line":83,"column":1}},"loc":{"start":{"line":11,"column":7},"end":{"line":83,"column":1}},"line":11},"1":{"name":"SetValidator","decl":{"start":{"line":17,"column":1},"end":{"line":24,"column":2}},"loc":{"start":{"line":17,"column":1},"end":{"line":24,"column":2}},"line":17},"2":{"name":"optional","decl":{"start":{"line":26,"column":1},"end":{"line":29,"column":2}},"loc":{"start":{"line":26,"column":1},"end":{"line":29,"column":2}},"line":26},"3":{"name":"nullable","decl":{"start":{"line":31,"column":1},"end":{"line":34,"column":2}},"loc":{"start":{"line":31,"column":1},"end":{"line":34,"column":2}},"line":31},"4":{"name":"default","decl":{"start":{"line":36,"column":1},"end":{"line":43,"column":2}},"loc":{"start":{"line":36,"column":1},"end":{"line":43,"column":2}},"line":36},"5":{"name":"isValid","decl":{"start":{"line":45,"column":11},"end":{"line":59,"column":3}},"loc":{"start":{"line":45,"column":11},"end":{"line":59,"column":3}},"line":45},"6":{"name":"coerce","decl":{"start":{"line":61,"column":1},"end":{"line":74,"column":2}},"loc":{"start":{"line":61,"column":1},"end":{"line":74,"column":2}},"line":61},"7":{"name":"parse","decl":{"start":{"line":76,"column":1},"end":{"line":82,"column":2}},"loc":{"start":{"line":76,"column":1},"end":{"line":82,"column":2}},"line":76}},"f":{"0":17,"1":17,"2":5,"3":6,"4":5,"5":49,"6":30,"7":23}}
,"/Users/macbook/syncrostate/package/src/lib/schemas/string.ts": {"path":"/Users/macbook/syncrostate/package/src/lib/schemas/string.ts","all":false,"statementMap":{"0":{"start":{"line":1,"column":0},"end":{"line":1,"column":39}},"10":{"start":{"line":11,"column":0},"end":{"line":11,"column":29}},"13":{"start":{"line":14,"column":0},"end":{"line":14,"column":45}},"14":{"start":{"line":15,"column":0},"end":{"line":15,"column":16}},"15":{"start":{"line":16,"column":0},"end":{"line":16,"column":62}},"16":{"start":{"line":17,"column":0},"end":{"line":17,"column":2}},"18":{"start":{"line":19,"column":0},"end":{"line":19,"column":44}},"19":{"start":{"line":20,"column":0},"end":{"line":20,"column":38}},"20":{"start":{"line":21,"column":0},"end":{"line":21,"column":2}},"22":{"start":{"line":23,"column":0},"end":{"line":23,"column":22}},"23":{"start":{"line":24,"column":0},"end":{"line":24,"column":28}},"24":{"start":{"line":25,"column":0},"end":{"line":25,"column":39}},"25":{"start":{"line":26,"column":0},"end":{"line":26,"column":2}},"27":{"start":{"line":28,"column":0},"end":{"line":28,"column":22}},"28":{"start":{"line":29,"column":0},"end":{"line":29,"column":28}},"29":{"start":{"line":30,"column":0},"end":{"line":30,"column":39}},"30":{"start":{"line":31,"column":0},"end":{"line":31,"column":2}},"32":{"start":{"line":33,"column":0},"end":{"line":33,"column":25}},"33":{"start":{"line":34,"column":0},"end":{"line":34,"column":31}},"34":{"start":{"line":35,"column":0},"end":{"line":35,"column":39}},"35":{"start":{"line":36,"column":0},"end":{"line":36,"column":2}},"37":{"start":{"line":38,"column":0},"end":{"line":38,"column":28}},"38":{"start":{"line":39,"column":0},"end":{"line":39,"column":34}},"39":{"start":{"line":40,"column":0},"end":{"line":40,"column":73}},"40":{"start":{"line":41,"column":0},"end":{"line":41,"column":73}},"41":{"start":{"line":42,"column":0},"end":{"line":42,"column":79}},"42":{"start":{"line":43,"column":0},"end":{"line":43,"column":15}},"43":{"start":{"line":44,"column":0},"end":{"line":44,"column":3}},"44":{"start":{"line":45,"column":0},"end":{"line":45,"column":41}},"45":{"start":{"line":46,"column":0},"end":{"line":46,"column":32}},"46":{"start":{"line":47,"column":0},"end":{"line":47,"column":3}},"47":{"start":{"line":48,"column":0},"end":{"line":48,"column":28}},"48":{"start":{"line":49,"column":0},"end":{"line":49,"column":32}},"49":{"start":{"line":50,"column":0},"end":{"line":50,"column":3}},"50":{"start":{"line":51,"column":0},"end":{"line":51,"column":15}},"51":{"start":{"line":52,"column":0},"end":{"line":52,"column":3}},"53":{"start":{"line":54,"column":0},"end":{"line":54,"column":74}},"54":{"start":{"line":55,"column":0},"end":{"line":55,"column":37}},"55":{"start":{"line":56,"column":0},"end":{"line":56,"column":10}},"56":{"start":{"line":57,"column":0},"end":{"line":57,"column":34}},"57":{"start":{"line":58,"column":0},"end":{"line":58,"column":17}},"58":{"start":{"line":59,"column":0},"end":{"line":59,"column":4}},"59":{"start":{"line":60,"column":0},"end":{"line":60,"column":2}},"61":{"start":{"line":62,"column":0},"end":{"line":62,"column":46}},"62":{"start":{"line":63,"column":0},"end":{"line":63,"column":41}},"63":{"start":{"line":64,"column":0},"end":{"line":64,"column":31}},"64":{"start":{"line":65,"column":0},"end":{"line":65,"column":16}},"65":{"start":{"line":66,"column":0},"end":{"line":66,"column":11}},"66":{"start":{"line":67,"column":0},"end":{"line":67,"column":29}},"67":{"start":{"line":68,"column":0},"end":{"line":68,"column":4}},"68":{"start":{"line":69,"column":0},"end":{"line":69,"column":3}},"69":{"start":{"line":70,"column":0},"end":{"line":70,"column":28}},"71":{"start":{"line":72,"column":0},"end":{"line":72,"column":59}},"72":{"start":{"line":73,"column":0},"end":{"line":73,"column":3}},"74":{"start":{"line":75,"column":0},"end":{"line":75,"column":34}},"75":{"start":{"line":76,"column":0},"end":{"line":76,"column":16}},"76":{"start":{"line":77,"column":0},"end":{"line":77,"column":3}},"77":{"start":{"line":78,"column":0},"end":{"line":78,"column":58}},"78":{"start":{"line":79,"column":0},"end":{"line":79,"column":2}},"80":{"start":{"line":81,"column":0},"end":{"line":81,"column":30}},"81":{"start":{"line":82,"column":0},"end":{"line":82,"column":34}},"82":{"start":{"line":83,"column":0},"end":{"line":83,"column":16}},"83":{"start":{"line":84,"column":0},"end":{"line":84,"column":10}},"84":{"start":{"line":85,"column":0},"end":{"line":85,"column":31}},"85":{"start":{"line":86,"column":0},"end":{"line":86,"column":16}},"86":{"start":{"line":87,"column":0},"end":{"line":87,"column":11}},"87":{"start":{"line":88,"column":0},"end":{"line":88,"column":37}},"88":{"start":{"line":89,"column":0},"end":{"line":89,"column":4}},"89":{"start":{"line":90,"column":0},"end":{"line":90,"column":3}},"90":{"start":{"line":91,"column":0},"end":{"line":91,"column":3}},"91":{"start":{"line":92,"column":0},"end":{"line":92,"column":1}}},"s":{"0":1,"10":1,"13":65,"14":65,"15":65,"16":65,"18":65,"19":11,"20":11,"22":65,"23":1,"24":1,"25":1,"27":65,"28":1,"29":1,"30":1,"32":65,"33":1,"34":1,"35":1,"37":65,"38":599,"39":489,"40":489,"41":489,"42":485,"43":485,"44":599,"45":15,"46":15,"47":599,"48":11,"49":11,"50":84,"51":599,"53":65,"54":0,"55":0,"56":0,"57":0,"58":0,"59":0,"61":65,"62":127,"63":1,"64":0,"65":1,"66":1,"67":1,"68":1,"69":127,"71":0,"72":0,"74":126,"75":117,"76":117,"77":127,"78":127,"80":65,"81":227,"82":222,"83":226,"84":5,"85":4,"86":5,"87":1,"88":1,"89":5,"90":227,"91":65},"branchMap":{"0":{"type":"branch","line":11,"loc":{"start":{"line":11,"column":7},"end":{"line":92,"column":1}},"locations":[{"start":{"line":11,"column":7},"end":{"line":92,"column":1}}]},"1":{"type":"branch","line":15,"loc":{"start":{"line":15,"column":1},"end":{"line":17,"column":2}},"locations":[{"start":{"line":15,"column":1},"end":{"line":17,"column":2}}]},"2":{"type":"branch","line":19,"loc":{"start":{"line":19,"column":1},"end":{"line":21,"column":2}},"locations":[{"start":{"line":19,"column":1},"end":{"line":21,"column":2}}]},"3":{"type":"branch","line":23,"loc":{"start":{"line":23,"column":1},"end":{"line":26,"column":2}},"locations":[{"start":{"line":23,"column":1},"end":{"line":26,"column":2}}]},"4":{"type":"branch","line":28,"loc":{"start":{"line":28,"column":1},"end":{"line":31,"column":2}},"locations":[{"start":{"line":28,"column":1},"end":{"line":31,"column":2}}]},"5":{"type":"branch","line":33,"loc":{"start":{"line":33,"column":1},"end":{"line":36,"column":2}},"locations":[{"start":{"line":33,"column":1},"end":{"line":36,"column":2}}]},"6":{"type":"branch","line":38,"loc":{"start":{"line":38,"column":11},"end":{"line":52,"column":3}},"locations":[{"start":{"line":38,"column":11},"end":{"line":52,"column":3}}]},"7":{"type":"branch","line":39,"loc":{"start":{"line":39,"column":33},"end":{"line":44,"column":3}},"locations":[{"start":{"line":39,"column":33},"end":{"line":44,"column":3}}]},"8":{"type":"branch","line":40,"loc":{"start":{"line":40,"column":20},"end":{"line":40,"column":60}},"locations":[{"start":{"line":40,"column":20},"end":{"line":40,"column":60}}]},"9":{"type":"branch","line":40,"loc":{"start":{"line":40,"column":60},"end":{"line":40,"column":73}},"locations":[{"start":{"line":40,"column":60},"end":{"line":40,"column":73}}]},"10":{"type":"branch","line":40,"loc":{"start":{"line":40,"column":67},"end":{"line":41,"column":27}},"locations":[{"start":{"line":40,"column":67},"end":{"line":41,"column":27}}]},"11":{"type":"branch","line":41,"loc":{"start":{"line":41,"column":20},"end":{"line":41,"column":60}},"locations":[{"start":{"line":41,"column":20},"end":{"line":41,"column":60}}]},"12":{"type":"branch","line":41,"loc":{"start":{"line":41,"column":60},"end":{"line":41,"column":73}},"locations":[{"start":{"line":41,"column":60},"end":{"line":41,"column":73}}]},"13":{"type":"branch","line":41,"loc":{"start":{"line":41,"column":67},"end":{"line":42,"column":31}},"locations":[{"start":{"line":41,"column":67},"end":{"line":42,"column":31}}]},"14":{"type":"branch","line":42,"loc":{"start":{"line":42,"column":20},"end":{"line":42,"column":66}},"locations":[{"start":{"line":42,"column":20},"end":{"line":42,"column":66}}]},"15":{"type":"branch","line":42,"loc":{"start":{"line":42,"column":66},"end":{"line":42,"column":79}},"locations":[{"start":{"line":42,"column":66},"end":{"line":42,"column":79}}]},"16":{"type":"branch","line":42,"loc":{"start":{"line":42,"column":73},"end":{"line":44,"column":3}},"locations":[{"start":{"line":42,"column":73},"end":{"line":44,"column":3}}]},"17":{"type":"branch","line":44,"loc":{"start":{"line":44,"column":2},"end":{"line":45,"column":40}},"locations":[{"start":{"line":44,"column":2},"end":{"line":45,"column":40}}]},"18":{"type":"branch","line":45,"loc":{"start":{"line":45,"column":40},"end":{"line":47,"column":3}},"locations":[{"start":{"line":45,"column":40},"end":{"line":47,"column":3}}]},"19":{"type":"branch","line":47,"loc":{"start":{"line":47,"column":2},"end":{"line":48,"column":27}},"locations":[{"start":{"line":47,"column":2},"end":{"line":48,"column":27}}]},"20":{"type":"branch","line":48,"loc":{"start":{"line":48,"column":27},"end":{"line":50,"column":3}},"locations":[{"start":{"line":48,"column":27},"end":{"line":50,"column":3}}]},"21":{"type":"branch","line":50,"loc":{"start":{"line":50,"column":2},"end":{"line":51,"column":15}},"locations":[{"start":{"line":50,"column":2},"end":{"line":51,"column":15}}]},"22":{"type":"branch","line":62,"loc":{"start":{"line":62,"column":1},"end":{"line":79,"column":2}},"locations":[{"start":{"line":62,"column":1},"end":{"line":79,"column":2}}]},"23":{"type":"branch","line":63,"loc":{"start":{"line":63,"column":40},"end":{"line":69,"column":3}},"locations":[{"start":{"line":63,"column":40},"end":{"line":69,"column":3}}]},"24":{"type":"branch","line":64,"loc":{"start":{"line":64,"column":30},"end":{"line":66,"column":10}},"locations":[{"start":{"line":64,"column":30},"end":{"line":66,"column":10}}]},"25":{"type":"branch","line":69,"loc":{"start":{"line":69,"column":2},"end":{"line":70,"column":27}},"locations":[{"start":{"line":69,"column":2},"end":{"line":70,"column":27}}]},"26":{"type":"branch","line":70,"loc":{"start":{"line":70,"column":27},"end":{"line":73,"column":3}},"locations":[{"start":{"line":70,"column":27},"end":{"line":73,"column":3}}]},"27":{"type":"branch","line":73,"loc":{"start":{"line":73,"column":2},"end":{"line":77,"column":3}},"locations":[{"start":{"line":73,"column":2},"end":{"line":77,"column":3}}]},"28":{"type":"branch","line":75,"loc":{"start":{"line":75,"column":33},"end":{"line":77,"column":3}},"locations":[{"start":{"line":75,"column":33},"end":{"line":77,"column":3}}]},"29":{"type":"branch","line":77,"loc":{"start":{"line":77,"column":2},"end":{"line":78,"column":40}},"locations":[{"start":{"line":77,"column":2},"end":{"line":78,"column":40}}]},"30":{"type":"branch","line":77,"loc":{"start":{"line":77,"column":2},"end":{"line":78,"column":33}},"locations":[{"start":{"line":77,"column":2},"end":{"line":78,"column":33}}]},"31":{"type":"branch","line":78,"loc":{"start":{"line":78,"column":22},"end":{"line":78,"column":40}},"locations":[{"start":{"line":78,"column":22},"end":{"line":78,"column":40}}]},"32":{"type":"branch","line":78,"loc":{"start":{"line":78,"column":33},"end":{"line":78,"column":58}},"locations":[{"start":{"line":78,"column":33},"end":{"line":78,"column":58}}]},"33":{"type":"branch","line":81,"loc":{"start":{"line":81,"column":13},"end":{"line":91,"column":3}},"locations":[{"start":{"line":81,"column":13},"end":{"line":91,"column":3}}]},"34":{"type":"branch","line":82,"loc":{"start":{"line":82,"column":33},"end":{"line":90,"column":3}},"locations":[{"start":{"line":82,"column":33},"end":{"line":90,"column":3}}]},"35":{"type":"branch","line":82,"loc":{"start":{"line":82,"column":33},"end":{"line":84,"column":9}},"locations":[{"start":{"line":82,"column":33},"end":{"line":84,"column":9}}]},"36":{"type":"branch","line":84,"loc":{"start":{"line":84,"column":2},"end":{"line":90,"column":3}},"locations":[{"start":{"line":84,"column":2},"end":{"line":90,"column":3}}]},"37":{"type":"branch","line":85,"loc":{"start":{"line":85,"column":30},"end":{"line":87,"column":10}},"locations":[{"start":{"line":85,"column":30},"end":{"line":87,"column":10}}]},"38":{"type":"branch","line":87,"loc":{"start":{"line":87,"column":3},"end":{"line":89,"column":4}},"locations":[{"start":{"line":87,"column":3},"end":{"line":89,"column":4}}]}},"b":{"0":[65],"1":[65],"2":[11],"3":[1],"4":[1],"5":[1],"6":[599],"7":[489],"8":[3],"9":[1],"10":[488],"11":[3],"12":[1],"13":[487],"14":[3],"15":[2],"16":[485],"17":[110],"18":[15],"19":[95],"20":[11],"21":[84],"22":[127],"23":[1],"24":[0],"25":[126],"26":[0],"27":[126],"28":[117],"29":[61],"30":[9],"31":[0],"32":[9],"33":[227],"34":[226],"35":[222],"36":[5],"37":[4],"38":[1]},"fnMap":{"0":{"name":"<instance_members_initializer>","decl":{"start":{"line":11,"column":7},"end":{"line":92,"column":1}},"loc":{"start":{"line":11,"column":7},"end":{"line":92,"column":1}},"line":11},"1":{"name":"StringValidator","decl":{"start":{"line":15,"column":1},"end":{"line":17,"column":2}},"loc":{"start":{"line":15,"column":1},"end":{"line":17,"column":2}},"line":15},"2":{"name":"get defaultValue","decl":{"start":{"line":19,"column":1},"end":{"line":21,"column":2}},"loc":{"start":{"line":19,"column":1},"end":{"line":21,"column":2}},"line":19},"3":{"name":"min","decl":{"start":{"line":23,"column":1},"end":{"line":26,"column":2}},"loc":{"start":{"line":23,"column":1},"end":{"line":26,"column":2}},"line":23},"4":{"name":"max","decl":{"start":{"line":28,"column":1},"end":{"line":31,"column":2}},"loc":{"start":{"line":28,"column":1},"end":{"line":31,"column":2}},"line":28},"5":{"name":"pattern","decl":{"start":{"line":33,"column":1},"end":{"line":36,"column":2}},"loc":{"start":{"line":33,"column":1},"end":{"line":36,"column":2}},"line":33},"6":{"name":"isValid","decl":{"start":{"line":38,"column":11},"end":{"line":52,"column":3}},"loc":{"start":{"line":38,"column":11},"end":{"line":52,"column":3}},"line":38},"7":{"name":"parse","decl":{"start":{"line":54,"column":1},"end":{"line":60,"column":2}},"loc":{"start":{"line":54,"column":1},"end":{"line":60,"column":2}},"line":54},"8":{"name":"coerce","decl":{"start":{"line":62,"column":1},"end":{"line":79,"column":2}},"loc":{"start":{"line":62,"column":1},"end":{"line":79,"column":2}},"line":62},"9":{"name":"stringify","decl":{"start":{"line":81,"column":13},"end":{"line":91,"column":3}},"loc":{"start":{"line":81,"column":13},"end":{"line":91,"column":3}},"line":81}},"f":{"0":65,"1":65,"2":11,"3":1,"4":1,"5":1,"6":599,"7":0,"8":127,"9":227}}
}
