{"/Users/macbook/syncrostate/package/src/lib/constants.ts": {"path":"/Users/macbook/syncrostate/package/src/lib/constants.ts","all":false,"statementMap":{"1":{"start":{"line":2,"column":0},"end":{"line":2,"column":33}},"3":{"start":{"line":4,"column":0},"end":{"line":4,"column":45}},"4":{"start":{"line":5,"column":0},"end":{"line":5,"column":47}},"7":{"start":{"line":8,"column":0},"end":{"line":8,"column":47}},"9":{"start":{"line":10,"column":0},"end":{"line":10,"column":50}},"11":{"start":{"line":12,"column":0},"end":{"line":12,"column":52}}},"s":{"1":1,"3":1,"4":1,"7":1,"9":1,"11":1},"branchMap":{},"b":{},"fnMap":{},"f":{}}
,"/Users/macbook/syncrostate/package/src/lib/index.ts": {"path":"/Users/macbook/syncrostate/package/src/lib/index.ts","all":false,"statementMap":{"0":{"start":{"line":1,"column":0},"end":{"line":1,"column":61}}},"s":{"0":1},"branchMap":{},"b":{},"fnMap":{},"f":{}}
,"/Users/macbook/syncrostate/package/src/lib/utils.ts": {"path":"/Users/macbook/syncrostate/package/src/lib/utils.ts","all":false,"statementMap":{"0":{"start":{"line":1,"column":0},"end":{"line":1,"column":25}},"9":{"start":{"line":10,"column":0},"end":{"line":10,"column":36}},"10":{"start":{"line":11,"column":0},"end":{"line":11,"column":8}},"11":{"start":{"line":12,"column":0},"end":{"line":12,"column":5}},"12":{"start":{"line":13,"column":0},"end":{"line":13,"column":10}},"13":{"start":{"line":14,"column":0},"end":{"line":14,"column":4}},"17":{"start":{"line":18,"column":0},"end":{"line":18,"column":7}},"18":{"start":{"line":19,"column":0},"end":{"line":19,"column":94}},"19":{"start":{"line":20,"column":0},"end":{"line":20,"column":66}},"20":{"start":{"line":21,"column":0},"end":{"line":21,"column":60}},"21":{"start":{"line":22,"column":0},"end":{"line":22,"column":42}},"22":{"start":{"line":23,"column":0},"end":{"line":23,"column":2}},"24":{"start":{"line":25,"column":0},"end":{"line":25,"column":81}},"25":{"start":{"line":26,"column":0},"end":{"line":26,"column":5}},"26":{"start":{"line":27,"column":0},"end":{"line":27,"column":39}},"27":{"start":{"line":28,"column":0},"end":{"line":28,"column":40}},"28":{"start":{"line":29,"column":0},"end":{"line":29,"column":34}},"29":{"start":{"line":30,"column":0},"end":{"line":30,"column":4}},"30":{"start":{"line":31,"column":0},"end":{"line":31,"column":19}},"31":{"start":{"line":32,"column":0},"end":{"line":32,"column":2}},"32":{"start":{"line":33,"column":0},"end":{"line":33,"column":84}},"34":{"start":{"line":35,"column":0},"end":{"line":35,"column":50}},"35":{"start":{"line":36,"column":0},"end":{"line":36,"column":16}},"36":{"start":{"line":37,"column":0},"end":{"line":37,"column":35}},"37":{"start":{"line":38,"column":0},"end":{"line":38,"column":15}},"38":{"start":{"line":39,"column":0},"end":{"line":39,"column":3}},"39":{"start":{"line":40,"column":0},"end":{"line":40,"column":19}},"40":{"start":{"line":41,"column":0},"end":{"line":41,"column":2}},"41":{"start":{"line":42,"column":0},"end":{"line":42,"column":35}},"42":{"start":{"line":43,"column":0},"end":{"line":43,"column":93}},"44":{"start":{"line":45,"column":0},"end":{"line":45,"column":33}},"45":{"start":{"line":46,"column":0},"end":{"line":46,"column":2}},"46":{"start":{"line":47,"column":0},"end":{"line":47,"column":2}},"48":{"start":{"line":49,"column":0},"end":{"line":49,"column":81}},"49":{"start":{"line":50,"column":0},"end":{"line":50,"column":8}},"50":{"start":{"line":51,"column":0},"end":{"line":51,"column":5}},"51":{"start":{"line":52,"column":0},"end":{"line":52,"column":11}},"52":{"start":{"line":53,"column":0},"end":{"line":53,"column":14}},"53":{"start":{"line":54,"column":0},"end":{"line":54,"column":6}},"54":{"start":{"line":55,"column":0},"end":{"line":55,"column":4}},"60":{"start":{"line":61,"column":0},"end":{"line":61,"column":10}},"61":{"start":{"line":62,"column":0},"end":{"line":62,"column":43}},"62":{"start":{"line":63,"column":0},"end":{"line":63,"column":89}},"63":{"start":{"line":64,"column":0},"end":{"line":64,"column":36}},"64":{"start":{"line":65,"column":0},"end":{"line":65,"column":71}},"65":{"start":{"line":66,"column":0},"end":{"line":66,"column":69}},"66":{"start":{"line":67,"column":0},"end":{"line":67,"column":89}},"68":{"start":{"line":69,"column":0},"end":{"line":69,"column":33}},"69":{"start":{"line":70,"column":0},"end":{"line":70,"column":16}},"70":{"start":{"line":71,"column":0},"end":{"line":71,"column":38}},"71":{"start":{"line":72,"column":0},"end":{"line":72,"column":10}},"72":{"start":{"line":73,"column":0},"end":{"line":73,"column":30}},"73":{"start":{"line":74,"column":0},"end":{"line":74,"column":33}},"74":{"start":{"line":75,"column":0},"end":{"line":75,"column":3}},"75":{"start":{"line":76,"column":0},"end":{"line":76,"column":19}},"76":{"start":{"line":77,"column":0},"end":{"line":77,"column":3}},"78":{"start":{"line":79,"column":0},"end":{"line":79,"column":68}},"79":{"start":{"line":80,"column":0},"end":{"line":80,"column":33}},"80":{"start":{"line":81,"column":0},"end":{"line":81,"column":2}},"82":{"start":{"line":83,"column":0},"end":{"line":83,"column":43}},"83":{"start":{"line":84,"column":0},"end":{"line":84,"column":33}},"84":{"start":{"line":85,"column":0},"end":{"line":85,"column":9}},"85":{"start":{"line":86,"column":0},"end":{"line":86,"column":27}},"86":{"start":{"line":87,"column":0},"end":{"line":87,"column":2}},"87":{"start":{"line":88,"column":0},"end":{"line":88,"column":2}},"89":{"start":{"line":90,"column":0},"end":{"line":90,"column":94}},"90":{"start":{"line":91,"column":0},"end":{"line":91,"column":34}},"91":{"start":{"line":92,"column":0},"end":{"line":92,"column":16}},"92":{"start":{"line":93,"column":0},"end":{"line":93,"column":16}},"93":{"start":{"line":94,"column":0},"end":{"line":94,"column":13}},"94":{"start":{"line":95,"column":0},"end":{"line":95,"column":15}},"95":{"start":{"line":96,"column":0},"end":{"line":96,"column":18}},"96":{"start":{"line":97,"column":0},"end":{"line":97,"column":10}},"97":{"start":{"line":98,"column":0},"end":{"line":98,"column":17}},"98":{"start":{"line":99,"column":0},"end":{"line":99,"column":2}},"99":{"start":{"line":100,"column":0},"end":{"line":100,"column":2}},"101":{"start":{"line":102,"column":0},"end":{"line":102,"column":45}},"102":{"start":{"line":103,"column":0},"end":{"line":103,"column":11}},"103":{"start":{"line":104,"column":0},"end":{"line":104,"column":25}},"104":{"start":{"line":105,"column":0},"end":{"line":105,"column":2}},"105":{"start":{"line":106,"column":0},"end":{"line":106,"column":2}},"107":{"start":{"line":108,"column":0},"end":{"line":108,"column":77}},"109":{"start":{"line":110,"column":0},"end":{"line":110,"column":31}},"110":{"start":{"line":111,"column":0},"end":{"line":111,"column":2}},"113":{"start":{"line":114,"column":0},"end":{"line":114,"column":66}},"114":{"start":{"line":115,"column":0},"end":{"line":115,"column":48}},"115":{"start":{"line":116,"column":0},"end":{"line":116,"column":26}},"116":{"start":{"line":117,"column":0},"end":{"line":117,"column":32}},"117":{"start":{"line":118,"column":0},"end":{"line":118,"column":16}},"118":{"start":{"line":119,"column":0},"end":{"line":119,"column":3}},"119":{"start":{"line":120,"column":0},"end":{"line":120,"column":2}},"120":{"start":{"line":121,"column":0},"end":{"line":121,"column":10}},"121":{"start":{"line":122,"column":0},"end":{"line":122,"column":2}},"123":{"start":{"line":124,"column":0},"end":{"line":124,"column":63}},"124":{"start":{"line":125,"column":0},"end":{"line":125,"column":20}},"125":{"start":{"line":126,"column":0},"end":{"line":126,"column":41}},"126":{"start":{"line":127,"column":0},"end":{"line":127,"column":48}},"127":{"start":{"line":128,"column":0},"end":{"line":128,"column":1}},"129":{"start":{"line":130,"column":0},"end":{"line":130,"column":68}},"130":{"start":{"line":131,"column":0},"end":{"line":131,"column":9}},"131":{"start":{"line":132,"column":0},"end":{"line":132,"column":96}},"133":{"start":{"line":134,"column":0},"end":{"line":134,"column":2}},"135":{"start":{"line":136,"column":0},"end":{"line":136,"column":61}},"136":{"start":{"line":137,"column":0},"end":{"line":137,"column":65}},"137":{"start":{"line":138,"column":0},"end":{"line":138,"column":58}},"138":{"start":{"line":139,"column":0},"end":{"line":139,"column":17}},"139":{"start":{"line":140,"column":0},"end":{"line":140,"column":61}},"140":{"start":{"line":141,"column":0},"end":{"line":141,"column":17}},"141":{"start":{"line":142,"column":0},"end":{"line":142,"column":21}},"142":{"start":{"line":143,"column":0},"end":{"line":143,"column":5}},"143":{"start":{"line":144,"column":0},"end":{"line":144,"column":18}},"144":{"start":{"line":145,"column":0},"end":{"line":145,"column":62}},"145":{"start":{"line":146,"column":0},"end":{"line":146,"column":33}},"146":{"start":{"line":147,"column":0},"end":{"line":147,"column":22}},"147":{"start":{"line":148,"column":0},"end":{"line":148,"column":8}},"148":{"start":{"line":149,"column":0},"end":{"line":149,"column":22}},"149":{"start":{"line":150,"column":0},"end":{"line":150,"column":5}},"150":{"start":{"line":151,"column":0},"end":{"line":151,"column":32}},"151":{"start":{"line":152,"column":0},"end":{"line":152,"column":46}},"152":{"start":{"line":153,"column":0},"end":{"line":153,"column":79}},"153":{"start":{"line":154,"column":0},"end":{"line":154,"column":26}},"154":{"start":{"line":155,"column":0},"end":{"line":155,"column":14}},"155":{"start":{"line":156,"column":0},"end":{"line":156,"column":7}},"156":{"start":{"line":157,"column":0},"end":{"line":157,"column":31}},"157":{"start":{"line":158,"column":0},"end":{"line":158,"column":13}},"158":{"start":{"line":159,"column":0},"end":{"line":159,"column":9}},"159":{"start":{"line":160,"column":0},"end":{"line":160,"column":26}},"160":{"start":{"line":161,"column":0},"end":{"line":161,"column":19}},"161":{"start":{"line":162,"column":0},"end":{"line":162,"column":48}},"162":{"start":{"line":163,"column":0},"end":{"line":163,"column":21}},"163":{"start":{"line":164,"column":0},"end":{"line":164,"column":25}},"164":{"start":{"line":165,"column":0},"end":{"line":165,"column":9}},"165":{"start":{"line":166,"column":0},"end":{"line":166,"column":8}},"166":{"start":{"line":167,"column":0},"end":{"line":167,"column":17}},"167":{"start":{"line":168,"column":0},"end":{"line":168,"column":6}},"168":{"start":{"line":169,"column":0},"end":{"line":169,"column":5}},"169":{"start":{"line":170,"column":0},"end":{"line":170,"column":6}},"170":{"start":{"line":171,"column":0},"end":{"line":171,"column":35}},"171":{"start":{"line":172,"column":0},"end":{"line":172,"column":36}},"172":{"start":{"line":173,"column":0},"end":{"line":173,"column":79}},"173":{"start":{"line":174,"column":0},"end":{"line":174,"column":4}},"174":{"start":{"line":175,"column":0},"end":{"line":175,"column":3}},"175":{"start":{"line":176,"column":0},"end":{"line":176,"column":3}},"176":{"start":{"line":177,"column":0},"end":{"line":177,"column":1}}},"s":{"0":1,"9":1,"10":86,"11":86,"12":86,"13":86,"17":86,"18":86,"19":86,"20":86,"21":86,"22":86,"24":1,"25":148,"26":148,"27":136,"28":124,"29":148,"30":32,"31":32,"32":148,"34":148,"35":148,"36":12,"37":5,"38":5,"39":7,"40":7,"41":104,"42":104,"44":104,"45":104,"46":148,"48":1,"49":148,"50":148,"51":148,"52":148,"53":148,"54":148,"60":148,"61":148,"62":148,"63":148,"64":148,"65":148,"66":148,"68":148,"69":148,"70":32,"71":140,"72":116,"73":116,"74":116,"75":148,"76":148,"78":148,"79":148,"80":148,"82":0,"83":0,"84":0,"85":0,"86":0,"87":148,"89":1,"90":148,"91":148,"92":12,"93":148,"94":148,"95":20,"96":148,"97":116,"98":148,"99":148,"101":1,"102":223,"103":223,"104":223,"105":223,"107":1,"109":0,"110":0,"113":1,"114":440,"115":392,"116":392,"117":208,"118":208,"119":392,"120":232,"121":232,"123":1,"124":7,"125":7,"126":7,"127":7,"129":1,"130":20,"131":20,"133":20,"135":1,"136":40,"137":0,"138":0,"139":0,"140":0,"141":0,"142":0,"143":0,"144":0,"145":0,"146":0,"147":0,"148":0,"149":0,"150":0,"151":0,"152":0,"153":0,"154":0,"155":0,"156":0,"157":0,"158":0,"159":0,"160":0,"161":0,"162":0,"163":0,"164":0,"165":0,"166":0,"167":0,"168":0,"169":0,"170":0,"171":0,"172":0,"173":0,"174":0,"175":0,"176":40},"branchMap":{"0":{"type":"branch","line":10,"loc":{"start":{"line":10,"column":34},"end":{"line":23,"column":2}},"locations":[{"start":{"line":10,"column":34},"end":{"line":23,"column":2}}]},"1":{"type":"branch","line":19,"loc":{"start":{"line":19,"column":64},"end":{"line":19,"column":94}},"locations":[{"start":{"line":19,"column":64},"end":{"line":19,"column":94}}]},"2":{"type":"branch","line":20,"loc":{"start":{"line":20,"column":46},"end":{"line":20,"column":66}},"locations":[{"start":{"line":20,"column":46},"end":{"line":20,"column":66}}]},"3":{"type":"branch","line":22,"loc":{"start":{"line":22,"column":8},"end":{"line":22,"column":42}},"locations":[{"start":{"line":22,"column":8},"end":{"line":22,"column":42}}]},"4":{"type":"branch","line":25,"loc":{"start":{"line":25,"column":42},"end":{"line":47,"column":2}},"locations":[{"start":{"line":25,"column":42},"end":{"line":47,"column":2}}]},"5":{"type":"branch","line":27,"loc":{"start":{"line":27,"column":29},"end":{"line":28,"column":40}},"locations":[{"start":{"line":27,"column":29},"end":{"line":28,"column":40}}]},"6":{"type":"branch","line":28,"loc":{"start":{"line":28,"column":29},"end":{"line":29,"column":34}},"locations":[{"start":{"line":28,"column":29},"end":{"line":29,"column":34}}]},"7":{"type":"branch","line":30,"loc":{"start":{"line":30,"column":3},"end":{"line":33,"column":40}},"locations":[{"start":{"line":30,"column":3},"end":{"line":33,"column":40}}]},"8":{"type":"branch","line":30,"loc":{"start":{"line":30,"column":3},"end":{"line":32,"column":2}},"locations":[{"start":{"line":30,"column":3},"end":{"line":32,"column":2}}]},"9":{"type":"branch","line":32,"loc":{"start":{"line":32,"column":1},"end":{"line":33,"column":40}},"locations":[{"start":{"line":32,"column":1},"end":{"line":33,"column":40}}]},"10":{"type":"branch","line":33,"loc":{"start":{"line":33,"column":33},"end":{"line":33,"column":48}},"locations":[{"start":{"line":33,"column":33},"end":{"line":33,"column":48}}]},"11":{"type":"branch","line":33,"loc":{"start":{"line":33,"column":40},"end":{"line":33,"column":84}},"locations":[{"start":{"line":33,"column":40},"end":{"line":33,"column":84}}]},"12":{"type":"branch","line":33,"loc":{"start":{"line":33,"column":48},"end":{"line":33,"column":84}},"locations":[{"start":{"line":33,"column":48},"end":{"line":33,"column":84}}]},"13":{"type":"branch","line":36,"loc":{"start":{"line":36,"column":15},"end":{"line":41,"column":2}},"locations":[{"start":{"line":36,"column":15},"end":{"line":41,"column":2}}]},"14":{"type":"branch","line":37,"loc":{"start":{"line":37,"column":34},"end":{"line":41,"column":2}},"locations":[{"start":{"line":37,"column":34},"end":{"line":41,"column":2}}]},"15":{"type":"branch","line":37,"loc":{"start":{"line":37,"column":34},"end":{"line":39,"column":3}},"locations":[{"start":{"line":37,"column":34},"end":{"line":39,"column":3}}]},"16":{"type":"branch","line":41,"loc":{"start":{"line":41,"column":1},"end":{"line":46,"column":2}},"locations":[{"start":{"line":41,"column":1},"end":{"line":46,"column":2}}]},"17":{"type":"branch","line":49,"loc":{"start":{"line":49,"column":33},"end":{"line":88,"column":2}},"locations":[{"start":{"line":49,"column":33},"end":{"line":88,"column":2}}]},"18":{"type":"branch","line":66,"loc":{"start":{"line":66,"column":14},"end":{"line":66,"column":54}},"locations":[{"start":{"line":66,"column":14},"end":{"line":66,"column":54}}]},"19":{"type":"branch","line":66,"loc":{"start":{"line":66,"column":50},"end":{"line":66,"column":69}},"locations":[{"start":{"line":66,"column":50},"end":{"line":66,"column":69}}]},"20":{"type":"branch","line":67,"loc":{"start":{"line":67,"column":23},"end":{"line":67,"column":59}},"locations":[{"start":{"line":67,"column":23},"end":{"line":67,"column":59}}]},"21":{"type":"branch","line":67,"loc":{"start":{"line":67,"column":55},"end":{"line":67,"column":89}},"locations":[{"start":{"line":67,"column":55},"end":{"line":67,"column":89}}]},"22":{"type":"branch","line":79,"loc":{"start":{"line":79,"column":6},"end":{"line":79,"column":53}},"locations":[{"start":{"line":79,"column":6},"end":{"line":79,"column":53}}]},"23":{"type":"branch","line":79,"loc":{"start":{"line":79,"column":42},"end":{"line":79,"column":67}},"locations":[{"start":{"line":79,"column":42},"end":{"line":79,"column":67}}]},"24":{"type":"branch","line":81,"loc":{"start":{"line":81,"column":1},"end":{"line":87,"column":2}},"locations":[{"start":{"line":81,"column":1},"end":{"line":87,"column":2}}]},"25":{"type":"branch","line":69,"loc":{"start":{"line":69,"column":26},"end":{"line":77,"column":3}},"locations":[{"start":{"line":69,"column":26},"end":{"line":77,"column":3}}]},"26":{"type":"branch","line":70,"loc":{"start":{"line":70,"column":15},"end":{"line":75,"column":3}},"locations":[{"start":{"line":70,"column":15},"end":{"line":75,"column":3}}]},"27":{"type":"branch","line":70,"loc":{"start":{"line":70,"column":15},"end":{"line":72,"column":9}},"locations":[{"start":{"line":70,"column":15},"end":{"line":72,"column":9}}]},"28":{"type":"branch","line":72,"loc":{"start":{"line":72,"column":2},"end":{"line":75,"column":3}},"locations":[{"start":{"line":72,"column":2},"end":{"line":75,"column":3}}]},"29":{"type":"branch","line":90,"loc":{"start":{"line":90,"column":27},"end":{"line":100,"column":2}},"locations":[{"start":{"line":90,"column":27},"end":{"line":100,"column":2}}]},"30":{"type":"branch","line":92,"loc":{"start":{"line":92,"column":2},"end":{"line":93,"column":16}},"locations":[{"start":{"line":92,"column":2},"end":{"line":93,"column":16}}]},"31":{"type":"branch","line":94,"loc":{"start":{"line":94,"column":2},"end":{"line":94,"column":13}},"locations":[{"start":{"line":94,"column":2},"end":{"line":94,"column":13}}]},"32":{"type":"branch","line":95,"loc":{"start":{"line":95,"column":2},"end":{"line":96,"column":18}},"locations":[{"start":{"line":95,"column":2},"end":{"line":96,"column":18}}]},"33":{"type":"branch","line":97,"loc":{"start":{"line":97,"column":2},"end":{"line":98,"column":17}},"locations":[{"start":{"line":97,"column":2},"end":{"line":98,"column":17}}]},"34":{"type":"branch","line":102,"loc":{"start":{"line":102,"column":24},"end":{"line":106,"column":2}},"locations":[{"start":{"line":102,"column":24},"end":{"line":106,"column":2}}]},"35":{"type":"branch","line":114,"loc":{"start":{"line":114,"column":32},"end":{"line":122,"column":2}},"locations":[{"start":{"line":114,"column":32},"end":{"line":122,"column":2}}]},"36":{"type":"branch","line":115,"loc":{"start":{"line":115,"column":18},"end":{"line":115,"column":47}},"locations":[{"start":{"line":115,"column":18},"end":{"line":115,"column":47}}]},"37":{"type":"branch","line":115,"loc":{"start":{"line":115,"column":47},"end":{"line":120,"column":2}},"locations":[{"start":{"line":115,"column":47},"end":{"line":120,"column":2}}]},"38":{"type":"branch","line":117,"loc":{"start":{"line":117,"column":31},"end":{"line":119,"column":3}},"locations":[{"start":{"line":117,"column":31},"end":{"line":119,"column":3}}]},"39":{"type":"branch","line":120,"loc":{"start":{"line":120,"column":1},"end":{"line":122,"column":2}},"locations":[{"start":{"line":120,"column":1},"end":{"line":122,"column":2}}]},"40":{"type":"branch","line":124,"loc":{"start":{"line":124,"column":7},"end":{"line":128,"column":1}},"locations":[{"start":{"line":124,"column":7},"end":{"line":128,"column":1}}]},"41":{"type":"branch","line":130,"loc":{"start":{"line":130,"column":27},"end":{"line":134,"column":2}},"locations":[{"start":{"line":130,"column":27},"end":{"line":134,"column":2}}]},"42":{"type":"branch","line":132,"loc":{"start":{"line":132,"column":19},"end":{"line":132,"column":58}},"locations":[{"start":{"line":132,"column":19},"end":{"line":132,"column":58}}]},"43":{"type":"branch","line":132,"loc":{"start":{"line":132,"column":50},"end":{"line":132,"column":96}},"locations":[{"start":{"line":132,"column":50},"end":{"line":132,"column":96}}]},"44":{"type":"branch","line":136,"loc":{"start":{"line":136,"column":7},"end":{"line":177,"column":1}},"locations":[{"start":{"line":136,"column":7},"end":{"line":177,"column":1}}]}},"b":{"0":[86],"1":[0],"2":[32],"3":[32],"4":[148],"5":[136],"6":[124],"7":[140],"8":[32],"9":[116],"10":[0],"11":[116],"12":[32],"13":[12],"14":[7],"15":[5],"16":[104],"17":[148],"18":[116],"19":[32],"20":[32],"21":[116],"22":[1],"23":[1],"24":[0],"25":[148],"26":[140],"27":[32],"28":[116],"29":[148],"30":[12],"31":[8],"32":[20],"33":[116],"34":[223],"35":[440],"36":[392],"37":[392],"38":[208],"39":[232],"40":[7],"41":[20],"42":[0],"43":[0],"44":[40]},"fnMap":{"0":{"name":"isMissingOptionnal","decl":{"start":{"line":10,"column":34},"end":{"line":23,"column":2}},"loc":{"start":{"line":10,"column":34},"end":{"line":23,"column":2}},"line":10},"1":{"name":"getInitialStringifiedValue","decl":{"start":{"line":25,"column":42},"end":{"line":47,"column":2}},"loc":{"start":{"line":25,"column":42},"end":{"line":47,"column":2}},"line":25},"2":{"name":"getTypeFromParent","decl":{"start":{"line":49,"column":33},"end":{"line":88,"column":2}},"loc":{"start":{"line":49,"column":33},"end":{"line":88,"column":2}},"line":49},"3":{"name":"setAndReturnType","decl":{"start":{"line":69,"column":26},"end":{"line":77,"column":3}},"loc":{"start":{"line":69,"column":26},"end":{"line":77,"column":3}},"line":69},"4":{"name":"getInstance","decl":{"start":{"line":90,"column":27},"end":{"line":100,"column":2}},"loc":{"start":{"line":90,"column":27},"end":{"line":100,"column":2}},"line":90},"5":{"name":"logError","decl":{"start":{"line":102,"column":24},"end":{"line":106,"column":2}},"loc":{"start":{"line":102,"column":24},"end":{"line":106,"column":2}},"line":102},"6":{"name":"isInitialized","decl":{"start":{"line":108,"column":29},"end":{"line":111,"column":2}},"loc":{"start":{"line":108,"column":29},"end":{"line":111,"column":2}},"line":108},"7":{"name":"propertyToNumber","decl":{"start":{"line":114,"column":32},"end":{"line":122,"column":2}},"loc":{"start":{"line":114,"column":32},"end":{"line":122,"column":2}},"line":114},"8":{"name":"setArrayToNull","decl":{"start":{"line":124,"column":7},"end":{"line":128,"column":1}},"loc":{"start":{"line":124,"column":7},"end":{"line":128,"column":1}},"line":124},"9":{"name":"isArrayNull","decl":{"start":{"line":130,"column":27},"end":{"line":134,"column":2}},"loc":{"start":{"line":130,"column":27},"end":{"line":134,"column":2}},"line":130},"10":{"name":"observeArray","decl":{"start":{"line":136,"column":7},"end":{"line":177,"column":1}},"loc":{"start":{"line":136,"column":7},"end":{"line":177,"column":1}},"line":136}},"f":{"0":86,"1":148,"2":148,"3":148,"4":148,"5":223,"6":0,"7":440,"8":7,"9":20,"10":40}}
,"/Users/macbook/syncrostate/package/src/lib/proxys/array.svelte.ts": {"path":"/Users/macbook/syncrostate/package/src/lib/proxys/array.svelte.ts","all":false,"statementMap":{"0":{"start":{"line":1,"column":0},"end":{"line":1,"column":25}},"7":{"start":{"line":8,"column":0},"end":{"line":8,"column":47}},"8":{"start":{"line":9,"column":0},"end":{"line":9,"column":14}},"9":{"start":{"line":10,"column":0},"end":{"line":10,"column":32}},"10":{"start":{"line":11,"column":0},"end":{"line":11,"column":21}},"11":{"start":{"line":12,"column":0},"end":{"line":12,"column":25}},"12":{"start":{"line":13,"column":0},"end":{"line":13,"column":22}},"13":{"start":{"line":14,"column":0},"end":{"line":14,"column":43}},"14":{"start":{"line":15,"column":0},"end":{"line":15,"column":12}},"15":{"start":{"line":16,"column":0},"end":{"line":16,"column":24}},"21":{"start":{"line":22,"column":0},"end":{"line":22,"column":22}},"22":{"start":{"line":23,"column":0},"end":{"line":23,"column":55}},"24":{"start":{"line":25,"column":0},"end":{"line":25,"column":37}},"26":{"start":{"line":27,"column":0},"end":{"line":27,"column":47}},"27":{"start":{"line":28,"column":0},"end":{"line":28,"column":39}},"28":{"start":{"line":29,"column":0},"end":{"line":29,"column":34}},"29":{"start":{"line":30,"column":0},"end":{"line":30,"column":15}},"32":{"start":{"line":33,"column":0},"end":{"line":33,"column":55}},"33":{"start":{"line":34,"column":0},"end":{"line":34,"column":59}},"34":{"start":{"line":35,"column":0},"end":{"line":35,"column":15}},"36":{"start":{"line":37,"column":0},"end":{"line":37,"column":47}},"37":{"start":{"line":38,"column":0},"end":{"line":38,"column":21}},"38":{"start":{"line":39,"column":0},"end":{"line":39,"column":43}},"39":{"start":{"line":40,"column":0},"end":{"line":40,"column":15}},"41":{"start":{"line":42,"column":0},"end":{"line":42,"column":32}},"42":{"start":{"line":43,"column":0},"end":{"line":43,"column":14}},"45":{"start":{"line":46,"column":0},"end":{"line":46,"column":45}},"46":{"start":{"line":47,"column":0},"end":{"line":47,"column":57}},"47":{"start":{"line":48,"column":0},"end":{"line":48,"column":17}},"48":{"start":{"line":49,"column":0},"end":{"line":49,"column":40}},"50":{"start":{"line":51,"column":0},"end":{"line":51,"column":33}},"51":{"start":{"line":52,"column":0},"end":{"line":52,"column":17}},"52":{"start":{"line":53,"column":0},"end":{"line":53,"column":31}},"53":{"start":{"line":54,"column":0},"end":{"line":54,"column":47}},"55":{"start":{"line":56,"column":0},"end":{"line":56,"column":21}},"58":{"start":{"line":59,"column":0},"end":{"line":59,"column":23}},"59":{"start":{"line":60,"column":0},"end":{"line":60,"column":26}},"60":{"start":{"line":61,"column":0},"end":{"line":61,"column":46}},"62":{"start":{"line":63,"column":0},"end":{"line":63,"column":24}},"63":{"start":{"line":64,"column":0},"end":{"line":64,"column":68}},"64":{"start":{"line":65,"column":0},"end":{"line":65,"column":42}},"65":{"start":{"line":66,"column":0},"end":{"line":66,"column":23}},"67":{"start":{"line":68,"column":0},"end":{"line":68,"column":35}},"68":{"start":{"line":69,"column":0},"end":{"line":69,"column":63}},"71":{"start":{"line":72,"column":0},"end":{"line":72,"column":53}},"72":{"start":{"line":73,"column":0},"end":{"line":73,"column":54}},"74":{"start":{"line":75,"column":0},"end":{"line":75,"column":27}},"75":{"start":{"line":76,"column":0},"end":{"line":76,"column":35}},"76":{"start":{"line":77,"column":0},"end":{"line":77,"column":29}},"78":{"start":{"line":79,"column":0},"end":{"line":79,"column":33}},"79":{"start":{"line":80,"column":0},"end":{"line":80,"column":19}},"80":{"start":{"line":81,"column":0},"end":{"line":81,"column":27}},"81":{"start":{"line":82,"column":0},"end":{"line":82,"column":48}},"82":{"start":{"line":83,"column":0},"end":{"line":83,"column":21}},"83":{"start":{"line":84,"column":0},"end":{"line":84,"column":20}},"84":{"start":{"line":85,"column":0},"end":{"line":85,"column":25}},"92":{"start":{"line":93,"column":0},"end":{"line":93,"column":14}},"93":{"start":{"line":94,"column":0},"end":{"line":94,"column":20}},"94":{"start":{"line":95,"column":0},"end":{"line":95,"column":15}},"96":{"start":{"line":97,"column":0},"end":{"line":97,"column":20}},"99":{"start":{"line":100,"column":0},"end":{"line":100,"column":14}},"100":{"start":{"line":101,"column":0},"end":{"line":101,"column":12}},"101":{"start":{"line":102,"column":0},"end":{"line":102,"column":8}},"102":{"start":{"line":103,"column":0},"end":{"line":103,"column":8}},"103":{"start":{"line":104,"column":0},"end":{"line":104,"column":9}},"104":{"start":{"line":105,"column":0},"end":{"line":105,"column":6}},"105":{"start":{"line":106,"column":0},"end":{"line":106,"column":7}},"114":{"start":{"line":115,"column":0},"end":{"line":115,"column":29}},"115":{"start":{"line":116,"column":0},"end":{"line":116,"column":21}},"116":{"start":{"line":117,"column":0},"end":{"line":117,"column":23}},"117":{"start":{"line":118,"column":0},"end":{"line":118,"column":17}},"118":{"start":{"line":119,"column":0},"end":{"line":119,"column":21}},"119":{"start":{"line":120,"column":0},"end":{"line":120,"column":30}},"121":{"start":{"line":122,"column":0},"end":{"line":122,"column":30}},"122":{"start":{"line":123,"column":0},"end":{"line":123,"column":52}},"123":{"start":{"line":124,"column":0},"end":{"line":124,"column":30}},"124":{"start":{"line":125,"column":0},"end":{"line":125,"column":24}},"126":{"start":{"line":127,"column":0},"end":{"line":127,"column":30}},"127":{"start":{"line":128,"column":0},"end":{"line":128,"column":29}},"129":{"start":{"line":130,"column":0},"end":{"line":130,"column":31}},"130":{"start":{"line":131,"column":0},"end":{"line":131,"column":39}},"132":{"start":{"line":133,"column":0},"end":{"line":133,"column":37}},"133":{"start":{"line":134,"column":0},"end":{"line":134,"column":30}},"134":{"start":{"line":135,"column":0},"end":{"line":135,"column":56}},"135":{"start":{"line":136,"column":0},"end":{"line":136,"column":24}},"136":{"start":{"line":137,"column":0},"end":{"line":137,"column":23}},"138":{"start":{"line":139,"column":0},"end":{"line":139,"column":30}},"139":{"start":{"line":140,"column":0},"end":{"line":140,"column":39}},"140":{"start":{"line":141,"column":0},"end":{"line":141,"column":29}},"141":{"start":{"line":142,"column":0},"end":{"line":142,"column":58}},"144":{"start":{"line":145,"column":0},"end":{"line":145,"column":24}},"145":{"start":{"line":146,"column":0},"end":{"line":146,"column":36}},"148":{"start":{"line":149,"column":0},"end":{"line":149,"column":26}},"149":{"start":{"line":150,"column":0},"end":{"line":150,"column":27}},"152":{"start":{"line":153,"column":0},"end":{"line":153,"column":26}},"153":{"start":{"line":154,"column":0},"end":{"line":154,"column":31}},"155":{"start":{"line":156,"column":0},"end":{"line":156,"column":42}},"156":{"start":{"line":157,"column":0},"end":{"line":157,"column":20}},"157":{"start":{"line":158,"column":0},"end":{"line":158,"column":39}},"158":{"start":{"line":159,"column":0},"end":{"line":159,"column":39}},"159":{"start":{"line":160,"column":0},"end":{"line":160,"column":35}},"161":{"start":{"line":162,"column":0},"end":{"line":162,"column":44}},"164":{"start":{"line":165,"column":0},"end":{"line":165,"column":49}},"165":{"start":{"line":166,"column":0},"end":{"line":166,"column":37}},"166":{"start":{"line":167,"column":0},"end":{"line":167,"column":30}},"167":{"start":{"line":168,"column":0},"end":{"line":168,"column":31}},"168":{"start":{"line":169,"column":0},"end":{"line":169,"column":44}},"171":{"start":{"line":172,"column":0},"end":{"line":172,"column":56}},"173":{"start":{"line":174,"column":0},"end":{"line":174,"column":24}},"174":{"start":{"line":175,"column":0},"end":{"line":175,"column":36}},"175":{"start":{"line":176,"column":0},"end":{"line":176,"column":59}},"176":{"start":{"line":177,"column":0},"end":{"line":177,"column":25}},"177":{"start":{"line":178,"column":0},"end":{"line":178,"column":48}},"178":{"start":{"line":179,"column":0},"end":{"line":179,"column":21}},"179":{"start":{"line":180,"column":0},"end":{"line":180,"column":14}},"180":{"start":{"line":181,"column":0},"end":{"line":181,"column":25}},"184":{"start":{"line":185,"column":0},"end":{"line":185,"column":32}},"187":{"start":{"line":188,"column":0},"end":{"line":188,"column":16}},"189":{"start":{"line":190,"column":0},"end":{"line":190,"column":39}},"190":{"start":{"line":191,"column":0},"end":{"line":191,"column":27}},"191":{"start":{"line":192,"column":0},"end":{"line":192,"column":37}},"192":{"start":{"line":193,"column":0},"end":{"line":193,"column":32}},"194":{"start":{"line":195,"column":0},"end":{"line":195,"column":35}},"196":{"start":{"line":197,"column":0},"end":{"line":197,"column":60}},"197":{"start":{"line":198,"column":0},"end":{"line":198,"column":17}},"199":{"start":{"line":200,"column":0},"end":{"line":200,"column":18}},"203":{"start":{"line":204,"column":0},"end":{"line":204,"column":48}},"204":{"start":{"line":205,"column":0},"end":{"line":205,"column":37}},"205":{"start":{"line":206,"column":0},"end":{"line":206,"column":25}},"207":{"start":{"line":208,"column":0},"end":{"line":208,"column":24}},"208":{"start":{"line":209,"column":0},"end":{"line":209,"column":26}},"209":{"start":{"line":210,"column":0},"end":{"line":210,"column":20}},"212":{"start":{"line":213,"column":0},"end":{"line":213,"column":67}},"214":{"start":{"line":215,"column":0},"end":{"line":215,"column":23}},"215":{"start":{"line":216,"column":0},"end":{"line":216,"column":25}},"216":{"start":{"line":217,"column":0},"end":{"line":217,"column":20}},"219":{"start":{"line":220,"column":0},"end":{"line":220,"column":21}},"221":{"start":{"line":222,"column":0},"end":{"line":222,"column":25}},"222":{"start":{"line":223,"column":0},"end":{"line":223,"column":30}},"223":{"start":{"line":224,"column":0},"end":{"line":224,"column":49}},"224":{"start":{"line":225,"column":0},"end":{"line":225,"column":23}},"226":{"start":{"line":227,"column":0},"end":{"line":227,"column":24}},"227":{"start":{"line":228,"column":0},"end":{"line":228,"column":16}},"231":{"start":{"line":232,"column":0},"end":{"line":232,"column":19}},"234":{"start":{"line":235,"column":0},"end":{"line":235,"column":17}},"235":{"start":{"line":236,"column":0},"end":{"line":236,"column":20}},"238":{"start":{"line":239,"column":0},"end":{"line":239,"column":28}},"239":{"start":{"line":240,"column":0},"end":{"line":240,"column":32}},"240":{"start":{"line":241,"column":0},"end":{"line":241,"column":26}},"241":{"start":{"line":242,"column":0},"end":{"line":242,"column":27}},"242":{"start":{"line":243,"column":0},"end":{"line":243,"column":23}},"246":{"start":{"line":247,"column":0},"end":{"line":247,"column":41}},"247":{"start":{"line":248,"column":0},"end":{"line":248,"column":79}},"248":{"start":{"line":249,"column":0},"end":{"line":249,"column":47}},"249":{"start":{"line":250,"column":0},"end":{"line":250,"column":13}},"250":{"start":{"line":251,"column":0},"end":{"line":251,"column":46}},"251":{"start":{"line":252,"column":0},"end":{"line":252,"column":19}},"252":{"start":{"line":253,"column":0},"end":{"line":253,"column":63}},"253":{"start":{"line":254,"column":0},"end":{"line":254,"column":23}},"257":{"start":{"line":258,"column":0},"end":{"line":258,"column":41}},"258":{"start":{"line":259,"column":0},"end":{"line":259,"column":78}},"259":{"start":{"line":260,"column":0},"end":{"line":260,"column":32}},"260":{"start":{"line":261,"column":0},"end":{"line":261,"column":18}},"261":{"start":{"line":262,"column":0},"end":{"line":262,"column":47}},"262":{"start":{"line":263,"column":0},"end":{"line":263,"column":20}},"263":{"start":{"line":264,"column":0},"end":{"line":264,"column":19}},"264":{"start":{"line":265,"column":0},"end":{"line":265,"column":24}},"267":{"start":{"line":268,"column":0},"end":{"line":268,"column":59}},"268":{"start":{"line":269,"column":0},"end":{"line":269,"column":20}},"274":{"start":{"line":275,"column":0},"end":{"line":275,"column":35}},"276":{"start":{"line":277,"column":0},"end":{"line":277,"column":12}},"277":{"start":{"line":278,"column":0},"end":{"line":278,"column":68}},"278":{"start":{"line":279,"column":0},"end":{"line":279,"column":39}},"280":{"start":{"line":281,"column":0},"end":{"line":281,"column":21}},"281":{"start":{"line":282,"column":0},"end":{"line":282,"column":34}},"283":{"start":{"line":284,"column":0},"end":{"line":284,"column":67}},"284":{"start":{"line":285,"column":0},"end":{"line":285,"column":33}},"286":{"start":{"line":287,"column":0},"end":{"line":287,"column":68}},"287":{"start":{"line":288,"column":0},"end":{"line":288,"column":31}},"289":{"start":{"line":290,"column":0},"end":{"line":290,"column":69}},"290":{"start":{"line":291,"column":0},"end":{"line":291,"column":32}},"292":{"start":{"line":293,"column":0},"end":{"line":293,"column":67}},"293":{"start":{"line":294,"column":0},"end":{"line":294,"column":30}},"295":{"start":{"line":296,"column":0},"end":{"line":296,"column":72}},"296":{"start":{"line":297,"column":0},"end":{"line":297,"column":35}},"298":{"start":{"line":299,"column":0},"end":{"line":299,"column":67}},"299":{"start":{"line":300,"column":0},"end":{"line":300,"column":30}},"301":{"start":{"line":302,"column":0},"end":{"line":302,"column":27}},"302":{"start":{"line":303,"column":0},"end":{"line":303,"column":37}},"304":{"start":{"line":305,"column":0},"end":{"line":305,"column":60}},"305":{"start":{"line":306,"column":0},"end":{"line":306,"column":29}},"307":{"start":{"line":308,"column":0},"end":{"line":308,"column":14}},"308":{"start":{"line":309,"column":0},"end":{"line":309,"column":70}},"309":{"start":{"line":310,"column":0},"end":{"line":310,"column":19}},"311":{"start":{"line":312,"column":0},"end":{"line":312,"column":46}},"313":{"start":{"line":314,"column":0},"end":{"line":314,"column":26}},"314":{"start":{"line":315,"column":0},"end":{"line":315,"column":36}},"316":{"start":{"line":317,"column":0},"end":{"line":317,"column":26}},"317":{"start":{"line":318,"column":0},"end":{"line":318,"column":38}},"323":{"start":{"line":324,"column":0},"end":{"line":324,"column":14}},"324":{"start":{"line":325,"column":0},"end":{"line":325,"column":35}},"325":{"start":{"line":326,"column":0},"end":{"line":326,"column":21}},"327":{"start":{"line":328,"column":0},"end":{"line":328,"column":40}},"328":{"start":{"line":329,"column":0},"end":{"line":329,"column":33}},"329":{"start":{"line":330,"column":0},"end":{"line":330,"column":48}},"330":{"start":{"line":331,"column":0},"end":{"line":331,"column":20}},"332":{"start":{"line":333,"column":0},"end":{"line":333,"column":22}},"334":{"start":{"line":335,"column":0},"end":{"line":335,"column":16}},"335":{"start":{"line":336,"column":0},"end":{"line":336,"column":35}},"336":{"start":{"line":337,"column":0},"end":{"line":337,"column":21}},"338":{"start":{"line":339,"column":0},"end":{"line":339,"column":43}},"339":{"start":{"line":340,"column":0},"end":{"line":340,"column":33}},"340":{"start":{"line":341,"column":0},"end":{"line":341,"column":28}},"341":{"start":{"line":342,"column":0},"end":{"line":342,"column":21}},"343":{"start":{"line":344,"column":0},"end":{"line":344,"column":23}},"345":{"start":{"line":346,"column":0},"end":{"line":346,"column":31}},"346":{"start":{"line":347,"column":0},"end":{"line":347,"column":14}},"347":{"start":{"line":348,"column":0},"end":{"line":348,"column":33}},"348":{"start":{"line":349,"column":0},"end":{"line":349,"column":39}},"349":{"start":{"line":350,"column":0},"end":{"line":350,"column":36}},"350":{"start":{"line":351,"column":0},"end":{"line":351,"column":32}},"351":{"start":{"line":352,"column":0},"end":{"line":352,"column":26}},"352":{"start":{"line":353,"column":0},"end":{"line":353,"column":18}},"353":{"start":{"line":354,"column":0},"end":{"line":354,"column":47}},"354":{"start":{"line":355,"column":0},"end":{"line":355,"column":20}},"355":{"start":{"line":356,"column":0},"end":{"line":356,"column":19}},"356":{"start":{"line":357,"column":0},"end":{"line":357,"column":24}},"361":{"start":{"line":362,"column":0},"end":{"line":362,"column":17}},"363":{"start":{"line":364,"column":0},"end":{"line":364,"column":28}},"364":{"start":{"line":365,"column":0},"end":{"line":365,"column":33}},"365":{"start":{"line":366,"column":0},"end":{"line":366,"column":27}},"366":{"start":{"line":367,"column":0},"end":{"line":367,"column":36}},"367":{"start":{"line":368,"column":0},"end":{"line":368,"column":32}},"368":{"start":{"line":369,"column":0},"end":{"line":369,"column":30}},"369":{"start":{"line":370,"column":0},"end":{"line":370,"column":47}},"370":{"start":{"line":371,"column":0},"end":{"line":371,"column":20}},"371":{"start":{"line":372,"column":0},"end":{"line":372,"column":19}},"372":{"start":{"line":373,"column":0},"end":{"line":373,"column":24}},"378":{"start":{"line":379,"column":0},"end":{"line":379,"column":67}},"379":{"start":{"line":380,"column":0},"end":{"line":380,"column":26}},"380":{"start":{"line":381,"column":0},"end":{"line":381,"column":33}},"381":{"start":{"line":382,"column":0},"end":{"line":382,"column":57}},"382":{"start":{"line":383,"column":0},"end":{"line":383,"column":43}},"383":{"start":{"line":384,"column":0},"end":{"line":384,"column":31}},"384":{"start":{"line":385,"column":0},"end":{"line":385,"column":25}},"385":{"start":{"line":386,"column":0},"end":{"line":386,"column":25}},"386":{"start":{"line":387,"column":0},"end":{"line":387,"column":46}},"387":{"start":{"line":388,"column":0},"end":{"line":388,"column":19}},"388":{"start":{"line":389,"column":0},"end":{"line":389,"column":18}},"389":{"start":{"line":390,"column":0},"end":{"line":390,"column":23}},"392":{"start":{"line":393,"column":0},"end":{"line":393,"column":22}},"393":{"start":{"line":394,"column":0},"end":{"line":394,"column":44}},"394":{"start":{"line":395,"column":0},"end":{"line":395,"column":49}},"395":{"start":{"line":396,"column":0},"end":{"line":396,"column":18}},"396":{"start":{"line":397,"column":0},"end":{"line":397,"column":23}},"400":{"start":{"line":401,"column":0},"end":{"line":401,"column":78}},"403":{"start":{"line":404,"column":0},"end":{"line":404,"column":17}},"407":{"start":{"line":408,"column":0},"end":{"line":408,"column":18}},"408":{"start":{"line":409,"column":0},"end":{"line":409,"column":40}},"409":{"start":{"line":410,"column":0},"end":{"line":410,"column":19}},"411":{"start":{"line":412,"column":0},"end":{"line":412,"column":25}},"412":{"start":{"line":413,"column":0},"end":{"line":413,"column":37}}},"s":{"0":1,"7":1,"8":1,"9":1,"10":1,"11":1,"12":1,"13":1,"14":1,"15":1,"21":1,"22":1,"24":1,"26":1,"27":1,"28":1,"29":1,"32":1,"33":1,"34":1,"36":1,"37":1,"38":1,"39":1,"41":1,"42":1,"45":1,"46":1,"47":1,"48":1,"50":1,"51":1,"52":1,"53":1,"55":1,"58":1,"59":1,"60":1,"62":1,"63":1,"64":1,"65":1,"67":1,"68":1,"71":1,"72":1,"74":1,"75":1,"76":1,"78":1,"79":1,"80":1,"81":1,"82":1,"83":1,"84":1,"92":1,"93":1,"94":1,"96":1,"99":1,"100":1,"101":1,"102":1,"103":1,"104":1,"105":1,"114":1,"115":1,"116":1,"117":1,"118":1,"119":1,"121":1,"122":1,"123":1,"124":1,"126":1,"127":1,"129":1,"130":1,"132":1,"133":1,"134":108,"135":108,"136":108,"138":108,"139":1,"140":64,"141":64,"144":64,"145":64,"148":64,"149":64,"152":64,"153":64,"155":1,"156":40,"157":1,"158":1,"159":1,"161":1,"164":1,"165":1,"166":1,"167":1,"168":1,"171":1,"173":1,"174":1,"175":1,"176":1,"177":1,"178":1,"179":1,"180":1,"184":1,"187":1,"189":1,"190":1,"191":1,"192":1,"194":1,"196":1,"197":1,"199":1,"203":1,"204":1,"205":1,"207":1,"208":1,"209":1,"212":1,"214":1,"215":1,"216":1,"219":1,"221":1,"222":1,"223":1,"224":1,"226":1,"227":1,"231":1,"234":1,"235":1,"238":1,"239":1,"240":1,"241":1,"242":1,"246":1,"247":1,"248":1,"249":1,"250":1,"251":1,"252":1,"253":1,"257":1,"258":4,"259":4,"260":4,"261":4,"262":4,"263":4,"264":4,"267":1,"268":1,"274":1,"276":1,"277":1,"278":1,"280":1,"281":1,"283":1,"284":1,"286":1,"287":1,"289":1,"290":1,"292":1,"293":1,"295":1,"296":1,"298":1,"299":1,"301":1,"302":1,"304":1,"305":1,"307":1,"308":1,"309":1,"311":1,"313":1,"314":1,"316":1,"317":1,"323":1,"324":1,"325":1,"327":1,"328":1,"329":1,"330":1,"332":1,"334":1,"335":1,"336":1,"338":1,"339":1,"340":1,"341":1,"343":1,"345":1,"346":1,"347":1,"348":1,"349":1,"350":1,"351":1,"352":1,"353":1,"354":1,"355":1,"356":1,"361":1,"363":1,"364":1,"365":1,"366":1,"367":1,"368":1,"369":1,"370":1,"371":1,"372":1,"378":1,"379":1,"380":1,"381":1,"382":1,"383":1,"384":1,"385":1,"386":1,"387":1,"388":1,"389":1,"392":1,"393":1,"394":1,"395":1,"396":1,"400":1,"403":1,"407":1,"408":1,"409":1,"411":1,"412":1},"branchMap":{"0":{"type":"branch","line":23,"loc":{"start":{"line":23,"column":27},"end":{"line":23,"column":53}},"locations":[{"start":{"line":23,"column":27},"end":{"line":23,"column":53}}]},"1":{"type":"branch","line":134,"loc":{"start":{"line":134,"column":26},"end":{"line":140,"column":28}},"locations":[{"start":{"line":134,"column":26},"end":{"line":140,"column":28}}]},"2":{"type":"branch","line":140,"loc":{"start":{"line":140,"column":28},"end":{"line":156,"column":21}},"locations":[{"start":{"line":140,"column":28},"end":{"line":156,"column":21}}]},"3":{"type":"branch","line":156,"loc":{"start":{"line":156,"column":28},"end":{"line":158,"column":21}},"locations":[{"start":{"line":156,"column":28},"end":{"line":158,"column":21}}]},"4":{"type":"branch","line":213,"loc":{"start":{"line":213,"column":38},"end":{"line":213,"column":67}},"locations":[{"start":{"line":213,"column":38},"end":{"line":213,"column":67}}]},"5":{"type":"branch","line":247,"loc":{"start":{"line":247,"column":18},"end":{"line":247,"column":41}},"locations":[{"start":{"line":247,"column":18},"end":{"line":247,"column":41}}]},"6":{"type":"branch","line":248,"loc":{"start":{"line":248,"column":33},"end":{"line":248,"column":50}},"locations":[{"start":{"line":248,"column":33},"end":{"line":248,"column":50}}]},"7":{"type":"branch","line":248,"loc":{"start":{"line":248,"column":40},"end":{"line":248,"column":53}},"locations":[{"start":{"line":248,"column":40},"end":{"line":248,"column":53}}]},"8":{"type":"branch","line":253,"loc":{"start":{"line":253,"column":22},"end":{"line":253,"column":63}},"locations":[{"start":{"line":253,"column":22},"end":{"line":253,"column":63}}]},"9":{"type":"branch","line":258,"loc":{"start":{"line":258,"column":31},"end":{"line":268,"column":20}},"locations":[{"start":{"line":258,"column":31},"end":{"line":268,"column":20}}]},"10":{"type":"branch","line":268,"loc":{"start":{"line":268,"column":38},"end":{"line":268,"column":59}},"locations":[{"start":{"line":268,"column":38},"end":{"line":268,"column":59}}]}},"b":{"0":[83],"1":[108],"2":[64],"3":[40],"4":[100],"5":[6],"6":[12],"7":[0],"8":[0],"9":[4],"10":[1]},"fnMap":{},"f":{}}
,"/Users/macbook/syncrostate/package/src/lib/proxys/base.svelte.ts": {"path":"/Users/macbook/syncrostate/package/src/lib/proxys/base.svelte.ts","all":false,"statementMap":{"0":{"start":{"line":1,"column":0},"end":{"line":1,"column":25}},"7":{"start":{"line":8,"column":0},"end":{"line":8,"column":29}},"8":{"start":{"line":9,"column":0},"end":{"line":9,"column":15}},"9":{"start":{"line":10,"column":0},"end":{"line":10,"column":38}},"10":{"start":{"line":11,"column":0},"end":{"line":11,"column":36}},"11":{"start":{"line":12,"column":0},"end":{"line":12,"column":14}},"12":{"start":{"line":13,"column":0},"end":{"line":13,"column":25}},"13":{"start":{"line":14,"column":0},"end":{"line":14,"column":22}},"14":{"start":{"line":15,"column":0},"end":{"line":15,"column":20}},"20":{"start":{"line":21,"column":0},"end":{"line":21,"column":26}},"21":{"start":{"line":22,"column":0},"end":{"line":22,"column":40}},"22":{"start":{"line":23,"column":0},"end":{"line":23,"column":35}},"23":{"start":{"line":24,"column":0},"end":{"line":24,"column":28}},"24":{"start":{"line":25,"column":0},"end":{"line":25,"column":22}},"25":{"start":{"line":26,"column":0},"end":{"line":26,"column":26}},"28":{"start":{"line":29,"column":0},"end":{"line":29,"column":35}},"29":{"start":{"line":30,"column":0},"end":{"line":30,"column":43}},"32":{"start":{"line":33,"column":0},"end":{"line":33,"column":62}},"33":{"start":{"line":34,"column":0},"end":{"line":34,"column":54}},"34":{"start":{"line":35,"column":0},"end":{"line":35,"column":41}},"35":{"start":{"line":36,"column":0},"end":{"line":36,"column":39}},"39":{"start":{"line":40,"column":0},"end":{"line":40,"column":18}},"40":{"start":{"line":41,"column":0},"end":{"line":41,"column":37}},"43":{"start":{"line":44,"column":0},"end":{"line":44,"column":34}},"44":{"start":{"line":45,"column":0},"end":{"line":45,"column":32}},"45":{"start":{"line":46,"column":0},"end":{"line":46,"column":36}},"46":{"start":{"line":47,"column":0},"end":{"line":47,"column":25}},"47":{"start":{"line":48,"column":0},"end":{"line":48,"column":33}},"48":{"start":{"line":49,"column":0},"end":{"line":49,"column":26}},"49":{"start":{"line":50,"column":0},"end":{"line":50,"column":91}}},"s":{"0":1,"7":1,"8":1,"9":1,"10":1,"11":1,"12":1,"13":1,"14":1,"20":1,"21":1,"22":1,"23":1,"24":1,"25":1,"28":1,"29":1,"32":1,"33":1,"34":1,"35":1,"39":1,"40":1,"43":1,"44":1,"45":1,"46":1,"47":1,"48":1,"49":1},"branchMap":{"0":{"type":"branch","line":50,"loc":{"start":{"line":50,"column":45},"end":{"line":50,"column":67}},"locations":[{"start":{"line":50,"column":45},"end":{"line":50,"column":67}}]},"1":{"type":"branch","line":50,"loc":{"start":{"line":50,"column":67},"end":{"line":50,"column":91}},"locations":[{"start":{"line":50,"column":67},"end":{"line":50,"column":91}}]},"2":{"type":"branch","line":50,"loc":{"start":{"line":50,"column":75},"end":{"line":50,"column":91}},"locations":[{"start":{"line":50,"column":75},"end":{"line":50,"column":91}}]}},"b":{"0":[4],"1":[15],"2":[0]},"fnMap":{},"f":{}}
,"/Users/macbook/syncrostate/package/src/lib/proxys/boolean.svelte.ts": {"path":"/Users/macbook/syncrostate/package/src/lib/proxys/boolean.svelte.ts","all":false,"statementMap":{"0":{"start":{"line":1,"column":0},"end":{"line":1,"column":62}},"9":{"start":{"line":10,"column":0},"end":{"line":10,"column":51}},"10":{"start":{"line":11,"column":0},"end":{"line":11,"column":29}},"12":{"start":{"line":13,"column":0},"end":{"line":13,"column":14}},"13":{"start":{"line":14,"column":0},"end":{"line":14,"column":53}},"14":{"start":{"line":15,"column":0},"end":{"line":15,"column":59}},"15":{"start":{"line":16,"column":0},"end":{"line":16,"column":50}},"17":{"start":{"line":18,"column":0},"end":{"line":18,"column":64}},"18":{"start":{"line":19,"column":0},"end":{"line":19,"column":50}},"20":{"start":{"line":21,"column":0},"end":{"line":21,"column":15}},"23":{"start":{"line":24,"column":0},"end":{"line":24,"column":35}},"24":{"start":{"line":25,"column":0},"end":{"line":25,"column":39}},"25":{"start":{"line":26,"column":0},"end":{"line":26,"column":40}},"28":{"start":{"line":29,"column":0},"end":{"line":29,"column":28}},"29":{"start":{"line":30,"column":0},"end":{"line":30,"column":35}},"31":{"start":{"line":32,"column":0},"end":{"line":32,"column":51}},"35":{"start":{"line":36,"column":0},"end":{"line":36,"column":20}},"42":{"start":{"line":43,"column":0},"end":{"line":43,"column":14}},"43":{"start":{"line":44,"column":0},"end":{"line":44,"column":34}}},"s":{"0":1,"9":1,"10":1,"12":1,"13":1,"14":1,"15":1,"17":1,"18":1,"20":1,"23":1,"24":1,"25":1,"28":1,"29":1,"31":1,"35":1,"42":1,"43":1},"branchMap":{"0":{"type":"branch","line":15,"loc":{"start":{"line":15,"column":30},"end":{"line":15,"column":59}},"locations":[{"start":{"line":15,"column":30},"end":{"line":15,"column":59}}]},"1":{"type":"branch","line":18,"loc":{"start":{"line":18,"column":30},"end":{"line":18,"column":64}},"locations":[{"start":{"line":18,"column":30},"end":{"line":18,"column":64}}]}},"b":{"0":[25],"1":[27]},"fnMap":{},"f":{}}
,"/Users/macbook/syncrostate/package/src/lib/proxys/date.svelte.ts": {"path":"/Users/macbook/syncrostate/package/src/lib/proxys/date.svelte.ts","all":false,"statementMap":{"0":{"start":{"line":1,"column":0},"end":{"line":1,"column":25}},"10":{"start":{"line":11,"column":0},"end":{"line":11,"column":48}},"11":{"start":{"line":12,"column":0},"end":{"line":12,"column":31}},"12":{"start":{"line":13,"column":0},"end":{"line":13,"column":25}},"13":{"start":{"line":14,"column":0},"end":{"line":14,"column":21}},"14":{"start":{"line":15,"column":0},"end":{"line":15,"column":44}},"15":{"start":{"line":16,"column":0},"end":{"line":16,"column":38}},"16":{"start":{"line":17,"column":0},"end":{"line":17,"column":32}},"17":{"start":{"line":18,"column":0},"end":{"line":18,"column":46}},"18":{"start":{"line":19,"column":0},"end":{"line":19,"column":62}},"19":{"start":{"line":20,"column":0},"end":{"line":20,"column":14}},"21":{"start":{"line":22,"column":0},"end":{"line":22,"column":16}},"24":{"start":{"line":25,"column":0},"end":{"line":25,"column":18}},"30":{"start":{"line":31,"column":0},"end":{"line":31,"column":48}},"31":{"start":{"line":32,"column":0},"end":{"line":32,"column":26}},"33":{"start":{"line":34,"column":0},"end":{"line":34,"column":31}},"34":{"start":{"line":35,"column":0},"end":{"line":35,"column":46}},"35":{"start":{"line":36,"column":0},"end":{"line":36,"column":43}},"36":{"start":{"line":37,"column":0},"end":{"line":37,"column":49}},"37":{"start":{"line":38,"column":0},"end":{"line":38,"column":31}},"41":{"start":{"line":42,"column":0},"end":{"line":42,"column":14}},"42":{"start":{"line":43,"column":0},"end":{"line":43,"column":76}},"43":{"start":{"line":44,"column":0},"end":{"line":44,"column":59}},"44":{"start":{"line":45,"column":0},"end":{"line":45,"column":20}},"46":{"start":{"line":47,"column":0},"end":{"line":47,"column":64}},"47":{"start":{"line":48,"column":0},"end":{"line":48,"column":20}},"49":{"start":{"line":50,"column":0},"end":{"line":50,"column":15}},"52":{"start":{"line":53,"column":0},"end":{"line":53,"column":50}},"53":{"start":{"line":54,"column":0},"end":{"line":54,"column":48}},"54":{"start":{"line":55,"column":0},"end":{"line":55,"column":17}},"55":{"start":{"line":56,"column":0},"end":{"line":56,"column":40}},"58":{"start":{"line":59,"column":0},"end":{"line":59,"column":46}},"59":{"start":{"line":60,"column":0},"end":{"line":60,"column":49}},"60":{"start":{"line":61,"column":0},"end":{"line":61,"column":48}},"62":{"start":{"line":63,"column":0},"end":{"line":63,"column":29}},"63":{"start":{"line":64,"column":0},"end":{"line":64,"column":36}},"65":{"start":{"line":66,"column":0},"end":{"line":66,"column":25}},"66":{"start":{"line":67,"column":0},"end":{"line":67,"column":25}},"71":{"start":{"line":72,"column":0},"end":{"line":72,"column":40}},"72":{"start":{"line":73,"column":0},"end":{"line":73,"column":58}},"73":{"start":{"line":74,"column":0},"end":{"line":74,"column":16}},"74":{"start":{"line":75,"column":0},"end":{"line":75,"column":44}},"78":{"start":{"line":79,"column":0},"end":{"line":79,"column":26}},"79":{"start":{"line":80,"column":0},"end":{"line":80,"column":31}},"82":{"start":{"line":83,"column":0},"end":{"line":83,"column":20}},"89":{"start":{"line":90,"column":0},"end":{"line":90,"column":14}},"90":{"start":{"line":91,"column":0},"end":{"line":91,"column":34}},"91":{"start":{"line":92,"column":0},"end":{"line":92,"column":31}}},"s":{"0":1,"10":1,"11":1,"12":1,"13":1,"14":1,"15":1,"16":1,"17":1,"18":1,"19":1,"21":1,"24":1,"30":1,"31":1,"33":1,"34":1,"35":1,"36":1,"37":1,"41":1,"42":1,"43":1,"44":1,"46":1,"47":1,"49":1,"52":1,"53":1,"54":1,"55":1,"58":1,"59":1,"60":1,"62":1,"63":1,"65":1,"66":1,"71":1,"72":1,"73":1,"74":1,"78":1,"79":1,"82":1,"89":1,"90":1,"91":1},"branchMap":{"0":{"type":"branch","line":37,"loc":{"start":{"line":37,"column":27},"end":{"line":37,"column":49}},"locations":[{"start":{"line":37,"column":27},"end":{"line":37,"column":49}}]},"1":{"type":"branch","line":43,"loc":{"start":{"line":43,"column":34},"end":{"line":43,"column":59}},"locations":[{"start":{"line":43,"column":34},"end":{"line":43,"column":59}}]},"2":{"type":"branch","line":43,"loc":{"start":{"line":43,"column":48},"end":{"line":43,"column":66}},"locations":[{"start":{"line":43,"column":48},"end":{"line":43,"column":66}}]},"3":{"type":"branch","line":43,"loc":{"start":{"line":43,"column":59},"end":{"line":43,"column":76}},"locations":[{"start":{"line":43,"column":59},"end":{"line":43,"column":76}}]},"4":{"type":"branch","line":44,"loc":{"start":{"line":44,"column":30},"end":{"line":44,"column":59}},"locations":[{"start":{"line":44,"column":30},"end":{"line":44,"column":59}}]},"5":{"type":"branch","line":47,"loc":{"start":{"line":47,"column":30},"end":{"line":47,"column":64}},"locations":[{"start":{"line":47,"column":30},"end":{"line":47,"column":64}}]},"6":{"type":"branch","line":59,"loc":{"start":{"line":59,"column":16},"end":{"line":59,"column":46}},"locations":[{"start":{"line":59,"column":16},"end":{"line":59,"column":46}}]},"7":{"type":"branch","line":75,"loc":{"start":{"line":75,"column":21},"end":{"line":75,"column":41}},"locations":[{"start":{"line":75,"column":21},"end":{"line":75,"column":41}}]},"8":{"type":"branch","line":75,"loc":{"start":{"line":75,"column":28},"end":{"line":75,"column":42}},"locations":[{"start":{"line":75,"column":28},"end":{"line":75,"column":42}}]}},"b":{"0":[23],"1":[79],"2":[6],"3":[74],"4":[55],"5":[57],"6":[60],"7":[10],"8":[1]},"fnMap":{},"f":{}}
,"/Users/macbook/syncrostate/package/src/lib/proxys/enum.svelte.ts": {"path":"/Users/macbook/syncrostate/package/src/lib/proxys/enum.svelte.ts","all":false,"statementMap":{"0":{"start":{"line":1,"column":0},"end":{"line":1,"column":25}},"7":{"start":{"line":8,"column":0},"end":{"line":8,"column":93}},"8":{"start":{"line":9,"column":0},"end":{"line":9,"column":43}},"9":{"start":{"line":10,"column":0},"end":{"line":10,"column":23}},"11":{"start":{"line":12,"column":0},"end":{"line":12,"column":14}},"12":{"start":{"line":13,"column":0},"end":{"line":13,"column":53}},"13":{"start":{"line":14,"column":0},"end":{"line":14,"column":59}},"14":{"start":{"line":15,"column":0},"end":{"line":15,"column":60}},"16":{"start":{"line":17,"column":0},"end":{"line":17,"column":64}},"17":{"start":{"line":18,"column":0},"end":{"line":18,"column":60}},"19":{"start":{"line":20,"column":0},"end":{"line":20,"column":15}},"22":{"start":{"line":23,"column":0},"end":{"line":23,"column":29}},"23":{"start":{"line":24,"column":0},"end":{"line":24,"column":39}},"24":{"start":{"line":25,"column":0},"end":{"line":25,"column":40}},"27":{"start":{"line":28,"column":0},"end":{"line":28,"column":28}},"28":{"start":{"line":29,"column":0},"end":{"line":29,"column":35}},"30":{"start":{"line":31,"column":0},"end":{"line":31,"column":51}},"34":{"start":{"line":35,"column":0},"end":{"line":35,"column":20}},"41":{"start":{"line":42,"column":0},"end":{"line":42,"column":14}},"42":{"start":{"line":43,"column":0},"end":{"line":43,"column":72}},"43":{"start":{"line":44,"column":0},"end":{"line":44,"column":34}}},"s":{"0":1,"7":1,"8":1,"9":1,"11":1,"12":1,"13":1,"14":1,"16":1,"17":1,"19":1,"22":1,"23":1,"24":1,"27":1,"28":1,"30":1,"34":1,"41":1,"42":1,"43":1},"branchMap":{"0":{"type":"branch","line":14,"loc":{"start":{"line":14,"column":30},"end":{"line":14,"column":59}},"locations":[{"start":{"line":14,"column":30},"end":{"line":14,"column":59}}]},"1":{"type":"branch","line":17,"loc":{"start":{"line":17,"column":30},"end":{"line":17,"column":64}},"locations":[{"start":{"line":17,"column":30},"end":{"line":17,"column":64}}]}},"b":{"0":[25],"1":[27]},"fnMap":{},"f":{}}
,"/Users/macbook/syncrostate/package/src/lib/proxys/number.svelte.ts": {"path":"/Users/macbook/syncrostate/package/src/lib/proxys/number.svelte.ts","all":false,"statementMap":{"0":{"start":{"line":1,"column":0},"end":{"line":1,"column":25}},"6":{"start":{"line":7,"column":0},"end":{"line":7,"column":50}},"7":{"start":{"line":8,"column":0},"end":{"line":8,"column":28}},"9":{"start":{"line":10,"column":0},"end":{"line":10,"column":14}},"10":{"start":{"line":11,"column":0},"end":{"line":11,"column":46}},"13":{"start":{"line":14,"column":0},"end":{"line":14,"column":34}},"14":{"start":{"line":15,"column":0},"end":{"line":15,"column":39}},"15":{"start":{"line":16,"column":0},"end":{"line":16,"column":40}},"18":{"start":{"line":19,"column":0},"end":{"line":19,"column":28}},"19":{"start":{"line":20,"column":0},"end":{"line":20,"column":35}},"21":{"start":{"line":22,"column":0},"end":{"line":22,"column":51}},"25":{"start":{"line":26,"column":0},"end":{"line":26,"column":20}},"32":{"start":{"line":33,"column":0},"end":{"line":33,"column":14}},"33":{"start":{"line":34,"column":0},"end":{"line":34,"column":34}}},"s":{"0":1,"6":1,"7":1,"9":1,"10":1,"13":1,"14":1,"15":1,"18":1,"19":1,"21":1,"25":1,"32":1,"33":1},"branchMap":{},"b":{},"fnMap":{},"f":{}}
,"/Users/macbook/syncrostate/package/src/lib/proxys/object.svelte.ts": {"path":"/Users/macbook/syncrostate/package/src/lib/proxys/object.svelte.ts","all":false,"statementMap":{"0":{"start":{"line":1,"column":0},"end":{"line":1,"column":25}},"9":{"start":{"line":10,"column":0},"end":{"line":10,"column":56}},"10":{"start":{"line":11,"column":0},"end":{"line":11,"column":18}},"13":{"start":{"line":14,"column":0},"end":{"line":14,"column":26}},"14":{"start":{"line":15,"column":0},"end":{"line":15,"column":52}},"15":{"start":{"line":16,"column":0},"end":{"line":16,"column":27}},"17":{"start":{"line":18,"column":0},"end":{"line":18,"column":21}},"22":{"start":{"line":23,"column":0},"end":{"line":23,"column":27}},"23":{"start":{"line":24,"column":0},"end":{"line":24,"column":14}},"24":{"start":{"line":25,"column":0},"end":{"line":25,"column":33}},"25":{"start":{"line":26,"column":0},"end":{"line":26,"column":19}},"26":{"start":{"line":27,"column":0},"end":{"line":27,"column":57}},"27":{"start":{"line":28,"column":0},"end":{"line":28,"column":25}},"28":{"start":{"line":29,"column":0},"end":{"line":29,"column":12}},"29":{"start":{"line":30,"column":0},"end":{"line":30,"column":25}},"30":{"start":{"line":31,"column":0},"end":{"line":31,"column":22}},"31":{"start":{"line":32,"column":0},"end":{"line":32,"column":33}},"33":{"start":{"line":34,"column":0},"end":{"line":34,"column":44}},"34":{"start":{"line":35,"column":0},"end":{"line":35,"column":30}},"35":{"start":{"line":36,"column":0},"end":{"line":36,"column":15}},"38":{"start":{"line":39,"column":0},"end":{"line":39,"column":43}},"39":{"start":{"line":40,"column":0},"end":{"line":40,"column":21}},"40":{"start":{"line":41,"column":0},"end":{"line":41,"column":42}},"41":{"start":{"line":42,"column":0},"end":{"line":42,"column":15}},"42":{"start":{"line":43,"column":0},"end":{"line":43,"column":55}},"43":{"start":{"line":44,"column":0},"end":{"line":44,"column":55}},"44":{"start":{"line":45,"column":0},"end":{"line":45,"column":15}},"46":{"start":{"line":47,"column":0},"end":{"line":47,"column":23}},"47":{"start":{"line":48,"column":0},"end":{"line":48,"column":24}},"48":{"start":{"line":49,"column":0},"end":{"line":49,"column":30}},"49":{"start":{"line":50,"column":0},"end":{"line":50,"column":14}},"52":{"start":{"line":53,"column":0},"end":{"line":53,"column":12}},"53":{"start":{"line":54,"column":0},"end":{"line":54,"column":21}},"54":{"start":{"line":55,"column":0},"end":{"line":55,"column":55}},"57":{"start":{"line":58,"column":0},"end":{"line":58,"column":24}},"58":{"start":{"line":59,"column":0},"end":{"line":59,"column":57}},"60":{"start":{"line":61,"column":0},"end":{"line":61,"column":17}},"61":{"start":{"line":62,"column":0},"end":{"line":62,"column":40}},"65":{"start":{"line":66,"column":0},"end":{"line":66,"column":45}},"67":{"start":{"line":68,"column":0},"end":{"line":68,"column":32}},"68":{"start":{"line":69,"column":0},"end":{"line":69,"column":16}},"69":{"start":{"line":70,"column":0},"end":{"line":70,"column":30}},"70":{"start":{"line":71,"column":0},"end":{"line":71,"column":46}},"72":{"start":{"line":73,"column":0},"end":{"line":73,"column":20}},"75":{"start":{"line":76,"column":0},"end":{"line":76,"column":22}},"76":{"start":{"line":77,"column":0},"end":{"line":77,"column":25}},"77":{"start":{"line":78,"column":0},"end":{"line":78,"column":36}},"79":{"start":{"line":80,"column":0},"end":{"line":80,"column":92}},"80":{"start":{"line":81,"column":0},"end":{"line":81,"column":38}},"81":{"start":{"line":82,"column":0},"end":{"line":82,"column":38}},"82":{"start":{"line":83,"column":0},"end":{"line":83,"column":35}},"83":{"start":{"line":84,"column":0},"end":{"line":84,"column":28}},"85":{"start":{"line":86,"column":0},"end":{"line":86,"column":53}},"86":{"start":{"line":87,"column":0},"end":{"line":87,"column":24}},"87":{"start":{"line":88,"column":0},"end":{"line":88,"column":49}},"88":{"start":{"line":89,"column":0},"end":{"line":89,"column":24}},"89":{"start":{"line":90,"column":0},"end":{"line":90,"column":33}},"91":{"start":{"line":92,"column":0},"end":{"line":92,"column":51}},"92":{"start":{"line":93,"column":0},"end":{"line":93,"column":12}},"93":{"start":{"line":94,"column":0},"end":{"line":94,"column":30}},"94":{"start":{"line":95,"column":0},"end":{"line":95,"column":21}},"95":{"start":{"line":96,"column":0},"end":{"line":96,"column":26}},"96":{"start":{"line":97,"column":0},"end":{"line":97,"column":13}},"105":{"start":{"line":106,"column":0},"end":{"line":106,"column":14}},"106":{"start":{"line":107,"column":0},"end":{"line":107,"column":20}},"107":{"start":{"line":108,"column":0},"end":{"line":108,"column":15}},"109":{"start":{"line":110,"column":0},"end":{"line":110,"column":20}},"111":{"start":{"line":112,"column":0},"end":{"line":112,"column":14}},"112":{"start":{"line":113,"column":0},"end":{"line":113,"column":8}},"113":{"start":{"line":114,"column":0},"end":{"line":114,"column":17}},"114":{"start":{"line":115,"column":0},"end":{"line":115,"column":12}},"115":{"start":{"line":116,"column":0},"end":{"line":116,"column":8}},"116":{"start":{"line":117,"column":0},"end":{"line":117,"column":26}},"117":{"start":{"line":118,"column":0},"end":{"line":118,"column":8}},"118":{"start":{"line":119,"column":0},"end":{"line":119,"column":9}},"119":{"start":{"line":120,"column":0},"end":{"line":120,"column":5}},"130":{"start":{"line":131,"column":0},"end":{"line":131,"column":23}},"131":{"start":{"line":132,"column":0},"end":{"line":132,"column":21}},"132":{"start":{"line":133,"column":0},"end":{"line":133,"column":17}},"133":{"start":{"line":134,"column":0},"end":{"line":134,"column":29}},"134":{"start":{"line":135,"column":0},"end":{"line":135,"column":21}},"135":{"start":{"line":136,"column":0},"end":{"line":136,"column":47}},"137":{"start":{"line":138,"column":0},"end":{"line":138,"column":45}},"139":{"start":{"line":140,"column":0},"end":{"line":140,"column":25}},"142":{"start":{"line":143,"column":0},"end":{"line":143,"column":38}},"143":{"start":{"line":144,"column":0},"end":{"line":144,"column":31}},"144":{"start":{"line":145,"column":0},"end":{"line":145,"column":25}},"146":{"start":{"line":147,"column":0},"end":{"line":147,"column":31}},"147":{"start":{"line":148,"column":0},"end":{"line":148,"column":25}},"150":{"start":{"line":151,"column":0},"end":{"line":151,"column":32}},"151":{"start":{"line":152,"column":0},"end":{"line":152,"column":55}},"154":{"start":{"line":155,"column":0},"end":{"line":155,"column":29}},"155":{"start":{"line":156,"column":0},"end":{"line":156,"column":27}},"158":{"start":{"line":159,"column":0},"end":{"line":159,"column":49}},"160":{"start":{"line":161,"column":0},"end":{"line":161,"column":24}},"161":{"start":{"line":162,"column":0},"end":{"line":162,"column":23}},"163":{"start":{"line":164,"column":0},"end":{"line":164,"column":30}},"165":{"start":{"line":166,"column":0},"end":{"line":166,"column":49}},"166":{"start":{"line":167,"column":0},"end":{"line":167,"column":50}},"167":{"start":{"line":168,"column":0},"end":{"line":168,"column":19}},"169":{"start":{"line":170,"column":0},"end":{"line":170,"column":31}},"170":{"start":{"line":171,"column":0},"end":{"line":171,"column":46}},"173":{"start":{"line":174,"column":0},"end":{"line":174,"column":48}},"174":{"start":{"line":175,"column":0},"end":{"line":175,"column":24}},"175":{"start":{"line":176,"column":0},"end":{"line":176,"column":36}},"176":{"start":{"line":177,"column":0},"end":{"line":177,"column":51}},"177":{"start":{"line":178,"column":0},"end":{"line":178,"column":12}},"178":{"start":{"line":179,"column":0},"end":{"line":179,"column":30}},"179":{"start":{"line":180,"column":0},"end":{"line":180,"column":21}},"180":{"start":{"line":181,"column":0},"end":{"line":181,"column":26}},"181":{"start":{"line":182,"column":0},"end":{"line":182,"column":13}},"185":{"start":{"line":186,"column":0},"end":{"line":186,"column":32}},"187":{"start":{"line":188,"column":0},"end":{"line":188,"column":17}},"190":{"start":{"line":191,"column":0},"end":{"line":191,"column":40}},"192":{"start":{"line":193,"column":0},"end":{"line":193,"column":38}},"193":{"start":{"line":194,"column":0},"end":{"line":194,"column":36}},"194":{"start":{"line":195,"column":0},"end":{"line":195,"column":19}},"196":{"start":{"line":197,"column":0},"end":{"line":197,"column":33}},"199":{"start":{"line":200,"column":0},"end":{"line":200,"column":54}},"200":{"start":{"line":201,"column":0},"end":{"line":201,"column":78}},"202":{"start":{"line":203,"column":0},"end":{"line":203,"column":24}},"203":{"start":{"line":204,"column":0},"end":{"line":204,"column":25}},"207":{"start":{"line":208,"column":0},"end":{"line":208,"column":22}},"210":{"start":{"line":211,"column":0},"end":{"line":211,"column":48}},"213":{"start":{"line":214,"column":0},"end":{"line":214,"column":16}},"214":{"start":{"line":215,"column":0},"end":{"line":215,"column":31}},"215":{"start":{"line":216,"column":0},"end":{"line":216,"column":20}},"218":{"start":{"line":219,"column":0},"end":{"line":219,"column":66}},"219":{"start":{"line":220,"column":0},"end":{"line":220,"column":58}},"220":{"start":{"line":221,"column":0},"end":{"line":221,"column":49}},"221":{"start":{"line":222,"column":0},"end":{"line":222,"column":46}},"222":{"start":{"line":223,"column":0},"end":{"line":223,"column":44}},"223":{"start":{"line":224,"column":0},"end":{"line":224,"column":26}},"224":{"start":{"line":225,"column":0},"end":{"line":225,"column":35}},"226":{"start":{"line":227,"column":0},"end":{"line":227,"column":27}},"228":{"start":{"line":229,"column":0},"end":{"line":229,"column":44}},"229":{"start":{"line":230,"column":0},"end":{"line":230,"column":10}},"230":{"start":{"line":231,"column":0},"end":{"line":231,"column":64}},"231":{"start":{"line":232,"column":0},"end":{"line":232,"column":24}},"232":{"start":{"line":233,"column":0},"end":{"line":233,"column":18}},"235":{"start":{"line":236,"column":0},"end":{"line":236,"column":62}},"238":{"start":{"line":239,"column":0},"end":{"line":239,"column":37}},"239":{"start":{"line":240,"column":0},"end":{"line":240,"column":23}},"245":{"start":{"line":246,"column":0},"end":{"line":246,"column":17}},"246":{"start":{"line":247,"column":0},"end":{"line":247,"column":89}},"247":{"start":{"line":248,"column":0},"end":{"line":248,"column":47}},"248":{"start":{"line":249,"column":0},"end":{"line":249,"column":29}},"249":{"start":{"line":250,"column":0},"end":{"line":250,"column":41}},"251":{"start":{"line":252,"column":0},"end":{"line":252,"column":14}},"255":{"start":{"line":256,"column":0},"end":{"line":256,"column":26}},"256":{"start":{"line":257,"column":0},"end":{"line":257,"column":32}},"257":{"start":{"line":258,"column":0},"end":{"line":258,"column":26}},"258":{"start":{"line":259,"column":0},"end":{"line":259,"column":37}},"259":{"start":{"line":260,"column":0},"end":{"line":260,"column":23}},"262":{"start":{"line":263,"column":0},"end":{"line":263,"column":58}},"263":{"start":{"line":264,"column":0},"end":{"line":264,"column":26}},"264":{"start":{"line":265,"column":0},"end":{"line":265,"column":52}},"265":{"start":{"line":266,"column":0},"end":{"line":266,"column":20}},"269":{"start":{"line":270,"column":0},"end":{"line":270,"column":83}},"270":{"start":{"line":271,"column":0},"end":{"line":271,"column":27}},"271":{"start":{"line":272,"column":0},"end":{"line":272,"column":70}},"275":{"start":{"line":276,"column":0},"end":{"line":276,"column":49}},"276":{"start":{"line":277,"column":0},"end":{"line":277,"column":10}},"277":{"start":{"line":278,"column":0},"end":{"line":278,"column":27}},"278":{"start":{"line":279,"column":0},"end":{"line":279,"column":19}},"279":{"start":{"line":280,"column":0},"end":{"line":280,"column":67}},"280":{"start":{"line":281,"column":0},"end":{"line":281,"column":23}},"287":{"start":{"line":288,"column":0},"end":{"line":288,"column":18}},"288":{"start":{"line":289,"column":0},"end":{"line":289,"column":37}},"289":{"start":{"line":290,"column":0},"end":{"line":290,"column":61}},"290":{"start":{"line":291,"column":0},"end":{"line":291,"column":25}},"292":{"start":{"line":293,"column":0},"end":{"line":293,"column":25}}},"s":{"0":1,"9":1,"10":1,"13":1,"14":1,"15":1,"17":1,"22":1,"23":1,"24":1,"25":1,"26":1,"27":1,"28":1,"29":1,"30":1,"31":1,"33":1,"34":1,"35":1,"38":1,"39":1,"40":0,"41":0,"42":1,"43":1,"44":1,"46":1,"47":1,"48":1,"49":1,"52":1,"53":1,"54":1,"57":1,"58":1,"60":1,"61":1,"65":1,"67":1,"68":1,"69":1,"70":1,"72":1,"75":1,"76":1,"77":1,"79":1,"80":1,"81":1,"82":1,"83":1,"85":1,"86":1,"87":1,"88":1,"89":1,"91":1,"92":1,"93":1,"94":1,"95":1,"96":1,"105":1,"106":1,"107":1,"109":1,"111":1,"112":1,"113":1,"114":1,"115":1,"116":1,"117":1,"118":1,"119":1,"130":1,"131":1,"132":1,"133":1,"134":1,"135":1,"137":1,"139":1,"142":1,"143":1,"144":1,"146":1,"147":1,"150":1,"151":1,"154":1,"155":1,"158":1,"160":1,"161":1,"163":1,"165":1,"166":1,"167":1,"169":1,"170":1,"173":1,"174":1,"175":1,"176":1,"177":1,"178":1,"179":1,"180":1,"181":1,"185":1,"187":1,"190":1,"192":1,"193":1,"194":1,"196":1,"199":1,"200":1,"202":1,"203":1,"207":1,"210":1,"213":1,"214":1,"215":1,"218":1,"219":1,"220":1,"221":1,"222":1,"223":1,"224":1,"226":1,"228":1,"229":1,"230":1,"231":1,"232":1,"235":1,"238":1,"239":1,"245":1,"246":1,"247":1,"248":1,"249":1,"251":1,"255":1,"256":1,"257":1,"258":1,"259":1,"262":1,"263":1,"264":1,"265":1,"269":1,"270":1,"271":1,"275":1,"276":1,"277":1,"278":1,"279":1,"280":1,"287":1,"288":1,"289":1,"290":1,"292":1},"branchMap":{"0":{"type":"branch","line":40,"loc":{"start":{"line":40,"column":7},"end":{"line":43,"column":26}},"locations":[{"start":{"line":40,"column":7},"end":{"line":43,"column":26}}]},"1":{"type":"branch","line":80,"loc":{"start":{"line":80,"column":59},"end":{"line":80,"column":92}},"locations":[{"start":{"line":80,"column":59},"end":{"line":80,"column":92}}]},"2":{"type":"branch","line":201,"loc":{"start":{"line":201,"column":52},"end":{"line":201,"column":78}},"locations":[{"start":{"line":201,"column":52},"end":{"line":201,"column":78}}]},"3":{"type":"branch","line":211,"loc":{"start":{"line":211,"column":4},"end":{"line":211,"column":48}},"locations":[{"start":{"line":211,"column":4},"end":{"line":211,"column":48}}]},"4":{"type":"branch","line":265,"loc":{"start":{"line":265,"column":31},"end":{"line":265,"column":52}},"locations":[{"start":{"line":265,"column":31},"end":{"line":265,"column":52}}]},"5":{"type":"branch","line":280,"loc":{"start":{"line":280,"column":13},"end":{"line":280,"column":29}},"locations":[{"start":{"line":280,"column":13},"end":{"line":280,"column":29}}]},"6":{"type":"branch","line":280,"loc":{"start":{"line":280,"column":24},"end":{"line":280,"column":67}},"locations":[{"start":{"line":280,"column":24},"end":{"line":280,"column":67}}]},"7":{"type":"branch","line":280,"loc":{"start":{"line":280,"column":52},"end":{"line":280,"column":67}},"locations":[{"start":{"line":280,"column":52},"end":{"line":280,"column":67}}]}},"b":{"0":[0],"1":[98],"2":[0],"3":[87],"4":[3],"5":[60],"6":[58],"7":[8]},"fnMap":{"0":{"name":"ownKeys","decl":{"start":{"line":211,"column":4},"end":{"line":211,"column":48}},"loc":{"start":{"line":211,"column":4},"end":{"line":211,"column":48}},"line":211}},"f":{"0":87}}
,"/Users/macbook/syncrostate/package/src/lib/proxys/set.svelte.ts": {"path":"/Users/macbook/syncrostate/package/src/lib/proxys/set.svelte.ts","all":false,"statementMap":{"0":{"start":{"line":1,"column":0},"end":{"line":1,"column":25}},"8":{"start":{"line":9,"column":0},"end":{"line":9,"column":24}},"9":{"start":{"line":10,"column":0},"end":{"line":10,"column":14}},"10":{"start":{"line":11,"column":0},"end":{"line":11,"column":30}},"11":{"start":{"line":12,"column":0},"end":{"line":12,"column":21}},"12":{"start":{"line":13,"column":0},"end":{"line":13,"column":25}},"13":{"start":{"line":14,"column":0},"end":{"line":14,"column":22}},"14":{"start":{"line":15,"column":0},"end":{"line":15,"column":24}},"15":{"start":{"line":16,"column":0},"end":{"line":16,"column":43}},"16":{"start":{"line":17,"column":0},"end":{"line":17,"column":45}},"17":{"start":{"line":18,"column":0},"end":{"line":18,"column":37}},"18":{"start":{"line":19,"column":0},"end":{"line":19,"column":35}},"20":{"start":{"line":21,"column":0},"end":{"line":21,"column":20}},"28":{"start":{"line":29,"column":0},"end":{"line":29,"column":22}},"29":{"start":{"line":30,"column":0},"end":{"line":30,"column":26}},"30":{"start":{"line":31,"column":0},"end":{"line":31,"column":26}},"31":{"start":{"line":32,"column":0},"end":{"line":32,"column":28}},"32":{"start":{"line":33,"column":0},"end":{"line":33,"column":34}},"33":{"start":{"line":34,"column":0},"end":{"line":34,"column":24}},"34":{"start":{"line":35,"column":0},"end":{"line":35,"column":35}},"37":{"start":{"line":38,"column":0},"end":{"line":38,"column":25}},"38":{"start":{"line":39,"column":0},"end":{"line":39,"column":32}},"39":{"start":{"line":40,"column":0},"end":{"line":40,"column":35}},"40":{"start":{"line":41,"column":0},"end":{"line":41,"column":26}},"41":{"start":{"line":42,"column":0},"end":{"line":42,"column":27}},"42":{"start":{"line":43,"column":0},"end":{"line":43,"column":23}},"45":{"start":{"line":46,"column":0},"end":{"line":46,"column":41}},"46":{"start":{"line":47,"column":0},"end":{"line":47,"column":79}},"47":{"start":{"line":48,"column":0},"end":{"line":48,"column":19}},"48":{"start":{"line":49,"column":0},"end":{"line":49,"column":25}},"49":{"start":{"line":50,"column":0},"end":{"line":50,"column":14}},"50":{"start":{"line":51,"column":0},"end":{"line":51,"column":47}},"51":{"start":{"line":52,"column":0},"end":{"line":52,"column":20}},"52":{"start":{"line":53,"column":0},"end":{"line":53,"column":25}},"53":{"start":{"line":54,"column":0},"end":{"line":54,"column":24}},"58":{"start":{"line":59,"column":0},"end":{"line":59,"column":41}},"59":{"start":{"line":60,"column":0},"end":{"line":60,"column":90}},"60":{"start":{"line":61,"column":0},"end":{"line":61,"column":39}},"61":{"start":{"line":62,"column":0},"end":{"line":62,"column":18}},"62":{"start":{"line":63,"column":0},"end":{"line":63,"column":47}},"63":{"start":{"line":64,"column":0},"end":{"line":64,"column":20}},"64":{"start":{"line":65,"column":0},"end":{"line":65,"column":19}},"65":{"start":{"line":66,"column":0},"end":{"line":66,"column":24}},"67":{"start":{"line":68,"column":0},"end":{"line":68,"column":47}},"68":{"start":{"line":69,"column":0},"end":{"line":69,"column":19}},"70":{"start":{"line":71,"column":0},"end":{"line":71,"column":59}},"71":{"start":{"line":72,"column":0},"end":{"line":72,"column":20}},"77":{"start":{"line":78,"column":0},"end":{"line":78,"column":17}},"79":{"start":{"line":80,"column":0},"end":{"line":80,"column":67}},"82":{"start":{"line":83,"column":0},"end":{"line":83,"column":38}},"83":{"start":{"line":84,"column":0},"end":{"line":84,"column":32}},"84":{"start":{"line":85,"column":0},"end":{"line":85,"column":43}},"87":{"start":{"line":88,"column":0},"end":{"line":88,"column":47}},"88":{"start":{"line":89,"column":0},"end":{"line":89,"column":39}},"89":{"start":{"line":90,"column":0},"end":{"line":90,"column":63}},"90":{"start":{"line":91,"column":0},"end":{"line":91,"column":15}},"93":{"start":{"line":94,"column":0},"end":{"line":94,"column":65}},"94":{"start":{"line":95,"column":0},"end":{"line":95,"column":37}},"95":{"start":{"line":96,"column":0},"end":{"line":96,"column":37}},"96":{"start":{"line":97,"column":0},"end":{"line":97,"column":30}},"99":{"start":{"line":100,"column":0},"end":{"line":100,"column":18}},"100":{"start":{"line":101,"column":0},"end":{"line":101,"column":34}},"101":{"start":{"line":102,"column":0},"end":{"line":102,"column":25}},"104":{"start":{"line":105,"column":0},"end":{"line":105,"column":48}},"105":{"start":{"line":106,"column":0},"end":{"line":106,"column":26}},"106":{"start":{"line":107,"column":0},"end":{"line":107,"column":29}},"107":{"start":{"line":108,"column":0},"end":{"line":108,"column":28}},"109":{"start":{"line":110,"column":0},"end":{"line":110,"column":29}},"110":{"start":{"line":111,"column":0},"end":{"line":111,"column":28}},"112":{"start":{"line":113,"column":0},"end":{"line":113,"column":30}},"113":{"start":{"line":114,"column":0},"end":{"line":114,"column":38}},"115":{"start":{"line":116,"column":0},
[...]
tart":{"line":64,"column":0},"end":{"line":64,"column":31}},"64":{"start":{"line":65,"column":0},"end":{"line":65,"column":31}},"65":{"start":{"line":66,"column":0},"end":{"line":66,"column":4}},"66":{"start":{"line":67,"column":0},"end":{"line":67,"column":3}},"68":{"start":{"line":69,"column":0},"end":{"line":69,"column":48}},"69":{"start":{"line":70,"column":0},"end":{"line":70,"column":15}},"70":{"start":{"line":71,"column":0},"end":{"line":71,"column":3}},"72":{"start":{"line":73,"column":0},"end":{"line":73,"column":43}},"73":{"start":{"line":74,"column":0},"end":{"line":74,"column":2}},"75":{"start":{"line":76,"column":0},"end":{"line":76,"column":73}},"76":{"start":{"line":77,"column":0},"end":{"line":77,"column":37}},"77":{"start":{"line":78,"column":0},"end":{"line":78,"column":10}},"78":{"start":{"line":79,"column":0},"end":{"line":79,"column":32}},"79":{"start":{"line":80,"column":0},"end":{"line":80,"column":17}},"80":{"start":{"line":81,"column":0},"end":{"line":81,"column":4}},"81":{"start":{"line":82,"column":0},"end":{"line":82,"column":2}},"82":{"start":{"line":83,"column":0},"end":{"line":83,"column":1}}},"s":{"0":1,"10":1,"14":8,"15":8,"16":8,"17":8,"18":8,"19":8,"20":8,"21":8,"22":8,"23":8,"25":8,"26":4,"27":4,"28":4,"30":8,"31":4,"32":4,"33":4,"35":8,"36":4,"37":4,"38":4,"39":0,"40":0,"41":4,"42":4,"44":8,"45":20,"46":14,"47":14,"49":20,"50":2,"51":2,"53":20,"54":0,"55":0,"57":4,"58":20,"60":8,"61":20,"62":14,"63":14,"64":12,"65":12,"66":14,"68":20,"69":1,"70":1,"72":7,"73":20,"75":8,"76":20,"77":20,"78":20,"79":20,"80":20,"81":20,"82":8},"branchMap":{"0":{"type":"branch","line":11,"loc":{"start":{"line":11,"column":7},"end":{"line":83,"column":1}},"locations":[{"start":{"line":11,"column":7},"end":{"line":83,"column":1}}]},"1":{"type":"branch","line":17,"loc":{"start":{"line":17,"column":1},"end":{"line":24,"column":2}},"locations":[{"start":{"line":17,"column":1},"end":{"line":24,"column":2}}]},"2":{"type":"branch","line":26,"loc":{"start":{"line":26,"column":1},"end":{"line":29,"column":2}},"locations":[{"start":{"line":26,"column":1},"end":{"line":29,"column":2}}]},"3":{"type":"branch","line":31,"loc":{"start":{"line":31,"column":1},"end":{"line":34,"column":2}},"locations":[{"start":{"line":31,"column":1},"end":{"line":34,"column":2}}]},"4":{"type":"branch","line":36,"loc":{"start":{"line":36,"column":1},"end":{"line":43,"column":2}},"locations":[{"start":{"line":36,"column":1},"end":{"line":43,"column":2}}]},"5":{"type":"branch","line":39,"loc":{"start":{"line":39,"column":2},"end":{"line":41,"column":3}},"locations":[{"start":{"line":39,"column":2},"end":{"line":41,"column":3}}]},"6":{"type":"branch","line":45,"loc":{"start":{"line":45,"column":11},"end":{"line":59,"column":3}},"locations":[{"start":{"line":45,"column":11},"end":{"line":59,"column":3}}]},"7":{"type":"branch","line":46,"loc":{"start":{"line":46,"column":28},"end":{"line":48,"column":3}},"locations":[{"start":{"line":46,"column":28},"end":{"line":48,"column":3}}]},"8":{"type":"branch","line":48,"loc":{"start":{"line":48,"column":2},"end":{"line":50,"column":22}},"locations":[{"start":{"line":48,"column":2},"end":{"line":50,"column":22}}]},"9":{"type":"branch","line":50,"loc":{"start":{"line":50,"column":22},"end":{"line":52,"column":3}},"locations":[{"start":{"line":50,"column":22},"end":{"line":52,"column":3}}]},"10":{"type":"branch","line":52,"loc":{"start":{"line":52,"column":2},"end":{"line":54,"column":27}},"locations":[{"start":{"line":52,"column":2},"end":{"line":54,"column":27}}]},"11":{"type":"branch","line":54,"loc":{"start":{"line":54,"column":27},"end":{"line":56,"column":3}},"locations":[{"start":{"line":54,"column":27},"end":{"line":56,"column":3}}]},"12":{"type":"branch","line":56,"loc":{"start":{"line":56,"column":2},"end":{"line":58,"column":15}},"locations":[{"start":{"line":56,"column":2},"end":{"line":58,"column":15}}]},"13":{"type":"branch","line":47,"loc":{"start":{"line":47,"column":34},"end":{"line":47,"column":76}},"locations":[{"start":{"line":47,"column":34},"end":{"line":47,"column":76}}]},"14":{"type":"branch","line":61,"loc":{"start":{"line":61,"column":1},"end":{"line":74,"column":2}},"locations":[{"start":{"line":61,"column":1},"end":{"line":74,"column":2}}]},"15":{"type":"branch","line":62,"loc":{"start":{"line":62,"column":28},"end":{"line":67,"column":3}},"locations":[{"start":{"line":62,"column":28},"end":{"line":67,"column":3}}]},"16":{"type":"branch","line":64,"loc":{"start":{"line":64,"column":30},"end":{"line":66,"column":4}},"locations":[{"start":{"line":64,"column":30},"end":{"line":66,"column":4}}]},"17":{"type":"branch","line":67,"loc":{"start":{"line":67,"column":2},"end":{"line":69,"column":24}},"locations":[{"start":{"line":67,"column":2},"end":{"line":69,"column":24}}]},"18":{"type":"branch","line":69,"loc":{"start":{"line":69,"column":16},"end":{"line":69,"column":47}},"locations":[{"start":{"line":69,"column":16},"end":{"line":69,"column":47}}]},"19":{"type":"branch","line":69,"loc":{"start":{"line":69,"column":47},"end":{"line":71,"column":3}},"locations":[{"start":{"line":69,"column":47},"end":{"line":71,"column":3}}]},"20":{"type":"branch","line":71,"loc":{"start":{"line":71,"column":2},"end":{"line":73,"column":43}},"locations":[{"start":{"line":71,"column":2},"end":{"line":73,"column":43}}]},"21":{"type":"branch","line":63,"loc":{"start":{"line":63,"column":47},"end":{"line":63,"column":89}},"locations":[{"start":{"line":63,"column":47},"end":{"line":63,"column":89}}]},"22":{"type":"branch","line":76,"loc":{"start":{"line":76,"column":1},"end":{"line":82,"column":2}},"locations":[{"start":{"line":76,"column":1},"end":{"line":82,"column":2}}]}},"b":{"0":[8],"1":[8],"2":[4],"3":[4],"4":[4],"5":[0],"6":[20],"7":[14],"8":[6],"9":[2],"10":[4],"11":[0],"12":[4],"13":[16],"14":[20],"15":[14],"16":[12],"17":[8],"18":[2],"19":[1],"20":[7],"21":[20],"22":[20]},"fnMap":{"0":{"name":"<instance_members_initializer>","decl":{"start":{"line":11,"column":7},"end":{"line":83,"column":1}},"loc":{"start":{"line":11,"column":7},"end":{"line":83,"column":1}},"line":11},"1":{"name":"SetValidator","decl":{"start":{"line":17,"column":1},"end":{"line":24,"column":2}},"loc":{"start":{"line":17,"column":1},"end":{"line":24,"column":2}},"line":17},"2":{"name":"optional","decl":{"start":{"line":26,"column":1},"end":{"line":29,"column":2}},"loc":{"start":{"line":26,"column":1},"end":{"line":29,"column":2}},"line":26},"3":{"name":"nullable","decl":{"start":{"line":31,"column":1},"end":{"line":34,"column":2}},"loc":{"start":{"line":31,"column":1},"end":{"line":34,"column":2}},"line":31},"4":{"name":"default","decl":{"start":{"line":36,"column":1},"end":{"line":43,"column":2}},"loc":{"start":{"line":36,"column":1},"end":{"line":43,"column":2}},"line":36},"5":{"name":"isValid","decl":{"start":{"line":45,"column":11},"end":{"line":59,"column":3}},"loc":{"start":{"line":45,"column":11},"end":{"line":59,"column":3}},"line":45},"6":{"name":"coerce","decl":{"start":{"line":61,"column":1},"end":{"line":74,"column":2}},"loc":{"start":{"line":61,"column":1},"end":{"line":74,"column":2}},"line":61},"7":{"name":"parse","decl":{"start":{"line":76,"column":1},"end":{"line":82,"column":2}},"loc":{"start":{"line":76,"column":1},"end":{"line":82,"column":2}},"line":76}},"f":{"0":8,"1":8,"2":4,"3":4,"4":4,"5":20,"6":20,"7":20}}
,"/Users/macbook/syncrostate/package/src/lib/schemas/string.ts": {"path":"/Users/macbook/syncrostate/package/src/lib/schemas/string.ts","all":false,"statementMap":{"0":{"start":{"line":1,"column":0},"end":{"line":1,"column":39}},"10":{"start":{"line":11,"column":0},"end":{"line":11,"column":29}},"13":{"start":{"line":14,"column":0},"end":{"line":14,"column":45}},"14":{"start":{"line":15,"column":0},"end":{"line":15,"column":16}},"15":{"start":{"line":16,"column":0},"end":{"line":16,"column":62}},"16":{"start":{"line":17,"column":0},"end":{"line":17,"column":2}},"18":{"start":{"line":19,"column":0},"end":{"line":19,"column":44}},"19":{"start":{"line":20,"column":0},"end":{"line":20,"column":38}},"20":{"start":{"line":21,"column":0},"end":{"line":21,"column":2}},"22":{"start":{"line":23,"column":0},"end":{"line":23,"column":22}},"23":{"start":{"line":24,"column":0},"end":{"line":24,"column":28}},"24":{"start":{"line":25,"column":0},"end":{"line":25,"column":39}},"25":{"start":{"line":26,"column":0},"end":{"line":26,"column":2}},"27":{"start":{"line":28,"column":0},"end":{"line":28,"column":22}},"28":{"start":{"line":29,"column":0},"end":{"line":29,"column":28}},"29":{"start":{"line":30,"column":0},"end":{"line":30,"column":39}},"30":{"start":{"line":31,"column":0},"end":{"line":31,"column":2}},"32":{"start":{"line":33,"column":0},"end":{"line":33,"column":25}},"33":{"start":{"line":34,"column":0},"end":{"line":34,"column":31}},"34":{"start":{"line":35,"column":0},"end":{"line":35,"column":39}},"35":{"start":{"line":36,"column":0},"end":{"line":36,"column":2}},"37":{"start":{"line":38,"column":0},"end":{"line":38,"column":28}},"38":{"start":{"line":39,"column":0},"end":{"line":39,"column":34}},"39":{"start":{"line":40,"column":0},"end":{"line":40,"column":73}},"40":{"start":{"line":41,"column":0},"end":{"line":41,"column":73}},"41":{"start":{"line":42,"column":0},"end":{"line":42,"column":79}},"42":{"start":{"line":43,"column":0},"end":{"line":43,"column":15}},"43":{"start":{"line":44,"column":0},"end":{"line":44,"column":3}},"44":{"start":{"line":45,"column":0},"end":{"line":45,"column":41}},"45":{"start":{"line":46,"column":0},"end":{"line":46,"column":32}},"46":{"start":{"line":47,"column":0},"end":{"line":47,"column":3}},"47":{"start":{"line":48,"column":0},"end":{"line":48,"column":28}},"48":{"start":{"line":49,"column":0},"end":{"line":49,"column":32}},"49":{"start":{"line":50,"column":0},"end":{"line":50,"column":3}},"50":{"start":{"line":51,"column":0},"end":{"line":51,"column":15}},"51":{"start":{"line":52,"column":0},"end":{"line":52,"column":3}},"53":{"start":{"line":54,"column":0},"end":{"line":54,"column":74}},"54":{"start":{"line":55,"column":0},"end":{"line":55,"column":37}},"55":{"start":{"line":56,"column":0},"end":{"line":56,"column":10}},"56":{"start":{"line":57,"column":0},"end":{"line":57,"column":34}},"57":{"start":{"line":58,"column":0},"end":{"line":58,"column":17}},"58":{"start":{"line":59,"column":0},"end":{"line":59,"column":4}},"59":{"start":{"line":60,"column":0},"end":{"line":60,"column":2}},"61":{"start":{"line":62,"column":0},"end":{"line":62,"column":46}},"62":{"start":{"line":63,"column":0},"end":{"line":63,"column":41}},"63":{"start":{"line":64,"column":0},"end":{"line":64,"column":31}},"64":{"start":{"line":65,"column":0},"end":{"line":65,"column":16}},"65":{"start":{"line":66,"column":0},"end":{"line":66,"column":11}},"66":{"start":{"line":67,"column":0},"end":{"line":67,"column":29}},"67":{"start":{"line":68,"column":0},"end":{"line":68,"column":4}},"68":{"start":{"line":69,"column":0},"end":{"line":69,"column":3}},"69":{"start":{"line":70,"column":0},"end":{"line":70,"column":28}},"71":{"start":{"line":72,"column":0},"end":{"line":72,"column":59}},"72":{"start":{"line":73,"column":0},"end":{"line":73,"column":3}},"74":{"start":{"line":75,"column":0},"end":{"line":75,"column":34}},"75":{"start":{"line":76,"column":0},"end":{"line":76,"column":16}},"76":{"start":{"line":77,"column":0},"end":{"line":77,"column":3}},"77":{"start":{"line":78,"column":0},"end":{"line":78,"column":58}},"78":{"start":{"line":79,"column":0},"end":{"line":79,"column":2}},"80":{"start":{"line":81,"column":0},"end":{"line":81,"column":30}},"81":{"start":{"line":82,"column":0},"end":{"line":82,"column":34}},"82":{"start":{"line":83,"column":0},"end":{"line":83,"column":16}},"83":{"start":{"line":84,"column":0},"end":{"line":84,"column":10}},"84":{"start":{"line":85,"column":0},"end":{"line":85,"column":31}},"85":{"start":{"line":86,"column":0},"end":{"line":86,"column":16}},"86":{"start":{"line":87,"column":0},"end":{"line":87,"column":11}},"87":{"start":{"line":88,"column":0},"end":{"line":88,"column":37}},"88":{"start":{"line":89,"column":0},"end":{"line":89,"column":4}},"89":{"start":{"line":90,"column":0},"end":{"line":90,"column":3}},"90":{"start":{"line":91,"column":0},"end":{"line":91,"column":3}},"91":{"start":{"line":92,"column":0},"end":{"line":92,"column":1}}},"s":{"0":1,"10":1,"13":32,"14":32,"15":32,"16":32,"18":32,"19":8,"20":8,"22":32,"23":0,"24":0,"25":0,"27":32,"28":0,"29":0,"30":0,"32":32,"33":0,"34":0,"35":0,"37":32,"38":500,"39":425,"40":425,"41":425,"42":425,"43":425,"44":500,"45":8,"46":8,"47":500,"48":3,"49":3,"50":64,"51":500,"53":32,"54":0,"55":0,"56":0,"57":0,"58":0,"59":0,"61":32,"62":121,"63":0,"64":0,"65":0,"66":0,"67":0,"68":0,"69":121,"71":0,"72":0,"74":121,"75":113,"76":113,"77":121,"78":121,"80":32,"81":225,"82":221,"83":225,"84":4,"85":4,"86":4,"87":0,"88":0,"89":4,"90":225,"91":32},"branchMap":{"0":{"type":"branch","line":11,"loc":{"start":{"line":11,"column":7},"end":{"line":92,"column":1}},"locations":[{"start":{"line":11,"column":7},"end":{"line":92,"column":1}}]},"1":{"type":"branch","line":15,"loc":{"start":{"line":15,"column":1},"end":{"line":17,"column":2}},"locations":[{"start":{"line":15,"column":1},"end":{"line":17,"column":2}}]},"2":{"type":"branch","line":19,"loc":{"start":{"line":19,"column":1},"end":{"line":21,"column":2}},"locations":[{"start":{"line":19,"column":1},"end":{"line":21,"column":2}}]},"3":{"type":"branch","line":38,"loc":{"start":{"line":38,"column":11},"end":{"line":52,"column":3}},"locations":[{"start":{"line":38,"column":11},"end":{"line":52,"column":3}}]},"4":{"type":"branch","line":39,"loc":{"start":{"line":39,"column":33},"end":{"line":44,"column":3}},"locations":[{"start":{"line":39,"column":33},"end":{"line":44,"column":3}}]},"5":{"type":"branch","line":40,"loc":{"start":{"line":40,"column":20},"end":{"line":40,"column":60}},"locations":[{"start":{"line":40,"column":20},"end":{"line":40,"column":60}}]},"6":{"type":"branch","line":40,"loc":{"start":{"line":40,"column":60},"end":{"line":40,"column":73}},"locations":[{"start":{"line":40,"column":60},"end":{"line":40,"column":73}}]},"7":{"type":"branch","line":41,"loc":{"start":{"line":41,"column":20},"end":{"line":41,"column":60}},"locations":[{"start":{"line":41,"column":20},"end":{"line":41,"column":60}}]},"8":{"type":"branch","line":41,"loc":{"start":{"line":41,"column":60},"end":{"line":41,"column":73}},"locations":[{"start":{"line":41,"column":60},"end":{"line":41,"column":73}}]},"9":{"type":"branch","line":42,"loc":{"start":{"line":42,"column":20},"end":{"line":42,"column":66}},"locations":[{"start":{"line":42,"column":20},"end":{"line":42,"column":66}}]},"10":{"type":"branch","line":42,"loc":{"start":{"line":42,"column":66},"end":{"line":42,"column":79}},"locations":[{"start":{"line":42,"column":66},"end":{"line":42,"column":79}}]},"11":{"type":"branch","line":44,"loc":{"start":{"line":44,"column":2},"end":{"line":45,"column":40}},"locations":[{"start":{"line":44,"column":2},"end":{"line":45,"column":40}}]},"12":{"type":"branch","line":45,"loc":{"start":{"line":45,"column":40},"end":{"line":47,"column":3}},"locations":[{"start":{"line":45,"column":40},"end":{"line":47,"column":3}}]},"13":{"type":"branch","line":47,"loc":{"start":{"line":47,"column":2},"end":{"line":48,"column":27}},"locations":[{"start":{"line":47,"column":2},"end":{"line":48,"column":27}}]},"14":{"type":"branch","line":48,"loc":{"start":{"line":48,"column":27},"end":{"line":50,"column":3}},"locations":[{"start":{"line":48,"column":27},"end":{"line":50,"column":3}}]},"15":{"type":"branch","line":50,"loc":{"start":{"line":50,"column":2},"end":{"line":51,"column":15}},"locations":[{"start":{"line":50,"column":2},"end":{"line":51,"column":15}}]},"16":{"type":"branch","line":62,"loc":{"start":{"line":62,"column":1},"end":{"line":79,"column":2}},"locations":[{"start":{"line":62,"column":1},"end":{"line":79,"column":2}}]},"17":{"type":"branch","line":63,"loc":{"start":{"line":63,"column":40},"end":{"line":69,"column":3}},"locations":[{"start":{"line":63,"column":40},"end":{"line":69,"column":3}}]},"18":{"type":"branch","line":70,"loc":{"start":{"line":70,"column":27},"end":{"line":73,"column":3}},"locations":[{"start":{"line":70,"column":27},"end":{"line":73,"column":3}}]},"19":{"type":"branch","line":75,"loc":{"start":{"line":75,"column":33},"end":{"line":77,"column":3}},"locations":[{"start":{"line":75,"column":33},"end":{"line":77,"column":3}}]},"20":{"type":"branch","line":77,"loc":{"start":{"line":77,"column":2},"end":{"line":78,"column":40}},"locations":[{"start":{"line":77,"column":2},"end":{"line":78,"column":40}}]},"21":{"type":"branch","line":77,"loc":{"start":{"line":77,"column":2},"end":{"line":78,"column":33}},"locations":[{"start":{"line":77,"column":2},"end":{"line":78,"column":33}}]},"22":{"type":"branch","line":78,"loc":{"start":{"line":78,"column":22},"end":{"line":78,"column":40}},"locations":[{"start":{"line":78,"column":22},"end":{"line":78,"column":40}}]},"23":{"type":"branch","line":78,"loc":{"start":{"line":78,"column":33},"end":{"line":78,"column":58}},"locations":[{"start":{"line":78,"column":33},"end":{"line":78,"column":58}}]},"24":{"type":"branch","line":81,"loc":{"start":{"line":81,"column":13},"end":{"line":91,"column":3}},"locations":[{"start":{"line":81,"column":13},"end":{"line":91,"column":3}}]},"25":{"type":"branch","line":82,"loc":{"start":{"line":82,"column":33},"end":{"line":84,"column":9}},"locations":[{"start":{"line":82,"column":33},"end":{"line":84,"column":9}}]},"26":{"type":"branch","line":84,"loc":{"start":{"line":84,"column":2},"end":{"line":90,"column":3}},"locations":[{"start":{"line":84,"column":2},"end":{"line":90,"column":3}}]},"27":{"type":"branch","line":87,"loc":{"start":{"line":87,"column":3},"end":{"line":89,"column":4}},"locations":[{"start":{"line":87,"column":3},"end":{"line":89,"column":4}}]}},"b":{"0":[32],"1":[32],"2":[8],"3":[500],"4":[425],"5":[0],"6":[0],"7":[0],"8":[0],"9":[0],"10":[0],"11":[75],"12":[8],"13":[67],"14":[3],"15":[64],"16":[121],"17":[0],"18":[0],"19":[113],"20":[58],"21":[8],"22":[0],"23":[8],"24":[225],"25":[221],"26":[4],"27":[0]},"fnMap":{"0":{"name":"<instance_members_initializer>","decl":{"start":{"line":11,"column":7},"end":{"line":92,"column":1}},"loc":{"start":{"line":11,"column":7},"end":{"line":92,"column":1}},"line":11},"1":{"name":"StringValidator","decl":{"start":{"line":15,"column":1},"end":{"line":17,"column":2}},"loc":{"start":{"line":15,"column":1},"end":{"line":17,"column":2}},"line":15},"2":{"name":"get defaultValue","decl":{"start":{"line":19,"column":1},"end":{"line":21,"column":2}},"loc":{"start":{"line":19,"column":1},"end":{"line":21,"column":2}},"line":19},"3":{"name":"min","decl":{"start":{"line":23,"column":1},"end":{"line":26,"column":2}},"loc":{"start":{"line":23,"column":1},"end":{"line":26,"column":2}},"line":23},"4":{"name":"max","decl":{"start":{"line":28,"column":1},"end":{"line":31,"column":2}},"loc":{"start":{"line":28,"column":1},"end":{"line":31,"column":2}},"line":28},"5":{"name":"pattern","decl":{"start":{"line":33,"column":1},"end":{"line":36,"column":2}},"loc":{"start":{"line":33,"column":1},"end":{"line":36,"column":2}},"line":33},"6":{"name":"isValid","decl":{"start":{"line":38,"column":11},"end":{"line":52,"column":3}},"loc":{"start":{"line":38,"column":11},"end":{"line":52,"column":3}},"line":38},"7":{"name":"parse","decl":{"start":{"line":54,"column":1},"end":{"line":60,"column":2}},"loc":{"start":{"line":54,"column":1},"end":{"line":60,"column":2}},"line":54},"8":{"name":"coerce","decl":{"start":{"line":62,"column":1},"end":{"line":79,"column":2}},"loc":{"start":{"line":62,"column":1},"end":{"line":79,"column":2}},"line":62},"9":{"name":"stringify","decl":{"start":{"line":81,"column":13},"end":{"line":91,"column":3}},"loc":{"start":{"line":81,"column":13},"end":{"line":91,"column":3}},"line":81}},"f":{"0":32,"1":32,"2":8,"3":0,"4":0,"5":0,"6":500,"7":0,"8":121,"9":225}}
}
